read in 0th file: /star/u/wangzhen/data01/QA/54GeV/SL18c/rootfiles_PicoDst_all/93D3BCA3181D27A2BCDAADD7B7997919_624.root
read in 1th file: /star/u/wangzhen/data01/QA/54GeV/SL18c/rootfiles_PicoDst_all/93D3BCA3181D27A2BCDAADD7B7997919_625.root
read in 2th file: /star/u/wangzhen/data01/QA/54GeV/SL18c/rootfiles_PicoDst_all/93D3BCA3181D27A2BCDAADD7B7997919_626.root
read in 3th file: /star/u/wangzhen/data01/QA/54GeV/SL18c/rootfiles_PicoDst_all/93D3BCA3181D27A2BCDAADD7B7997919_627.root
read in 4th file: /star/u/wangzhen/data01/QA/54GeV/SL18c/rootfiles_PicoDst_all/93D3BCA3181D27A2BCDAADD7B7997919_628.root
read in 5th file: /star/u/wangzhen/data01/QA/54GeV/SL18c/rootfiles_PicoDst_all/93D3BCA3181D27A2BCDAADD7B7997919_629.root
read in 6th file: /star/u/wangzhen/data01/QA/54GeV/SL18c/rootfiles_PicoDst_all/93D3BCA3181D27A2BCDAADD7B7997919_62.root
read in 7th file: /star/u/wangzhen/data01/QA/54GeV/SL18c/rootfiles_PicoDst_all/93D3BCA3181D27A2BCDAADD7B7997919_630.root
read in 8th file: /star/u/wangzhen/data01/QA/54GeV/SL18c/rootfiles_PicoDst_all/93D3BCA3181D27A2BCDAADD7B7997919_631.root
read in 9th file: /star/u/wangzhen/data01/QA/54GeV/SL18c/rootfiles_PicoDst_all/93D3BCA3181D27A2BCDAADD7B7997919_632.root
read in 10th file: /star/u/wangzhen/data01/QA/54GeV/SL18c/rootfiles_PicoDst_all/93D3BCA3181D27A2BCDAADD7B7997919_633.root
read in 11th file: /star/u/wangzhen/data01/QA/54GeV/SL18c/rootfiles_PicoDst_all/93D3BCA3181D27A2BCDAADD7B7997919_634.root
read in 12th file: /star/u/wangzhen/data01/QA/54GeV/SL18c/rootfiles_PicoDst_all/93D3BCA3181D27A2BCDAADD7B7997919_635.root
read in 13th file: /star/u/wangzhen/data01/QA/54GeV/SL18c/rootfiles_PicoDst_all/93D3BCA3181D27A2BCDAADD7B7997919_636.root
read in 14th file: /star/u/wangzhen/data01/QA/54GeV/SL18c/rootfiles_PicoDst_all/93D3BCA3181D27A2BCDAADD7B7997919_637.root
read in 15th file: /star/u/wangzhen/data01/QA/54GeV/SL18c/rootfiles_PicoDst_all/93D3BCA3181D27A2BCDAADD7B7997919_638.root
read in 16th file: /star/u/wangzhen/data01/QA/54GeV/SL18c/rootfiles_PicoDst_all/93D3BCA3181D27A2BCDAADD7B7997919_639.root
read in 17th file: /star/u/wangzhen/data01/QA/54GeV/SL18c/rootfiles_PicoDst_all/93D3BCA3181D27A2BCDAADD7B7997919_63.root
read in 18th file: /star/u/wangzhen/data01/QA/54GeV/SL18c/rootfiles_PicoDst_all/93D3BCA3181D27A2BCDAADD7B7997919_640.root
read in 19th file: /star/u/wangzhen/data01/QA/54GeV/SL18c/rootfiles_PicoDst_all/93D3BCA3181D27A2BCDAADD7B7997919_641.root
read in 20th file: /star/u/wangzhen/data01/QA/54GeV/SL18c/rootfiles_PicoDst_all/93D3BCA3181D27A2BCDAADD7B7997919_642.root
read in 21th file: /star/u/wangzhen/data01/QA/54GeV/SL18c/rootfiles_PicoDst_all/93D3BCA3181D27A2BCDAADD7B7997919_643.root
read in 22th file: /star/u/wangzhen/data01/QA/54GeV/SL18c/rootfiles_PicoDst_all/93D3BCA3181D27A2BCDAADD7B7997919_644.root
read in 23th file: /star/u/wangzhen/data01/QA/54GeV/SL18c/rootfiles_PicoDst_all/93D3BCA3181D27A2BCDAADD7B7997919_645.root
read in 24th file: /star/u/wangzhen/data01/QA/54GeV/SL18c/rootfiles_PicoDst_all/93D3BCA3181D27A2BCDAADD7B7997919_646.root
read in 25th file: /star/u/wangzhen/data01/QA/54GeV/SL18c/rootfiles_PicoDst_all/93D3BCA3181D27A2BCDAADD7B7997919_647.root
read in 26th file: /star/u/wangzhen/data01/QA/54GeV/SL18c/rootfiles_PicoDst_all/93D3BCA3181D27A2BCDAADD7B7997919_648.root
read in 27th file: /star/u/wangzhen/data01/QA/54GeV/SL18c/rootfiles_PicoDst_all/93D3BCA3181D27A2BCDAADD7B7997919_649.root
read in 28th file: /star/u/wangzhen/data01/QA/54GeV/SL18c/rootfiles_PicoDst_all/93D3BCA3181D27A2BCDAADD7B7997919_64.root
read in 29th file: /star/u/wangzhen/data01/QA/54GeV/SL18c/rootfiles_PicoDst_all/93D3BCA3181D27A2BCDAADD7B7997919_650.root
read in 30th file: /star/u/wangzhen/data01/QA/54GeV/SL18c/rootfiles_PicoDst_all/93D3BCA3181D27A2BCDAADD7B7997919_651.root
read in 31th file: /star/u/wangzhen/data01/QA/54GeV/SL18c/rootfiles_PicoDst_all/93D3BCA3181D27A2BCDAADD7B7997919_652.root
read in 32th file: /star/u/wangzhen/data01/QA/54GeV/SL18c/rootfiles_PicoDst_all/93D3BCA3181D27A2BCDAADD7B7997919_653.root
read in 33th file: /star/u/wangzhen/data01/QA/54GeV/SL18c/rootfiles_PicoDst_all/93D3BCA3181D27A2BCDAADD7B7997919_654.root
read in 34th file: /star/u/wangzhen/data01/QA/54GeV/SL18c/rootfiles_PicoDst_all/93D3BCA3181D27A2BCDAADD7B7997919_655.root
read in 35th file: /star/u/wangzhen/data01/QA/54GeV/SL18c/rootfiles_PicoDst_all/93D3BCA3181D27A2BCDAADD7B7997919_656.root
read in 36th file: /star/u/wangzhen/data01/QA/54GeV/SL18c/rootfiles_PicoDst_all/93D3BCA3181D27A2BCDAADD7B7997919_657.root
read in 37th file: /star/u/wangzhen/data01/QA/54GeV/SL18c/rootfiles_PicoDst_all/93D3BCA3181D27A2BCDAADD7B7997919_658.root
read in 38th file: /star/u/wangzhen/data01/QA/54GeV/SL18c/rootfiles_PicoDst_all/93D3BCA3181D27A2BCDAADD7B7997919_659.root
read in 39th file: /star/u/wangzhen/data01/QA/54GeV/SL18c/rootfiles_PicoDst_all/93D3BCA3181D27A2BCDAADD7B7997919_65.root
read in 40th file: /star/u/wangzhen/data01/QA/54GeV/SL18c/rootfiles_PicoDst_all/93D3BCA3181D27A2BCDAADD7B7997919_660.root
read in 41th file: /star/u/wangzhen/data01/QA/54GeV/SL18c/rootfiles_PicoDst_all/93D3BCA3181D27A2BCDAADD7B7997919_661.root
read in 42th file: /star/u/wangzhen/data01/QA/54GeV/SL18c/rootfiles_PicoDst_all/93D3BCA3181D27A2BCDAADD7B7997919_662.root
read in 43th file: /star/u/wangzhen/data01/QA/54GeV/SL18c/rootfiles_PicoDst_all/93D3BCA3181D27A2BCDAADD7B7997919_663.root
read in 44th file: /star/u/wangzhen/data01/QA/54GeV/SL18c/rootfiles_PicoDst_all/93D3BCA3181D27A2BCDAADD7B7997919_664.root
read in 45th file: /star/u/wangzhen/data01/QA/54GeV/SL18c/rootfiles_PicoDst_all/93D3BCA3181D27A2BCDAADD7B7997919_665.root
read in 46th file: /star/u/wangzhen/data01/QA/54GeV/SL18c/rootfiles_PicoDst_all/93D3BCA3181D27A2BCDAADD7B7997919_666.root
read in 47th file: /star/u/wangzhen/data01/QA/54GeV/SL18c/rootfiles_PicoDst_all/93D3BCA3181D27A2BCDAADD7B7997919_667.root
read in 48th file: /star/u/wangzhen/data01/QA/54GeV/SL18c/rootfiles_PicoDst_all/93D3BCA3181D27A2BCDAADD7B7997919_668.root
read in 49th file: /star/u/wangzhen/data01/QA/54GeV/SL18c/rootfiles_PicoDst_all/93D3BCA3181D27A2BCDAADD7B7997919_669.root
read in 50th file: /star/u/wangzhen/data01/QA/54GeV/SL18c/rootfiles_PicoDst_all/93D3BCA3181D27A2BCDAADD7B7997919_66.root
read in 51th file: /star/u/wangzhen/data01/QA/54GeV/SL18c/rootfiles_PicoDst_all/93D3BCA3181D27A2BCDAADD7B7997919_670.root
read in 52th file: /star/u/wangzhen/data01/QA/54GeV/SL18c/rootfiles_PicoDst_all/93D3BCA3181D27A2BCDAADD7B7997919_671.root
read in 53th file: /star/u/wangzhen/data01/QA/54GeV/SL18c/rootfiles_PicoDst_all/93D3BCA3181D27A2BCDAADD7B7997919_672.root
read in 54th file: /star/u/wangzhen/data01/QA/54GeV/SL18c/rootfiles_PicoDst_all/93D3BCA3181D27A2BCDAADD7B7997919_673.root
read in 55th file: /star/u/wangzhen/data01/QA/54GeV/SL18c/rootfiles_PicoDst_all/93D3BCA3181D27A2BCDAADD7B7997919_674.root
read in 56th file: /star/u/wangzhen/data01/QA/54GeV/SL18c/rootfiles_PicoDst_all/93D3BCA3181D27A2BCDAADD7B7997919_675.root
read in 57th file: /star/u/wangzhen/data01/QA/54GeV/SL18c/rootfiles_PicoDst_all/93D3BCA3181D27A2BCDAADD7B7997919_676.root
read in 58th file: /star/u/wangzhen/data01/QA/54GeV/SL18c/rootfiles_PicoDst_all/93D3BCA3181D27A2BCDAADD7B7997919_677.root
read in 59th file: /star/u/wangzhen/data01/QA/54GeV/SL18c/rootfiles_PicoDst_all/93D3BCA3181D27A2BCDAADD7B7997919_678.root
read in 60th file: /star/u/wangzhen/data01/QA/54GeV/SL18c/rootfiles_PicoDst_all/93D3BCA3181D27A2BCDAADD7B7997919_679.root
read in 61th file: /star/u/wangzhen/data01/QA/54GeV/SL18c/rootfiles_PicoDst_all/93D3BCA3181D27A2BCDAADD7B7997919_67.root
read in 62th file: /star/u/wangzhen/data01/QA/54GeV/SL18c/rootfiles_PicoDst_all/93D3BCA3181D27A2BCDAADD7B7997919_680.root
read in 63th file: /star/u/wangzhen/data01/QA/54GeV/SL18c/rootfiles_PicoDst_all/93D3BCA3181D27A2BCDAADD7B7997919_681.root
read in 64th file: /star/u/wangzhen/data01/QA/54GeV/SL18c/rootfiles_PicoDst_all/93D3BCA3181D27A2BCDAADD7B7997919_682.root
read in 65th file: /star/u/wangzhen/data01/QA/54GeV/SL18c/rootfiles_PicoDst_all/93D3BCA3181D27A2BCDAADD7B7997919_683.root
read in 66th file: /star/u/wangzhen/data01/QA/54GeV/SL18c/rootfiles_PicoDst_all/93D3BCA3181D27A2BCDAADD7B7997919_684.root
read in 67th file: /star/u/wangzhen/data01/QA/54GeV/SL18c/rootfiles_PicoDst_all/93D3BCA3181D27A2BCDAADD7B7997919_685.root
read in 68th file: /star/u/wangzhen/data01/QA/54GeV/SL18c/rootfiles_PicoDst_all/93D3BCA3181D27A2BCDAADD7B7997919_686.root
read in 69th file: /star/u/wangzhen/data01/QA/54GeV/SL18c/rootfiles_PicoDst_all/93D3BCA3181D27A2BCDAADD7B7997919_687.root
read in 70th file: /star/u/wangzhen/data01/QA/54GeV/SL18c/rootfiles_PicoDst_all/93D3BCA3181D27A2BCDAADD7B7997919_688.root
read in 71th file: /star/u/wangzhen/data01/QA/54GeV/SL18c/rootfiles_PicoDst_all/93D3BCA3181D27A2BCDAADD7B7997919_689.root
read in 72th file: /star/u/wangzhen/data01/QA/54GeV/SL18c/rootfiles_PicoDst_all/93D3BCA3181D27A2BCDAADD7B7997919_68.root
read in 73th file: /star/u/wangzhen/data01/QA/54GeV/SL18c/rootfiles_PicoDst_all/93D3BCA3181D27A2BCDAADD7B7997919_690.root
read in 74th file: /star/u/wangzhen/data01/QA/54GeV/SL18c/rootfiles_PicoDst_all/93D3BCA3181D27A2BCDAADD7B7997919_691.root
read in 75th file: /star/u/wangzhen/data01/QA/54GeV/SL18c/rootfiles_PicoDst_all/93D3BCA3181D27A2BCDAADD7B7997919_692.root
read in 76th file: /star/u/wangzhen/data01/QA/54GeV/SL18c/rootfiles_PicoDst_all/93D3BCA3181D27A2BCDAADD7B7997919_693.root
read in 77th file: /star/u/wangzhen/data01/QA/54GeV/SL18c/rootfiles_PicoDst_all/93D3BCA3181D27A2BCDAADD7B7997919_694.root
read in 78th file: /star/u/wangzhen/data01/QA/54GeV/SL18c/rootfiles_PicoDst_all/93D3BCA3181D27A2BCDAADD7B7997919_695.root
read in 79th file: /star/u/wangzhen/data01/QA/54GeV/SL18c/rootfiles_PicoDst_all/93D3BCA3181D27A2BCDAADD7B7997919_696.root
29743109 events
begin 0th entry....
begin 2974310th entry....
begin 5948620th entry....
begin 8922930th entry....
begin 11897240th entry....
begin 14871550th entry....
begin 17845860th entry....
begin 20820170th entry....
begin 23794480th entry....
begin 26768790th entry....
begin 29743100th entry....
size of vector runNumber: 396
18157053
18157056
18157057
18157058
18157059
18157060
18157061
18157065
18157067
18157068
18157069
18157070
18157071
18157072
18157074
18157075
18157076
18157077
18158001
18158002
18158003
18158009
18158010
18158012
18158013
18158014
18158020
18158021
18158115
18158116
18158118
18158120
18158122
18159001
18159002
18159007
18159008
18159009
18159010
18159011
18159012
18159013
18159018
18159019
18159023
18159024
18159025
18159031
18159032
18159033
18159034
18159036
18159041
18159042
18159043
18160002
18160003
18160004
18160005
18160006
18160007
18160012
18160013
18160014
18160015
18160016
18160017
18160023
18160024
18160025
18160026
18160028
18160029
18160030
18160032
18160033
18160034
18160035
18160036
18160037
18160038
18160040
18160041
18160044
18160045
18160046
18161001
18161002
18161003
18161005
18161006
18161007
18161008
18161009
18161010
18161011
18161013
18161014
18161015
18161016
18161017
18161018
18161019
18161020
18161026
18161027
18161028
18161029
18161030
18161031
18161032
18161033
18161037
18161038
18161039
18161040
18161041
18161042
18161045
18161046
18161047
18161048
18161049
18162001
18162004
18162005
18162006
18162007
18162008
18162009
18162010
18162011
18162012
18162014
18162015
18162016
18162017
18162018
18162019
18162020
18162024
18162027
18162028
18162029
18162030
18162031
18162032
18162036
18162037
18162038
18162039
18162040
18162041
18162043
18162045
18162046
18162047
18162048
18162049
18162051
18162052
18162053
18163002
18163003
18163004
18163005
18163006
18163007
18163008
18163009
18163012
18163013
18163014
18163015
18163016
18163017
18163018
18163019
18163025
18163026
18163027
18163028
18163030
18163031
18163032
18163033
18163038
18163039
18163040
18163041
18163045
18163046
18163047
18164002
18164003
18164004
18164005
18164006
18164007
18164008
18164009
18164011
18164012
18164013
18164014
18164015
18164016
18164017
18164018
18164023
18164024
18164025
18164026
18164027
18164028
18164029
18164030
18164035
18164036
18164037
18164038
18164039
18164040
18164041
18164042
18164044
18164045
18164046
18165001
18165002
18165003
18165006
18165009
18165010
18165011
18165012
18165013
18165014
18165016
18165031
18165032
18165033
18165034
18165035
18165036
18165037
18165038
18166003
18166004
18166005
18166006
18166007
18166008
18166009
18166010
18166012
18166013
18166020
18166022
18166023
18166024
18166031
18166032
18166033
18166034
18166035
18166036
18166037
18166042
18166043
18166044
18166045
18166046
18166047
18166048
18166049
18166050
18166051
18166052
18166054
18166055
18167001
18167005
18167006
18167007
18167008
18167009
18167010
18167011
18167014
18167015
18167016
18167017
18167018
18167020
18167027
18167028
18167029
18167030
18167032
18167033
18167035
18167036
18167037
18167038
18167039
18167041
18167042
18167043
18167044
18167045
18167046
18167047
18167048
18167049
18167050
18168002
18168003
18168004
18168005
18168006
18168008
18168009
18168010
18168011
18168013
18168015
18168016
18168017
18168019
18168020
18168021
18168022
18168023
18168024
18168025
18168026
18168029
18168034
18168035
18168036
18168037
18168040
18168041
18168044
18168045
18168046
18168048
18168049
18168050
18168051
18168052
18168053
18168054
18168055
18168056
18169004
18169005
18169006
18169008
18169009
18169010
18169011
18169012
18169013
18169014
18169015
18169016
18169017
18169018
18169020
18169021
18169022
18169023
18169024
18169025
18169026
18169027
18169028
18169029
18169030
18169035
18169037
18169038
18169039
18169041
18169042
18169043
18170003
18170004
18170005
18170006
18170010
18170011
18170012
18170013
end of program
