read in 0th file: /star/u/wangzhen/data01/QA/54GeV/SL18c/rootfiles_PicoDst_all/93D3BCA3181D27A2BCDAADD7B7997919_336.root
read in 1th file: /star/u/wangzhen/data01/QA/54GeV/SL18c/rootfiles_PicoDst_all/93D3BCA3181D27A2BCDAADD7B7997919_337.root
read in 2th file: /star/u/wangzhen/data01/QA/54GeV/SL18c/rootfiles_PicoDst_all/93D3BCA3181D27A2BCDAADD7B7997919_338.root
read in 3th file: /star/u/wangzhen/data01/QA/54GeV/SL18c/rootfiles_PicoDst_all/93D3BCA3181D27A2BCDAADD7B7997919_339.root
read in 4th file: /star/u/wangzhen/data01/QA/54GeV/SL18c/rootfiles_PicoDst_all/93D3BCA3181D27A2BCDAADD7B7997919_33.root
read in 5th file: /star/u/wangzhen/data01/QA/54GeV/SL18c/rootfiles_PicoDst_all/93D3BCA3181D27A2BCDAADD7B7997919_340.root
read in 6th file: /star/u/wangzhen/data01/QA/54GeV/SL18c/rootfiles_PicoDst_all/93D3BCA3181D27A2BCDAADD7B7997919_341.root
read in 7th file: /star/u/wangzhen/data01/QA/54GeV/SL18c/rootfiles_PicoDst_all/93D3BCA3181D27A2BCDAADD7B7997919_342.root
read in 8th file: /star/u/wangzhen/data01/QA/54GeV/SL18c/rootfiles_PicoDst_all/93D3BCA3181D27A2BCDAADD7B7997919_343.root
read in 9th file: /star/u/wangzhen/data01/QA/54GeV/SL18c/rootfiles_PicoDst_all/93D3BCA3181D27A2BCDAADD7B7997919_344.root
read in 10th file: /star/u/wangzhen/data01/QA/54GeV/SL18c/rootfiles_PicoDst_all/93D3BCA3181D27A2BCDAADD7B7997919_345.root
read in 11th file: /star/u/wangzhen/data01/QA/54GeV/SL18c/rootfiles_PicoDst_all/93D3BCA3181D27A2BCDAADD7B7997919_346.root
read in 12th file: /star/u/wangzhen/data01/QA/54GeV/SL18c/rootfiles_PicoDst_all/93D3BCA3181D27A2BCDAADD7B7997919_347.root
read in 13th file: /star/u/wangzhen/data01/QA/54GeV/SL18c/rootfiles_PicoDst_all/93D3BCA3181D27A2BCDAADD7B7997919_348.root
read in 14th file: /star/u/wangzhen/data01/QA/54GeV/SL18c/rootfiles_PicoDst_all/93D3BCA3181D27A2BCDAADD7B7997919_349.root
read in 15th file: /star/u/wangzhen/data01/QA/54GeV/SL18c/rootfiles_PicoDst_all/93D3BCA3181D27A2BCDAADD7B7997919_34.root
read in 16th file: /star/u/wangzhen/data01/QA/54GeV/SL18c/rootfiles_PicoDst_all/93D3BCA3181D27A2BCDAADD7B7997919_350.root
read in 17th file: /star/u/wangzhen/data01/QA/54GeV/SL18c/rootfiles_PicoDst_all/93D3BCA3181D27A2BCDAADD7B7997919_351.root
read in 18th file: /star/u/wangzhen/data01/QA/54GeV/SL18c/rootfiles_PicoDst_all/93D3BCA3181D27A2BCDAADD7B7997919_352.root
read in 19th file: /star/u/wangzhen/data01/QA/54GeV/SL18c/rootfiles_PicoDst_all/93D3BCA3181D27A2BCDAADD7B7997919_353.root
read in 20th file: /star/u/wangzhen/data01/QA/54GeV/SL18c/rootfiles_PicoDst_all/93D3BCA3181D27A2BCDAADD7B7997919_354.root
read in 21th file: /star/u/wangzhen/data01/QA/54GeV/SL18c/rootfiles_PicoDst_all/93D3BCA3181D27A2BCDAADD7B7997919_355.root
read in 22th file: /star/u/wangzhen/data01/QA/54GeV/SL18c/rootfiles_PicoDst_all/93D3BCA3181D27A2BCDAADD7B7997919_356.root
read in 23th file: /star/u/wangzhen/data01/QA/54GeV/SL18c/rootfiles_PicoDst_all/93D3BCA3181D27A2BCDAADD7B7997919_357.root
read in 24th file: /star/u/wangzhen/data01/QA/54GeV/SL18c/rootfiles_PicoDst_all/93D3BCA3181D27A2BCDAADD7B7997919_358.root
read in 25th file: /star/u/wangzhen/data01/QA/54GeV/SL18c/rootfiles_PicoDst_all/93D3BCA3181D27A2BCDAADD7B7997919_359.root
read in 26th file: /star/u/wangzhen/data01/QA/54GeV/SL18c/rootfiles_PicoDst_all/93D3BCA3181D27A2BCDAADD7B7997919_35.root
read in 27th file: /star/u/wangzhen/data01/QA/54GeV/SL18c/rootfiles_PicoDst_all/93D3BCA3181D27A2BCDAADD7B7997919_360.root
read in 28th file: /star/u/wangzhen/data01/QA/54GeV/SL18c/rootfiles_PicoDst_all/93D3BCA3181D27A2BCDAADD7B7997919_361.root
read in 29th file: /star/u/wangzhen/data01/QA/54GeV/SL18c/rootfiles_PicoDst_all/93D3BCA3181D27A2BCDAADD7B7997919_362.root
read in 30th file: /star/u/wangzhen/data01/QA/54GeV/SL18c/rootfiles_PicoDst_all/93D3BCA3181D27A2BCDAADD7B7997919_363.root
read in 31th file: /star/u/wangzhen/data01/QA/54GeV/SL18c/rootfiles_PicoDst_all/93D3BCA3181D27A2BCDAADD7B7997919_364.root
read in 32th file: /star/u/wangzhen/data01/QA/54GeV/SL18c/rootfiles_PicoDst_all/93D3BCA3181D27A2BCDAADD7B7997919_365.root
read in 33th file: /star/u/wangzhen/data01/QA/54GeV/SL18c/rootfiles_PicoDst_all/93D3BCA3181D27A2BCDAADD7B7997919_366.root
read in 34th file: /star/u/wangzhen/data01/QA/54GeV/SL18c/rootfiles_PicoDst_all/93D3BCA3181D27A2BCDAADD7B7997919_367.root
read in 35th file: /star/u/wangzhen/data01/QA/54GeV/SL18c/rootfiles_PicoDst_all/93D3BCA3181D27A2BCDAADD7B7997919_368.root
read in 36th file: /star/u/wangzhen/data01/QA/54GeV/SL18c/rootfiles_PicoDst_all/93D3BCA3181D27A2BCDAADD7B7997919_369.root
read in 37th file: /star/u/wangzhen/data01/QA/54GeV/SL18c/rootfiles_PicoDst_all/93D3BCA3181D27A2BCDAADD7B7997919_36.root
read in 38th file: /star/u/wangzhen/data01/QA/54GeV/SL18c/rootfiles_PicoDst_all/93D3BCA3181D27A2BCDAADD7B7997919_370.root
read in 39th file: /star/u/wangzhen/data01/QA/54GeV/SL18c/rootfiles_PicoDst_all/93D3BCA3181D27A2BCDAADD7B7997919_371.root
read in 40th file: /star/u/wangzhen/data01/QA/54GeV/SL18c/rootfiles_PicoDst_all/93D3BCA3181D27A2BCDAADD7B7997919_372.root
read in 41th file: /star/u/wangzhen/data01/QA/54GeV/SL18c/rootfiles_PicoDst_all/93D3BCA3181D27A2BCDAADD7B7997919_373.root
read in 42th file: /star/u/wangzhen/data01/QA/54GeV/SL18c/rootfiles_PicoDst_all/93D3BCA3181D27A2BCDAADD7B7997919_374.root
read in 43th file: /star/u/wangzhen/data01/QA/54GeV/SL18c/rootfiles_PicoDst_all/93D3BCA3181D27A2BCDAADD7B7997919_375.root
read in 44th file: /star/u/wangzhen/data01/QA/54GeV/SL18c/rootfiles_PicoDst_all/93D3BCA3181D27A2BCDAADD7B7997919_376.root
read in 45th file: /star/u/wangzhen/data01/QA/54GeV/SL18c/rootfiles_PicoDst_all/93D3BCA3181D27A2BCDAADD7B7997919_377.root
read in 46th file: /star/u/wangzhen/data01/QA/54GeV/SL18c/rootfiles_PicoDst_all/93D3BCA3181D27A2BCDAADD7B7997919_378.root
read in 47th file: /star/u/wangzhen/data01/QA/54GeV/SL18c/rootfiles_PicoDst_all/93D3BCA3181D27A2BCDAADD7B7997919_379.root
read in 48th file: /star/u/wangzhen/data01/QA/54GeV/SL18c/rootfiles_PicoDst_all/93D3BCA3181D27A2BCDAADD7B7997919_37.root
read in 49th file: /star/u/wangzhen/data01/QA/54GeV/SL18c/rootfiles_PicoDst_all/93D3BCA3181D27A2BCDAADD7B7997919_380.root
read in 50th file: /star/u/wangzhen/data01/QA/54GeV/SL18c/rootfiles_PicoDst_all/93D3BCA3181D27A2BCDAADD7B7997919_381.root
read in 51th file: /star/u/wangzhen/data01/QA/54GeV/SL18c/rootfiles_PicoDst_all/93D3BCA3181D27A2BCDAADD7B7997919_382.root
read in 52th file: /star/u/wangzhen/data01/QA/54GeV/SL18c/rootfiles_PicoDst_all/93D3BCA3181D27A2BCDAADD7B7997919_383.root
read in 53th file: /star/u/wangzhen/data01/QA/54GeV/SL18c/rootfiles_PicoDst_all/93D3BCA3181D27A2BCDAADD7B7997919_384.root
read in 54th file: /star/u/wangzhen/data01/QA/54GeV/SL18c/rootfiles_PicoDst_all/93D3BCA3181D27A2BCDAADD7B7997919_385.root
read in 55th file: /star/u/wangzhen/data01/QA/54GeV/SL18c/rootfiles_PicoDst_all/93D3BCA3181D27A2BCDAADD7B7997919_386.root
read in 56th file: /star/u/wangzhen/data01/QA/54GeV/SL18c/rootfiles_PicoDst_all/93D3BCA3181D27A2BCDAADD7B7997919_387.root
read in 57th file: /star/u/wangzhen/data01/QA/54GeV/SL18c/rootfiles_PicoDst_all/93D3BCA3181D27A2BCDAADD7B7997919_388.root
read in 58th file: /star/u/wangzhen/data01/QA/54GeV/SL18c/rootfiles_PicoDst_all/93D3BCA3181D27A2BCDAADD7B7997919_389.root
read in 59th file: /star/u/wangzhen/data01/QA/54GeV/SL18c/rootfiles_PicoDst_all/93D3BCA3181D27A2BCDAADD7B7997919_38.root
read in 60th file: /star/u/wangzhen/data01/QA/54GeV/SL18c/rootfiles_PicoDst_all/93D3BCA3181D27A2BCDAADD7B7997919_390.root
read in 61th file: /star/u/wangzhen/data01/QA/54GeV/SL18c/rootfiles_PicoDst_all/93D3BCA3181D27A2BCDAADD7B7997919_391.root
read in 62th file: /star/u/wangzhen/data01/QA/54GeV/SL18c/rootfiles_PicoDst_all/93D3BCA3181D27A2BCDAADD7B7997919_392.root
read in 63th file: /star/u/wangzhen/data01/QA/54GeV/SL18c/rootfiles_PicoDst_all/93D3BCA3181D27A2BCDAADD7B7997919_393.root
read in 64th file: /star/u/wangzhen/data01/QA/54GeV/SL18c/rootfiles_PicoDst_all/93D3BCA3181D27A2BCDAADD7B7997919_394.root
read in 65th file: /star/u/wangzhen/data01/QA/54GeV/SL18c/rootfiles_PicoDst_all/93D3BCA3181D27A2BCDAADD7B7997919_395.root
read in 66th file: /star/u/wangzhen/data01/QA/54GeV/SL18c/rootfiles_PicoDst_all/93D3BCA3181D27A2BCDAADD7B7997919_396.root
read in 67th file: /star/u/wangzhen/data01/QA/54GeV/SL18c/rootfiles_PicoDst_all/93D3BCA3181D27A2BCDAADD7B7997919_397.root
read in 68th file: /star/u/wangzhen/data01/QA/54GeV/SL18c/rootfiles_PicoDst_all/93D3BCA3181D27A2BCDAADD7B7997919_398.root
read in 69th file: /star/u/wangzhen/data01/QA/54GeV/SL18c/rootfiles_PicoDst_all/93D3BCA3181D27A2BCDAADD7B7997919_399.root
read in 70th file: /star/u/wangzhen/data01/QA/54GeV/SL18c/rootfiles_PicoDst_all/93D3BCA3181D27A2BCDAADD7B7997919_39.root
read in 71th file: /star/u/wangzhen/data01/QA/54GeV/SL18c/rootfiles_PicoDst_all/93D3BCA3181D27A2BCDAADD7B7997919_3.root
read in 72th file: /star/u/wangzhen/data01/QA/54GeV/SL18c/rootfiles_PicoDst_all/93D3BCA3181D27A2BCDAADD7B7997919_400.root
read in 73th file: /star/u/wangzhen/data01/QA/54GeV/SL18c/rootfiles_PicoDst_all/93D3BCA3181D27A2BCDAADD7B7997919_401.root
read in 74th file: /star/u/wangzhen/data01/QA/54GeV/SL18c/rootfiles_PicoDst_all/93D3BCA3181D27A2BCDAADD7B7997919_402.root
read in 75th file: /star/u/wangzhen/data01/QA/54GeV/SL18c/rootfiles_PicoDst_all/93D3BCA3181D27A2BCDAADD7B7997919_403.root
read in 76th file: /star/u/wangzhen/data01/QA/54GeV/SL18c/rootfiles_PicoDst_all/93D3BCA3181D27A2BCDAADD7B7997919_404.root
read in 77th file: /star/u/wangzhen/data01/QA/54GeV/SL18c/rootfiles_PicoDst_all/93D3BCA3181D27A2BCDAADD7B7997919_405.root
read in 78th file: /star/u/wangzhen/data01/QA/54GeV/SL18c/rootfiles_PicoDst_all/93D3BCA3181D27A2BCDAADD7B7997919_406.root
read in 79th file: /star/u/wangzhen/data01/QA/54GeV/SL18c/rootfiles_PicoDst_all/93D3BCA3181D27A2BCDAADD7B7997919_407.root
30376146 events
begin 0th entry....
begin 3037614th entry....
begin 6075228th entry....
begin 9112842th entry....
begin 12150456th entry....
begin 15188070th entry....
begin 18225684th entry....
begin 21263298th entry....
begin 24300912th entry....
begin 27338526th entry....
begin 30376140th entry....
size of vector runNumber: 488
18153052
18153053
18153054
18153055
18153058
18153059
18153060
18153061
18153063
18153064
18154004
18154005
18154006
18154007
18154008
18154009
18154038
18154039
18154040
18154041
18154042
18154043
18154045
18154049
18154050
18154051
18154052
18154053
18154054
18154057
18154058
18154059
18154061
18154063
18154064
18154065
18154066
18155002
18155003
18155004
18155005
18155006
18155007
18155012
18155013
18155014
18155015
18155016
18155017
18155022
18155023
18155024
18155025
18155026
18155029
18155031
18155032
18155033
18155034
18155035
18155036
18155038
18155039
18155040
18155041
18155042
18155045
18155046
18155048
18155049
18156001
18156002
18156003
18156004
18156010
18156011
18156012
18156013
18156014
18157065
18157070
18157071
18157077
18158001
18158002
18158003
18158009
18158010
18158012
18158013
18158014
18158020
18158118
18158122
18159008
18159023
18159025
18159032
18159033
18159034
18159036
18159041
18159042
18159043
18160002
18160003
18160004
18160005
18160006
18160012
18160013
18160014
18160017
18160024
18160026
18160028
18160029
18160032
18160033
18160034
18160035
18160036
18160037
18160038
18160040
18160041
18160042
18160044
18160045
18160046
18161001
18161002
18161003
18161005
18161006
18161007
18161008
18161014
18161015
18161016
18161017
18161018
18161019
18161020
18161027
18161028
18161029
18161030
18161032
18161037
18161038
18161039
18161040
18161041
18161042
18161045
18161046
18161047
18161048
18161049
18162001
18162004
18162005
18162006
18162007
18162008
18162009
18162010
18162011
18162012
18162014
18162015
18162016
18162017
18162018
18162019
18162020
18162024
18162027
18162028
18162029
18162030
18162031
18162032
18162036
18162037
18162038
18162039
18162040
18162041
18162043
18162045
18162046
18162048
18162049
18162052
18162053
18163002
18163003
18163004
18163005
18163006
18163007
18163008
18163009
18163012
18163013
18163014
18163015
18163016
18163017
18163018
18163019
18163025
18163026
18163027
18163028
18163030
18163031
18163032
18163033
18163038
18163039
18163040
18163041
18163045
18163046
18163047
18164002
18164003
18164004
18164005
18164006
18164007
18164008
18164009
18164011
18164012
18164013
18164014
18164015
18164016
18164017
18164018
18164023
18164024
18164025
18164026
18164027
18164028
18164029
18164030
18164035
18164036
18164037
18164038
18164039
18164040
18164041
18164042
18164044
18164045
18164046
18165001
18165002
18165003
18165006
18165009
18165010
18165011
18165012
18165013
18165014
18165016
18165031
18165032
18165033
18165034
18165035
18165036
18165037
18165038
18166003
18166004
18166005
18166006
18166007
18166008
18166009
18166010
18166012
18166013
18166020
18166022
18166023
18166024
18166031
18166032
18166033
18166034
18166035
18166036
18166037
18166042
18166043
18166044
18166045
18166046
18166047
18166048
18166049
18166050
18166051
18166052
18166054
18166055
18167001
18167005
18167006
18167007
18167008
18167009
18167010
18167011
18167014
18167015
18167016
18167017
18167018
18167020
18167027
18167028
18167029
18167030
18167032
18167033
18167035
18167036
18167037
18167038
18167039
18167041
18167042
18167043
18167044
18167045
18167046
18167047
18167048
18167049
18167050
18168002
18168003
18168004
18168005
18168006
18168008
18168009
18168010
18168011
18168013
18168015
18168016
18168017
18168019
18168020
18168021
18168022
18168023
18168024
18168025
18168026
18168027
18168029
18168034
18168035
18168036
18168037
18168040
18168041
18168044
18168045
18168046
18168048
18168049
18168050
18168051
18168052
18168053
18168054
18168055
18168056
18169004
18169005
18169008
18169009
18169010
18169011
18169012
18169013
18169014
18169015
18169016
18169017
18169020
18169021
18169022
18169023
18169024
18169025
18169026
18169027
18169028
18169029
18169030
18169035
18169037
18169038
18169039
18169041
18169042
18169043
18170003
18170004
18170005
18170006
18170010
18170011
18170012
18170013
18170014
18170015
18170016
18170017
18170018
18170022
18170032
18170033
18170034
18170035
18170036
18170037
18170039
18170040
18171002
18171003
18171004
18171005
18171006
18171007
18171008
18171009
18171012
18171013
18171015
18171016
18171017
18171018
18171019
18171020
18171031
18171032
18171033
18171034
18171035
18171036
18171040
18171041
18171042
18171043
18171044
18171045
18171046
18171047
18171048
18171049
18172001
18172002
18172005
18172006
18172007
18172008
18172009
18172010
18172011
18172012
18172013
18172014
end of program
