read in 0th file: /star/u/wangzhen/run20/Dielectron/miniTree/output/576A9456E74CDD1B19A67E20E10AF883_469.root
read in 1th file: /star/u/wangzhen/run20/Dielectron/miniTree/output/576A9456E74CDD1B19A67E20E10AF883_46.root
read in 2th file: /star/u/wangzhen/run20/Dielectron/miniTree/output/576A9456E74CDD1B19A67E20E10AF883_470.root
read in 3th file: /star/u/wangzhen/run20/Dielectron/miniTree/output/576A9456E74CDD1B19A67E20E10AF883_471.root
read in 4th file: /star/u/wangzhen/run20/Dielectron/miniTree/output/576A9456E74CDD1B19A67E20E10AF883_472.root
read in 5th file: /star/u/wangzhen/run20/Dielectron/miniTree/output/576A9456E74CDD1B19A67E20E10AF883_473.root
read in 6th file: /star/u/wangzhen/run20/Dielectron/miniTree/output/576A9456E74CDD1B19A67E20E10AF883_474.root
read in 7th file: /star/u/wangzhen/run20/Dielectron/miniTree/output/576A9456E74CDD1B19A67E20E10AF883_475.root
read in 8th file: /star/u/wangzhen/run20/Dielectron/miniTree/output/576A9456E74CDD1B19A67E20E10AF883_476.root
read in 9th file: /star/u/wangzhen/run20/Dielectron/miniTree/output/576A9456E74CDD1B19A67E20E10AF883_477.root
read in 10th file: /star/u/wangzhen/run20/Dielectron/miniTree/output/576A9456E74CDD1B19A67E20E10AF883_478.root
read in 11th file: /star/u/wangzhen/run20/Dielectron/miniTree/output/576A9456E74CDD1B19A67E20E10AF883_479.root
read in 12th file: /star/u/wangzhen/run20/Dielectron/miniTree/output/576A9456E74CDD1B19A67E20E10AF883_47.root
read in 13th file: /star/u/wangzhen/run20/Dielectron/miniTree/output/576A9456E74CDD1B19A67E20E10AF883_480.root
read in 14th file: /star/u/wangzhen/run20/Dielectron/miniTree/output/576A9456E74CDD1B19A67E20E10AF883_481.root
read in 15th file: /star/u/wangzhen/run20/Dielectron/miniTree/output/576A9456E74CDD1B19A67E20E10AF883_482.root
read in 16th file: /star/u/wangzhen/run20/Dielectron/miniTree/output/576A9456E74CDD1B19A67E20E10AF883_483.root
read in 17th file: /star/u/wangzhen/run20/Dielectron/miniTree/output/576A9456E74CDD1B19A67E20E10AF883_484.root
read in 18th file: /star/u/wangzhen/run20/Dielectron/miniTree/output/576A9456E74CDD1B19A67E20E10AF883_485.root
read in 19th file: /star/u/wangzhen/run20/Dielectron/miniTree/output/576A9456E74CDD1B19A67E20E10AF883_486.root
read in 20th file: /star/u/wangzhen/run20/Dielectron/miniTree/output/576A9456E74CDD1B19A67E20E10AF883_487.root
read in 21th file: /star/u/wangzhen/run20/Dielectron/miniTree/output/576A9456E74CDD1B19A67E20E10AF883_488.root
read in 22th file: /star/u/wangzhen/run20/Dielectron/miniTree/output/576A9456E74CDD1B19A67E20E10AF883_489.root
read in 23th file: /star/u/wangzhen/run20/Dielectron/miniTree/output/576A9456E74CDD1B19A67E20E10AF883_48.root
read in 24th file: /star/u/wangzhen/run20/Dielectron/miniTree/output/576A9456E74CDD1B19A67E20E10AF883_490.root
read in 25th file: /star/u/wangzhen/run20/Dielectron/miniTree/output/576A9456E74CDD1B19A67E20E10AF883_491.root
read in 26th file: /star/u/wangzhen/run20/Dielectron/miniTree/output/576A9456E74CDD1B19A67E20E10AF883_492.root
read in 27th file: /star/u/wangzhen/run20/Dielectron/miniTree/output/576A9456E74CDD1B19A67E20E10AF883_493.root
read in 28th file: /star/u/wangzhen/run20/Dielectron/miniTree/output/576A9456E74CDD1B19A67E20E10AF883_494.root
read in 29th file: /star/u/wangzhen/run20/Dielectron/miniTree/output/576A9456E74CDD1B19A67E20E10AF883_495.root
read in 30th file: /star/u/wangzhen/run20/Dielectron/miniTree/output/576A9456E74CDD1B19A67E20E10AF883_496.root
read in 31th file: /star/u/wangzhen/run20/Dielectron/miniTree/output/576A9456E74CDD1B19A67E20E10AF883_497.root
read in 32th file: /star/u/wangzhen/run20/Dielectron/miniTree/output/576A9456E74CDD1B19A67E20E10AF883_498.root
read in 33th file: /star/u/wangzhen/run20/Dielectron/miniTree/output/576A9456E74CDD1B19A67E20E10AF883_499.root
read in 34th file: /star/u/wangzhen/run20/Dielectron/miniTree/output/576A9456E74CDD1B19A67E20E10AF883_49.root
read in 35th file: /star/u/wangzhen/run20/Dielectron/miniTree/output/576A9456E74CDD1B19A67E20E10AF883_4.root
read in 36th file: /star/u/wangzhen/run20/Dielectron/miniTree/output/576A9456E74CDD1B19A67E20E10AF883_500.root
read in 37th file: /star/u/wangzhen/run20/Dielectron/miniTree/output/576A9456E74CDD1B19A67E20E10AF883_501.root
read in 38th file: /star/u/wangzhen/run20/Dielectron/miniTree/output/576A9456E74CDD1B19A67E20E10AF883_502.root
read in 39th file: /star/u/wangzhen/run20/Dielectron/miniTree/output/576A9456E74CDD1B19A67E20E10AF883_503.root
9968135 events
begin 0th entry....
begin 996813th entry....
begin 1993626th entry....
begin 2990439th entry....
begin 3987252th entry....
begin 4984065th entry....
begin 5980878th entry....
begin 6977691th entry....
begin 7974504th entry....
begin 8971317th entry....
begin 9968130th entry....
size of vector runNumber: 807
21170001
21170007
21170008
21170014
21170026
21170036
21171001
21171008
21171010
21171013
21171016
21171017
21171018
21171024
21171025
21171026
21171027
21171028
21171030
21171031
21171032
21171034
21171035
21171036
21171037
21171038
21171040
21171041
21172002
21172006
21172008
21172011
21172012
21172013
21172014
21172032
21172033
21172034
21172035
21172037
21173001
21173003
21173004
21173006
21173008
21173009
21173012
21173014
21173015
21173016
21173017
21173018
21173019
21173020
21173022
21173026
21173027
21173028
21173030
21173031
21173032
21174001
21174005
21174006
21174009
21174011
21174049
21174050
21174051
21175003
21175007
21175023
21175025
21175033
21176002
21176008
21176009
21176012
21176013
21176020
21176021
21176029
21177003
21177004
21177005
21177008
21177009
21177010
21177012
21177016
21177017
21177018
21177019
21177021
21177022
21177024
21177026
21177027
21177032
21178003
21178007
21178008
21178009
21178010
21178013
21178028
21178031
21179001
21179002
21179006
21179007
21179008
21179011
21179012
21179014
21179019
21179021
21179022
21179023
21179024
21179026
21179033
21179037
21179038
21179039
21179040
21180003
21180004
21180005
21180006
21180007
21180008
21180010
21180014
21180025
21180026
21180028
21180029
21180030
21180033
21181004
21181005
21181006
21181008
21181009
21181011
21181013
21181015
21181016
21181017
21181018
21181019
21181020
21181021
21181022
21181024
21181025
21181027
21181028
21181029
21181030
21181031
21181032
21181033
21181035
21182001
21182002
21182003
21182005
21182006
21182009
21182011
21182037
21182041
21182043
21182045
21182046
21182047
21182048
21182049
21182050
21182052
21183003
21183004
21183014
21183015
21183017
21183018
21183019
21183020
21183022
21183023
21183024
21184010
21184012
21184014
21184015
21184025
21184027
21184028
21184029
21184030
21184032
21184033
21184034
21185001
21185002
21185003
21185005
21185006
21185007
21185009
21185011
21185012
21185013
21185021
21185037
21185038
21186009
21186011
21186012
21186013
21186014
21186016
21186017
21186018
21186019
21186020
21186021
21186022
21186023
21186024
21186027
21186028
21187001
21187002
21187003
21187006
21187008
21187009
21187010
21187015
21187016
21187019
21187020
21187022
21187023
21187024
21187025
21187026
21187027
21187029
21187030
21187031
21187032
21188001
21188003
21188004
21188005
21188006
21188007
21188008
21188009
21188010
21188011
21188012
21188013
21188014
21188015
21188016
21188017
21188027
21188028
21188029
21188030
21188031
21188032
21189001
21189002
21189003
21189005
21189006
21189011
21189039
21189040
21189041
21190002
21190003
21190005
21190006
21190007
21190008
21190010
21190053
21190054
21190055
21190056
21191001
21191002
21191003
21191004
21191007
21191008
21193026
21193029
21193032
21209027
21209028
21209032
21210002
21210003
21210004
21210009
21210012
21210013
21210014
21210015
21210016
21210047
21210048
21210049
21210052
21211001
21211002
21211003
21211004
21211007
21211008
21211010
21211012
21211015
21211016
21211017
21211020
21211021
21212001
21212002
21212009
21212010
21212012
21212015
21212019
21212021
21212022
21212023
21212024
21212025
21212031
21212033
21212035
21213001
21213004
21213005
21213006
21213007
21213008
21213010
21213011
21213012
21213013
21213020
21217001
21217002
21217003
21217005
21217008
21217009
21217010
21217011
21217016
21217017
21217018
21217019
21217020
21218001
21218002
21218013
21218014
21218015
21218016
21218020
21218021
21218022
21218024
21218026
21219001
21219008
21219010
21219013
21219014
21219015
21219017
21219018
21219019
21219023
21219026
21219027
21219028
21219030
21219032
21219033
21220002
21220004
21220005
21220006
21220015
21220019
21220025
21220030
21220037
21220040
21221002
21221003
21221006
21221007
21221008
21221010
21221012
21221015
21221017
21221022
21221025
21221027
21221031
21221034
21222001
21222002
21222006
21222008
21222016
21222017
21222018
21222019
21222022
21222025
21222026
21222032
21222033
21223003
21223005
21223007
21223014
21223015
21223031
21223034
21223036
21223037
21223038
21223041
21223042
21224002
21224003
21224004
21224005
21224010
21224012
21224013
21224014
21224015
21224020
21224022
21224046
21224047
21224048
21224049
21225001
21225005
21225006
21225007
21225035
21225043
21225048
21225050
21226003
21226006
21226007
21226008
21226010
21226012
21226013
21226014
21227005
21227007
21227009
21227012
21227013
21227018
21227019
21227020
21227021
21227022
21227024
21227025
21227027
21227029
21227034
21227036
21227038
21228001
21228002
21228003
21228004
21228006
21228007
21228008
21228011
21228012
21228013
21228014
21228015
21228019
21228021
21228022
21228023
21228025
21228026
21228028
21228029
21228030
21228031
21229001
21229002
21229003
21229005
21229007
21229010
21229011
21229012
21229013
21229015
21229016
21229017
21229018
21229020
21229042
21229044
21229045
21229048
21229049
21230001
21230002
21230007
21230008
21230011
21230012
21230013
21230029
21231002
21231003
21231004
21231005
21231009
21231010
21231011
21231014
21231015
21231016
21231017
21231020
21231023
21231024
21231025
21231028
21231030
21231031
21231032
21231034
21232001
21232004
21232008
21232012
21232013
21232014
21232015
21233002
21233005
21233006
21233008
21233009
21233010
21233012
21233013
21233014
21233021
21233022
21233023
21233024
21233025
21233026
21233027
21233028
21233029
21233030
21233031
21233032
21233033
21233034
21233035
21233037
21233038
21233039
21234001
21234002
21234003
21234004
21234005
21234006
21234007
21234009
21234010
21234011
21234015
21234018
21234019
21234020
21234022
21234023
21234025
21234026
21234028
21234029
21234030
21234031
21235001
21235003
21235007
21235008
21235009
21235013
21235014
21235021
21235022
21235023
21235024
21235026
21235027
21235029
21235035
21235036
21235037
21235038
21235039
21235040
21235041
21236002
21236003
21236004
21236005
21236006
21236007
21236008
21236010
21236011
21236012
21236013
21236017
21236018
21236019
21236020
21236022
21236023
21236024
21236025
21236026
21236027
21236030
21236031
21236032
21236033
21236034
21237004
21237005
21237006
21237008
21237009
21237011
21237021
21237023
21237032
21237034
21237037
21237038
21238004
21238007
21238008
21238009
21238010
21238013
21238015
21238019
21238020
21238021
21238024
21238025
21238026
21238029
21238030
21238031
21238043
21238045
21238046
21239001
21239002
21239004
21239011
21239013
21239014
21239015
21239016
21239017
21239019
21239024
21239025
21239026
21239029
21239030
21239031
21240001
21240004
21240005
21240009
21240010
21241005
21241007
21241008
21241009
21241011
21241012
21241013
21241014
21241016
21241017
21241021
21241025
21241026
21241027
21241028
21241029
21241031
21241032
21242001
21242007
21242008
21242009
21242011
21242012
21242015
21242016
21242017
21242018
21242019
21242022
21242023
21242025
21242026
21242028
21242029
21242030
21242031
21242032
21242033
21243001
21243002
21243003
21243004
21243005
21243006
21243007
21243008
21243010
21243012
21243013
21243015
21243016
21243033
21243040
21243042
21243043
21243045
21243046
21243047
21243048
21243049
21243050
21244002
21244003
21244004
21244007
21244010
21244011
21244012
21244013
21244014
21244022
21244023
21244026
21244027
21244028
21244029
21244033
21244034
21244036
21245001
21245006
21245007
21245008
21245009
end of program
