read in 0th file: /star/u/wangzhen/run20/Dielectron/miniTree/output/576A9456E74CDD1B19A67E20E10AF883_908.root
read in 1th file: /star/u/wangzhen/run20/Dielectron/miniTree/output/576A9456E74CDD1B19A67E20E10AF883_909.root
read in 2th file: /star/u/wangzhen/run20/Dielectron/miniTree/output/576A9456E74CDD1B19A67E20E10AF883_90.root
read in 3th file: /star/u/wangzhen/run20/Dielectron/miniTree/output/576A9456E74CDD1B19A67E20E10AF883_910.root
read in 4th file: /star/u/wangzhen/run20/Dielectron/miniTree/output/576A9456E74CDD1B19A67E20E10AF883_911.root
read in 5th file: /star/u/wangzhen/run20/Dielectron/miniTree/output/576A9456E74CDD1B19A67E20E10AF883_912.root
read in 6th file: /star/u/wangzhen/run20/Dielectron/miniTree/output/576A9456E74CDD1B19A67E20E10AF883_913.root
read in 7th file: /star/u/wangzhen/run20/Dielectron/miniTree/output/576A9456E74CDD1B19A67E20E10AF883_914.root
read in 8th file: /star/u/wangzhen/run20/Dielectron/miniTree/output/576A9456E74CDD1B19A67E20E10AF883_915.root
read in 9th file: /star/u/wangzhen/run20/Dielectron/miniTree/output/576A9456E74CDD1B19A67E20E10AF883_916.root
read in 10th file: /star/u/wangzhen/run20/Dielectron/miniTree/output/576A9456E74CDD1B19A67E20E10AF883_917.root
read in 11th file: /star/u/wangzhen/run20/Dielectron/miniTree/output/576A9456E74CDD1B19A67E20E10AF883_918.root
read in 12th file: /star/u/wangzhen/run20/Dielectron/miniTree/output/576A9456E74CDD1B19A67E20E10AF883_919.root
read in 13th file: /star/u/wangzhen/run20/Dielectron/miniTree/output/576A9456E74CDD1B19A67E20E10AF883_920.root
read in 14th file: /star/u/wangzhen/run20/Dielectron/miniTree/output/576A9456E74CDD1B19A67E20E10AF883_921.root
read in 15th file: /star/u/wangzhen/run20/Dielectron/miniTree/output/576A9456E74CDD1B19A67E20E10AF883_922.root
read in 16th file: /star/u/wangzhen/run20/Dielectron/miniTree/output/576A9456E74CDD1B19A67E20E10AF883_923.root
read in 17th file: /star/u/wangzhen/run20/Dielectron/miniTree/output/576A9456E74CDD1B19A67E20E10AF883_924.root
read in 18th file: /star/u/wangzhen/run20/Dielectron/miniTree/output/576A9456E74CDD1B19A67E20E10AF883_925.root
read in 19th file: /star/u/wangzhen/run20/Dielectron/miniTree/output/576A9456E74CDD1B19A67E20E10AF883_926.root
read in 20th file: /star/u/wangzhen/run20/Dielectron/miniTree/output/576A9456E74CDD1B19A67E20E10AF883_927.root
read in 21th file: /star/u/wangzhen/run20/Dielectron/miniTree/output/576A9456E74CDD1B19A67E20E10AF883_928.root
read in 22th file: /star/u/wangzhen/run20/Dielectron/miniTree/output/576A9456E74CDD1B19A67E20E10AF883_929.root
read in 23th file: /star/u/wangzhen/run20/Dielectron/miniTree/output/576A9456E74CDD1B19A67E20E10AF883_92.root
read in 24th file: /star/u/wangzhen/run20/Dielectron/miniTree/output/576A9456E74CDD1B19A67E20E10AF883_930.root
read in 25th file: /star/u/wangzhen/run20/Dielectron/miniTree/output/576A9456E74CDD1B19A67E20E10AF883_931.root
read in 26th file: /star/u/wangzhen/run20/Dielectron/miniTree/output/576A9456E74CDD1B19A67E20E10AF883_932.root
read in 27th file: /star/u/wangzhen/run20/Dielectron/miniTree/output/576A9456E74CDD1B19A67E20E10AF883_933.root
read in 28th file: /star/u/wangzhen/run20/Dielectron/miniTree/output/576A9456E74CDD1B19A67E20E10AF883_934.root
read in 29th file: /star/u/wangzhen/run20/Dielectron/miniTree/output/576A9456E74CDD1B19A67E20E10AF883_935.root
read in 30th file: /star/u/wangzhen/run20/Dielectron/miniTree/output/576A9456E74CDD1B19A67E20E10AF883_936.root
read in 31th file: /star/u/wangzhen/run20/Dielectron/miniTree/output/576A9456E74CDD1B19A67E20E10AF883_937.root
read in 32th file: /star/u/wangzhen/run20/Dielectron/miniTree/output/576A9456E74CDD1B19A67E20E10AF883_938.root
read in 33th file: /star/u/wangzhen/run20/Dielectron/miniTree/output/576A9456E74CDD1B19A67E20E10AF883_939.root
read in 34th file: /star/u/wangzhen/run20/Dielectron/miniTree/output/576A9456E74CDD1B19A67E20E10AF883_93.root
read in 35th file: /star/u/wangzhen/run20/Dielectron/miniTree/output/576A9456E74CDD1B19A67E20E10AF883_940.root
read in 36th file: /star/u/wangzhen/run20/Dielectron/miniTree/output/576A9456E74CDD1B19A67E20E10AF883_941.root
read in 37th file: /star/u/wangzhen/run20/Dielectron/miniTree/output/576A9456E74CDD1B19A67E20E10AF883_942.root
read in 38th file: /star/u/wangzhen/run20/Dielectron/miniTree/output/576A9456E74CDD1B19A67E20E10AF883_943.root
read in 39th file: /star/u/wangzhen/run20/Dielectron/miniTree/output/576A9456E74CDD1B19A67E20E10AF883_944.root
8990009 events
begin 0th entry....
begin 899000th entry....
begin 1798000th entry....
begin 2697000th entry....
begin 3596000th entry....
begin 4495000th entry....
begin 5394000th entry....
begin 6293000th entry....
begin 7192000th entry....
begin 8091000th entry....
begin 8990000th entry....
size of vector runNumber: 768
21169039
21170010
21170012
21170016
21170017
21170031
21171010
21171013
21171017
21171028
21171032
21171033
21171034
21171035
21172002
21172011
21172013
21172014
21172033
21172034
21173001
21173006
21173017
21173018
21173022
21173024
21173026
21173027
21173029
21173031
21173032
21174001
21192010
21192011
21192012
21192014
21192015
21192017
21192018
21192019
21192020
21192022
21192024
21192025
21192026
21193001
21193006
21193007
21193009
21193010
21193011
21193014
21193015
21193018
21193019
21193020
21193022
21193024
21193025
21193027
21193028
21193031
21193032
21193033
21194002
21194027
21194028
21194029
21194030
21194031
21194033
21194034
21194035
21194036
21195001
21195002
21195003
21195004
21195005
21195007
21195008
21195009
21195010
21195015
21195017
21195018
21195020
21195023
21195025
21195026
21195028
21195029
21195030
21195031
21195032
21195034
21196003
21196005
21196007
21196008
21196009
21196013
21196014
21197003
21197006
21197008
21197009
21197010
21197011
21197012
21197013
21198001
21198002
21198003
21198004
21198005
21198006
21198007
21198009
21198010
21198011
21198012
21198013
21198014
21198015
21198016
21198019
21198020
21198021
21198022
21198023
21198024
21198025
21198026
21198027
21198029
21198030
21198031
21199001
21199002
21199003
21199004
21199005
21199006
21199009
21199010
21199011
21199012
21199013
21199014
21199017
21199018
21199019
21199020
21199023
21199024
21199025
21199026
21199027
21200001
21200002
21200003
21200005
21200007
21200008
21200009
21200010
21200012
21200013
21200014
21200018
21200019
21200020
21203017
21203019
21204001
21204002
21204003
21204005
21204007
21204008
21204009
21204010
21204013
21205006
21205008
21205010
21205011
21205013
21205014
21205015
21205016
21205020
21205025
21205027
21205028
21205029
21205030
21205031
21205032
21206001
21206002
21206004
21206005
21206007
21206008
21206016
21206017
21206018
21206019
21206021
21206022
21206023
21206025
21206026
21206027
21206028
21206029
21206030
21207002
21207003
21207004
21207005
21207008
21208027
21208028
21208034
21208036
21208037
21208038
21208041
21208042
21208043
21209002
21209003
21209004
21209005
21209006
21209009
21209010
21209011
21209013
21209015
21209019
21209020
21209022
21209023
21209025
21209026
21209027
21209029
21209030
21209031
21209032
21210001
21210002
21210003
21210004
21210009
21210011
21210012
21210013
21210014
21210015
21210016
21210046
21210047
21210048
21210049
21210050
21210052
21211001
21211002
21211003
21211004
21211005
21211007
21211008
21211010
21211011
21211012
21211013
21211014
21211015
21211017
21211018
21211019
21211020
21211021
21212002
21212009
21212010
21212011
21212012
21212014
21212015
21212019
21212021
21212022
21212024
21212025
21212026
21212031
21212032
21212033
21212034
21212035
21213002
21213003
21213004
21213005
21213006
21213007
21213008
21213009
21213010
21213012
21213017
21213018
21213019
21217001
21217002
21217005
21217006
21217007
21217008
21217009
21217010
21217017
21217018
21217020
21218001
21218002
21218004
21218007
21218013
21218016
21218017
21218021
21218022
21218023
21218024
21218025
21218026
21219001
21219002
21219007
21219008
21219011
21219014
21219017
21219018
21219019
21219020
21219023
21219025
21219027
21219028
21219029
21219030
21219031
21219033
21220010
21220015
21220016
21220019
21220025
21220026
21220031
21220033
21220035
21220036
21220038
21220041
21220042
21220043
21221001
21221002
21221003
21221006
21221007
21221009
21221011
21221012
21221013
21221014
21221015
21221016
21221017
21221018
21221022
21221023
21221028
21221031
21221037
21222001
21222002
21222003
21222004
21222006
21222015
21222017
21222018
21222019
21222020
21222023
21222025
21222026
21222027
21222029
21222030
21222031
21223005
21223006
21223007
21223013
21223031
21223033
21223034
21223036
21223037
21223039
21223041
21223042
21223043
21224001
21224003
21224005
21224007
21224008
21224012
21224013
21224014
21224017
21224020
21224021
21224022
21224046
21224047
21224048
21225001
21225002
21225005
21225040
21225045
21225046
21225047
21225048
21225049
21225050
21226003
21226006
21226007
21226010
21226013
21226014
21227004
21227005
21227006
21227007
21227009
21227012
21227013
21227017
21227018
21227019
21227020
21227023
21227024
21227025
21227027
21227029
21227034
21227035
21227036
21227038
21228002
21228003
21228004
21228005
21228006
21228007
21228009
21228010
21228011
21228012
21228013
21228014
21228015
21228017
21228019
21228022
21228023
21228025
21228026
21228027
21228029
21228031
21229003
21229004
21229005
21229007
21229008
21229009
21229010
21229012
21229013
21229015
21229016
21229017
21229042
21229043
21229044
21229048
21230002
21230007
21230008
21230012
21230013
21230029
21231002
21231003
21231004
21231005
21231009
21231010
21231011
21231013
21231014
21231015
21231016
21231017
21231020
21231021
21231022
21231023
21231024
21231025
21231026
21231028
21231031
21231032
21231033
21231034
21232004
21232007
21232008
21232012
21232013
21232014
21233003
21233005
21233006
21233008
21233009
21233010
21233012
21233022
21233023
21233024
21233025
21233026
21233028
21233029
21233030
21233031
21233032
21233034
21233035
21233036
21233037
21234002
21234004
21234005
21234006
21234007
21234009
21234010
21234011
21234015
21234016
21234019
21234023
21234025
21234026
21234028
21234029
21234031
21234032
21235001
21235003
21235005
21235007
21235008
21235009
21235011
21235015
21235017
21235020
21235021
21235022
21235023
21235024
21235026
21235027
21235028
21235029
21235037
21235038
21235039
21235040
21235041
21236003
21236005
21236007
21236008
21236010
21236011
21236013
21236014
21236017
21236018
21236019
21236020
21236021
21236022
21236023
21236024
21236025
21236026
21236027
21236028
21236029
21236031
21236032
21236035
21237001
21237004
21237005
21237006
21237007
21237008
21237009
21237010
21237011
21237012
21237013
21237023
21237034
21237036
21238004
21238007
21238009
21238013
21238014
21238017
21238019
21238020
21238026
21238029
21238030
21238031
21238032
21238033
21238043
21238045
21239001
21239002
21239004
21239011
21239012
21239013
21239014
21239016
21239017
21239018
21239019
21239022
21239023
21239025
21239026
21239028
21239029
21240002
21240005
21240006
21240010
21241006
21241007
21241009
21241010
21241011
21241012
21241013
21241014
21241015
21241016
21241017
21241021
21241022
21241025
21241026
21241028
21241029
21241030
21241031
21242007
21242008
21242009
21242012
21242014
21242015
21242016
21242018
21242022
21242024
21242025
21242026
21242027
21242030
21242031
21242032
21242033
21243001
21243002
21243003
21243004
21243005
21243007
21243008
21243009
21243014
21243015
21243016
21243034
21243038
21243042
21243044
21243047
21243048
21243049
21243050
21244002
21244003
21244007
21244008
21244009
21244011
21244013
21244014
21244022
21244023
21244025
21244026
21244027
21244028
21244029
21244030
21244031
21244032
21244034
21244036
21245001
21245005
21245006
21245007
21245008
21245010
end of program
