read in 0th file: /star/u/wangzhen/run20/Dielectron/miniTree/output/576A9456E74CDD1B19A67E20E10AF883_318.root
read in 1th file: /star/u/wangzhen/run20/Dielectron/miniTree/output/576A9456E74CDD1B19A67E20E10AF883_319.root
read in 2th file: /star/u/wangzhen/run20/Dielectron/miniTree/output/576A9456E74CDD1B19A67E20E10AF883_320.root
read in 3th file: /star/u/wangzhen/run20/Dielectron/miniTree/output/576A9456E74CDD1B19A67E20E10AF883_321.root
read in 4th file: /star/u/wangzhen/run20/Dielectron/miniTree/output/576A9456E74CDD1B19A67E20E10AF883_322.root
read in 5th file: /star/u/wangzhen/run20/Dielectron/miniTree/output/576A9456E74CDD1B19A67E20E10AF883_323.root
read in 6th file: /star/u/wangzhen/run20/Dielectron/miniTree/output/576A9456E74CDD1B19A67E20E10AF883_324.root
read in 7th file: /star/u/wangzhen/run20/Dielectron/miniTree/output/576A9456E74CDD1B19A67E20E10AF883_325.root
read in 8th file: /star/u/wangzhen/run20/Dielectron/miniTree/output/576A9456E74CDD1B19A67E20E10AF883_326.root
read in 9th file: /star/u/wangzhen/run20/Dielectron/miniTree/output/576A9456E74CDD1B19A67E20E10AF883_327.root
read in 10th file: /star/u/wangzhen/run20/Dielectron/miniTree/output/576A9456E74CDD1B19A67E20E10AF883_328.root
read in 11th file: /star/u/wangzhen/run20/Dielectron/miniTree/output/576A9456E74CDD1B19A67E20E10AF883_329.root
read in 12th file: /star/u/wangzhen/run20/Dielectron/miniTree/output/576A9456E74CDD1B19A67E20E10AF883_32.root
read in 13th file: /star/u/wangzhen/run20/Dielectron/miniTree/output/576A9456E74CDD1B19A67E20E10AF883_330.root
read in 14th file: /star/u/wangzhen/run20/Dielectron/miniTree/output/576A9456E74CDD1B19A67E20E10AF883_331.root
read in 15th file: /star/u/wangzhen/run20/Dielectron/miniTree/output/576A9456E74CDD1B19A67E20E10AF883_332.root
read in 16th file: /star/u/wangzhen/run20/Dielectron/miniTree/output/576A9456E74CDD1B19A67E20E10AF883_333.root
read in 17th file: /star/u/wangzhen/run20/Dielectron/miniTree/output/576A9456E74CDD1B19A67E20E10AF883_334.root
read in 18th file: /star/u/wangzhen/run20/Dielectron/miniTree/output/576A9456E74CDD1B19A67E20E10AF883_335.root
read in 19th file: /star/u/wangzhen/run20/Dielectron/miniTree/output/576A9456E74CDD1B19A67E20E10AF883_336.root
read in 20th file: /star/u/wangzhen/run20/Dielectron/miniTree/output/576A9456E74CDD1B19A67E20E10AF883_337.root
read in 21th file: /star/u/wangzhen/run20/Dielectron/miniTree/output/576A9456E74CDD1B19A67E20E10AF883_338.root
read in 22th file: /star/u/wangzhen/run20/Dielectron/miniTree/output/576A9456E74CDD1B19A67E20E10AF883_339.root
read in 23th file: /star/u/wangzhen/run20/Dielectron/miniTree/output/576A9456E74CDD1B19A67E20E10AF883_33.root
read in 24th file: /star/u/wangzhen/run20/Dielectron/miniTree/output/576A9456E74CDD1B19A67E20E10AF883_340.root
read in 25th file: /star/u/wangzhen/run20/Dielectron/miniTree/output/576A9456E74CDD1B19A67E20E10AF883_341.root
read in 26th file: /star/u/wangzhen/run20/Dielectron/miniTree/output/576A9456E74CDD1B19A67E20E10AF883_342.root
read in 27th file: /star/u/wangzhen/run20/Dielectron/miniTree/output/576A9456E74CDD1B19A67E20E10AF883_343.root
read in 28th file: /star/u/wangzhen/run20/Dielectron/miniTree/output/576A9456E74CDD1B19A67E20E10AF883_344.root
read in 29th file: /star/u/wangzhen/run20/Dielectron/miniTree/output/576A9456E74CDD1B19A67E20E10AF883_345.root
read in 30th file: /star/u/wangzhen/run20/Dielectron/miniTree/output/576A9456E74CDD1B19A67E20E10AF883_346.root
read in 31th file: /star/u/wangzhen/run20/Dielectron/miniTree/output/576A9456E74CDD1B19A67E20E10AF883_347.root
read in 32th file: /star/u/wangzhen/run20/Dielectron/miniTree/output/576A9456E74CDD1B19A67E20E10AF883_348.root
read in 33th file: /star/u/wangzhen/run20/Dielectron/miniTree/output/576A9456E74CDD1B19A67E20E10AF883_349.root
read in 34th file: /star/u/wangzhen/run20/Dielectron/miniTree/output/576A9456E74CDD1B19A67E20E10AF883_34.root
read in 35th file: /star/u/wangzhen/run20/Dielectron/miniTree/output/576A9456E74CDD1B19A67E20E10AF883_350.root
read in 36th file: /star/u/wangzhen/run20/Dielectron/miniTree/output/576A9456E74CDD1B19A67E20E10AF883_351.root
read in 37th file: /star/u/wangzhen/run20/Dielectron/miniTree/output/576A9456E74CDD1B19A67E20E10AF883_352.root
read in 38th file: /star/u/wangzhen/run20/Dielectron/miniTree/output/576A9456E74CDD1B19A67E20E10AF883_353.root
read in 39th file: /star/u/wangzhen/run20/Dielectron/miniTree/output/576A9456E74CDD1B19A67E20E10AF883_354.root
9513242 events
begin 0th entry....
begin 951324th entry....
begin 1902648th entry....
begin 2853972th entry....
begin 3805296th entry....
begin 4756620th entry....
begin 5707944th entry....
begin 6659268th entry....
begin 7610592th entry....
begin 8561916th entry....
begin 9513240th entry....
size of vector runNumber: 810
21170010
21170011
21170013
21170029
21170035
21171002
21171007
21171013
21171016
21171025
21171030
21171032
21171035
21171040
21172001
21172002
21172008
21172009
21172011
21172012
21172014
21172033
21172034
21173016
21173017
21173020
21173022
21173024
21173025
21173026
21173027
21173028
21173029
21173030
21173031
21173032
21174001
21174002
21174003
21174004
21174006
21174008
21174009
21174011
21174049
21174050
21174051
21174052
21175003
21175004
21175007
21175008
21175009
21175023
21175025
21175026
21175030
21175031
21175032
21175033
21175034
21176004
21176009
21176010
21176014
21176015
21176016
21176020
21176021
21176025
21176027
21176028
21177001
21177002
21177004
21177006
21177007
21177009
21177010
21177011
21177018
21177019
21177020
21177021
21177022
21177024
21177026
21177028
21177030
21177031
21177032
21178007
21178008
21178009
21178010
21178012
21178013
21178028
21178029
21178030
21178031
21179001
21179004
21179006
21179007
21179008
21179010
21179011
21179012
21179014
21179018
21179019
21179021
21179022
21179024
21179026
21179033
21179036
21179037
21179038
21179040
21180006
21180007
21180008
21180010
21180014
21180025
21180026
21180029
21180030
21180031
21180033
21181001
21181002
21181005
21181006
21181008
21181009
21181011
21181012
21181013
21181015
21181016
21181017
21181018
21181019
21181020
21181021
21181024
21181025
21181027
21181029
21181030
21181031
21181032
21181034
21181035
21182001
21182002
21182006
21182007
21182021
21182037
21182041
21182043
21182045
21182046
21182049
21183005
21183007
21183017
21183018
21183022
21183023
21183024
21183025
21184010
21184011
21184012
21184025
21184026
21184028
21184029
21184030
21184032
21184033
21185001
21185002
21185005
21185007
21185009
21185011
21185012
21185013
21185019
21185020
21185021
21185038
21186009
21186010
21186011
21186013
21186014
21186016
21186017
21186018
21186019
21186020
21186021
21186022
21186023
21186024
21186025
21186026
21186027
21187001
21187003
21187004
21187006
21187008
21187009
21187010
21187015
21187017
21187019
21187021
21187022
21187023
21187024
21187026
21187027
21187030
21187031
21188001
21188002
21188003
21188004
21188005
21188007
21188008
21188009
21188010
21188012
21188013
21188014
21188015
21188016
21188017
21188028
21188029
21188030
21188031
21188032
21189003
21189005
21189011
21189012
21189039
21189040
21190001
21190002
21190003
21190004
21190005
21190006
21190008
21190009
21190010
21190053
21190054
21190056
21191001
21191002
21191004
21191007
21191008
21191009
21192001
21192002
21192006
21192007
21203017
21203018
21203019
21204001
21204002
21204003
21204005
21204008
21204009
21205002
21205003
21205007
21205010
21205014
21205015
21205016
21205020
21205025
21205028
21205029
21205030
21205031
21205032
21206002
21206003
21206004
21206005
21206007
21206008
21206016
21206017
21206018
21206019
21206020
21206022
21206025
21206026
21206027
21206028
21206029
21206030
21207002
21207003
21207004
21207005
21207008
21208027
21208034
21208036
21208037
21208038
21208039
21208041
21208042
21208043
21209001
21209002
21209003
21209004
21209005
21209006
21209007
21209008
21209009
21209010
21209011
21209012
21209013
21209020
21209022
21209023
21209025
21209026
21209027
21209028
21209029
21209031
21209032
21210001
21210003
21210004
21210010
21210013
21210014
21210015
21210016
21210046
21210048
21210049
21210050
21210052
21211003
21211005
21211007
21211008
21211010
21211011
21211012
21211013
21211014
21211015
21211016
21211017
21211018
21211019
21211020
21211021
21212001
21212002
21212009
21212011
21212014
21212015
21212019
21212021
21212022
21212023
21212032
21212034
21212035
21213002
21213005
21213006
21213007
21213008
21213009
21213011
21213012
21213013
21213017
21213018
21213020
21217001
21217003
21217005
21217006
21217007
21217008
21217009
21217010
21217011
21217015
21217017
21217018
21217019
21217020
21218001
21218003
21218004
21218005
21218020
21218023
21219002
21219008
21219009
21219010
21219012
21219014
21219015
21219016
21219017
21219018
21219019
21219023
21219027
21219028
21219029
21219030
21219033
21220003
21220004
21220017
21220020
21220024
21220025
21220026
21220031
21220032
21220033
21220034
21220037
21220038
21220039
21220040
21220041
21220042
21220043
21221001
21221003
21221004
21221005
21221007
21221009
21221012
21221013
21221015
21221016
21221017
21221022
21221023
21221026
21221027
21221029
21221030
21221031
21222001
21222003
21222004
21222005
21222006
21222015
21222016
21222018
21222019
21222020
21222023
21222025
21222026
21222028
21222030
21222031
21222032
21222033
21223002
21223003
21223005
21223007
21223015
21223032
21223034
21223035
21223037
21223038
21223039
21223041
21223042
21223043
21224001
21224002
21224003
21224004
21224005
21224007
21224008
21224013
21224015
21224020
21224046
21224048
21224049
21225001
21225002
21225003
21225007
21225042
21225045
21225047
21225048
21225049
21226003
21226006
21226007
21226010
21226011
21226013
21226014
21227004
21227007
21227009
21227017
21227018
21227019
21227020
21227021
21227022
21227023
21227025
21227026
21227027
21227029
21227030
21227035
21227038
21228002
21228003
21228004
21228005
21228006
21228007
21228009
21228010
21228011
21228012
21228013
21228014
21228015
21228017
21228019
21228022
21228023
21228025
21228026
21228027
21228028
21228029
21228031
21229001
21229002
21229003
21229004
21229005
21229006
21229009
21229010
21229012
21229013
21229016
21229017
21229018
21229019
21229020
21229021
21229027
21229028
21229041
21229043
21229045
21230001
21230007
21230008
21230011
21230012
21230013
21230029
21231002
21231003
21231004
21231005
21231006
21231009
21231010
21231011
21231013
21231014
21231015
21231016
21231020
21231022
21231023
21231024
21231025
21231026
21231027
21231030
21231033
21232001
21232007
21232012
21232013
21232015
21233003
21233005
21233008
21233009
21233010
21233012
21233013
21233021
21233022
21233024
21233025
21233026
21233027
21233028
21233030
21233031
21233032
21233035
21233036
21233037
21233039
21234001
21234002
21234003
21234004
21234007
21234009
21234010
21234011
21234015
21234016
21234017
21234020
21234022
21234023
21234025
21234028
21234029
21234032
21235005
21235007
21235008
21235009
21235011
21235014
21235015
21235020
21235021
21235022
21235023
21235024
21235025
21235026
21235027
21235028
21235029
21235034
21235037
21235039
21235040
21235042
21236002
21236004
21236006
21236007
21236008
21236011
21236012
21236013
21236014
21236018
21236019
21236020
21236021
21236022
21236023
21236025
21236026
21236027
21236028
21236030
21236031
21236032
21236033
21236035
21237004
21237005
21237007
21237021
21237022
21237023
21237032
21237034
21237036
21237037
21238005
21238006
21238010
21238017
21238021
21238027
21238031
21238032
21238033
21238037
21238045
21238046
21239002
21239003
21239011
21239012
21239015
21239017
21239018
21239019
21239025
21239029
21239030
21240001
21240002
21240003
21240005
21240006
21241006
21241009
21241010
21241013
21241014
21241017
21241018
21241022
21241025
21241026
21241027
21241028
21242008
21242011
21242012
21242014
21242017
21242020
21242021
21242024
21242025
21242028
21242029
21242032
21243001
21243006
21243007
21243008
21243010
21243012
21243014
21243015
21243016
21243033
21243038
21243043
21244006
21244013
21244023
21244027
21244028
21244030
21244034
21245001
21245007
21245008
end of program
