read in 0th file: /star/u/wangzhen/run20/Dielectron/miniTree/output/576A9456E74CDD1B19A67E20E10AF883_392.root
read in 1th file: /star/u/wangzhen/run20/Dielectron/miniTree/output/576A9456E74CDD1B19A67E20E10AF883_393.root
read in 2th file: /star/u/wangzhen/run20/Dielectron/miniTree/output/576A9456E74CDD1B19A67E20E10AF883_394.root
read in 3th file: /star/u/wangzhen/run20/Dielectron/miniTree/output/576A9456E74CDD1B19A67E20E10AF883_395.root
read in 4th file: /star/u/wangzhen/run20/Dielectron/miniTree/output/576A9456E74CDD1B19A67E20E10AF883_396.root
read in 5th file: /star/u/wangzhen/run20/Dielectron/miniTree/output/576A9456E74CDD1B19A67E20E10AF883_397.root
read in 6th file: /star/u/wangzhen/run20/Dielectron/miniTree/output/576A9456E74CDD1B19A67E20E10AF883_398.root
read in 7th file: /star/u/wangzhen/run20/Dielectron/miniTree/output/576A9456E74CDD1B19A67E20E10AF883_399.root
read in 8th file: /star/u/wangzhen/run20/Dielectron/miniTree/output/576A9456E74CDD1B19A67E20E10AF883_3.root
read in 9th file: /star/u/wangzhen/run20/Dielectron/miniTree/output/576A9456E74CDD1B19A67E20E10AF883_400.root
read in 10th file: /star/u/wangzhen/run20/Dielectron/miniTree/output/576A9456E74CDD1B19A67E20E10AF883_401.root
read in 11th file: /star/u/wangzhen/run20/Dielectron/miniTree/output/576A9456E74CDD1B19A67E20E10AF883_402.root
read in 12th file: /star/u/wangzhen/run20/Dielectron/miniTree/output/576A9456E74CDD1B19A67E20E10AF883_403.root
read in 13th file: /star/u/wangzhen/run20/Dielectron/miniTree/output/576A9456E74CDD1B19A67E20E10AF883_404.root
read in 14th file: /star/u/wangzhen/run20/Dielectron/miniTree/output/576A9456E74CDD1B19A67E20E10AF883_405.root
read in 15th file: /star/u/wangzhen/run20/Dielectron/miniTree/output/576A9456E74CDD1B19A67E20E10AF883_406.root
read in 16th file: /star/u/wangzhen/run20/Dielectron/miniTree/output/576A9456E74CDD1B19A67E20E10AF883_407.root
read in 17th file: /star/u/wangzhen/run20/Dielectron/miniTree/output/576A9456E74CDD1B19A67E20E10AF883_408.root
read in 18th file: /star/u/wangzhen/run20/Dielectron/miniTree/output/576A9456E74CDD1B19A67E20E10AF883_409.root
read in 19th file: /star/u/wangzhen/run20/Dielectron/miniTree/output/576A9456E74CDD1B19A67E20E10AF883_410.root
read in 20th file: /star/u/wangzhen/run20/Dielectron/miniTree/output/576A9456E74CDD1B19A67E20E10AF883_411.root
read in 21th file: /star/u/wangzhen/run20/Dielectron/miniTree/output/576A9456E74CDD1B19A67E20E10AF883_412.root
read in 22th file: /star/u/wangzhen/run20/Dielectron/miniTree/output/576A9456E74CDD1B19A67E20E10AF883_413.root
read in 23th file: /star/u/wangzhen/run20/Dielectron/miniTree/output/576A9456E74CDD1B19A67E20E10AF883_414.root
read in 24th file: /star/u/wangzhen/run20/Dielectron/miniTree/output/576A9456E74CDD1B19A67E20E10AF883_415.root
read in 25th file: /star/u/wangzhen/run20/Dielectron/miniTree/output/576A9456E74CDD1B19A67E20E10AF883_416.root
read in 26th file: /star/u/wangzhen/run20/Dielectron/miniTree/output/576A9456E74CDD1B19A67E20E10AF883_417.root
read in 27th file: /star/u/wangzhen/run20/Dielectron/miniTree/output/576A9456E74CDD1B19A67E20E10AF883_418.root
read in 28th file: /star/u/wangzhen/run20/Dielectron/miniTree/output/576A9456E74CDD1B19A67E20E10AF883_419.root
read in 29th file: /star/u/wangzhen/run20/Dielectron/miniTree/output/576A9456E74CDD1B19A67E20E10AF883_420.root
read in 30th file: /star/u/wangzhen/run20/Dielectron/miniTree/output/576A9456E74CDD1B19A67E20E10AF883_421.root
read in 31th file: /star/u/wangzhen/run20/Dielectron/miniTree/output/576A9456E74CDD1B19A67E20E10AF883_422.root
read in 32th file: /star/u/wangzhen/run20/Dielectron/miniTree/output/576A9456E74CDD1B19A67E20E10AF883_423.root
read in 33th file: /star/u/wangzhen/run20/Dielectron/miniTree/output/576A9456E74CDD1B19A67E20E10AF883_424.root
read in 34th file: /star/u/wangzhen/run20/Dielectron/miniTree/output/576A9456E74CDD1B19A67E20E10AF883_425.root
read in 35th file: /star/u/wangzhen/run20/Dielectron/miniTree/output/576A9456E74CDD1B19A67E20E10AF883_426.root
read in 36th file: /star/u/wangzhen/run20/Dielectron/miniTree/output/576A9456E74CDD1B19A67E20E10AF883_427.root
read in 37th file: /star/u/wangzhen/run20/Dielectron/miniTree/output/576A9456E74CDD1B19A67E20E10AF883_428.root
read in 38th file: /star/u/wangzhen/run20/Dielectron/miniTree/output/576A9456E74CDD1B19A67E20E10AF883_429.root
read in 39th file: /star/u/wangzhen/run20/Dielectron/miniTree/output/576A9456E74CDD1B19A67E20E10AF883_42.root
8546845 events
begin 0th entry....
begin 854684th entry....
begin 1709368th entry....
begin 2564052th entry....
begin 3418736th entry....
begin 4273420th entry....
begin 5128104th entry....
begin 5982788th entry....
begin 6837472th entry....
begin 7692156th entry....
begin 8546840th entry....
size of vector runNumber: 767
21169035
21169037
21169038
21170002
21170003
21170006
21170007
21170011
21170013
21170018
21170020
21170022
21170023
21170024
21170027
21170029
21170030
21171004
21171005
21171008
21171010
21171013
21171025
21171026
21171028
21171031
21171035
21171038
21172001
21172009
21172013
21172014
21172032
21172033
21172037
21173014
21173015
21173016
21173017
21173018
21173020
21173024
21173025
21173026
21173027
21173028
21173031
21173032
21174001
21174003
21174004
21174005
21174006
21174008
21174009
21174011
21174049
21174050
21174051
21174052
21175004
21175006
21175023
21175030
21175033
21176001
21176011
21176013
21176015
21176016
21176020
21176021
21176023
21176026
21177001
21177002
21177003
21177004
21177005
21177006
21177007
21177009
21177011
21177012
21177018
21177019
21177021
21177022
21177024
21177026
21177027
21177030
21177031
21177032
21178003
21178007
21178008
21178009
21178010
21178012
21178013
21178028
21178029
21178030
21178031
21179001
21179002
21179004
21179005
21179006
21179007
21179008
21179010
21179011
21179012
21179014
21179018
21179023
21179024
21179033
21179037
21179039
21179040
21180003
21180004
21180005
21180006
21180007
21180008
21180010
21180012
21180014
21180026
21180028
21180030
21180031
21180033
21181001
21181004
21181005
21181008
21181009
21181011
21181012
21181015
21181016
21181017
21181018
21181019
21181020
21181021
21181022
21181023
21181024
21181025
21181028
21181029
21181030
21181031
21181033
21181034
21181035
21182002
21182005
21182009
21182021
21182041
21182043
21182045
21182046
21182047
21182050
21182052
21183004
21183005
21183013
21183014
21183017
21183018
21183019
21183020
21183022
21183023
21183025
21184010
21184011
21184013
21184014
21184015
21184025
21184028
21184029
21184030
21184032
21184033
21184034
21185001
21185002
21185005
21185007
21185008
21185010
21185011
21185012
21185013
21185020
21185021
21185038
21186009
21186010
21186011
21186013
21186016
21186017
21186018
21186019
21186021
21186023
21186024
21186025
21186026
21186027
21187001
21187002
21187004
21187005
21187006
21187008
21187009
21187010
21187015
21187016
21187019
21187020
21187021
21187022
21187023
21187024
21187025
21187027
21187029
21187030
21187031
21187032
21188001
21188002
21188003
21188006
21188007
21188008
21188009
21188014
21188015
21188017
21188027
21188028
21188029
21188032
21189001
21189002
21189003
21189004
21189005
21189006
21189011
21189012
21189039
21189040
21190002
21190003
21190004
21190006
21190007
21190008
21190053
21190054
21190055
21190056
21191001
21191002
21191003
21191007
21191008
21191009
21192001
21192002
21192006
21192007
21192009
21192010
21192011
21192013
21192014
21192015
21192017
21192018
21192019
21192020
21192022
21192024
21192025
21193007
21193009
21193010
21193011
21193013
21193014
21193015
21193018
21193019
21193020
21193021
21193022
21193024
21193025
21193028
21193032
21194002
21194024
21194026
21194027
21194028
21194030
21194031
21194032
21194033
21194034
21194035
21194036
21195001
21195004
21195007
21195008
21195009
21195010
21195015
21195017
21195019
21195020
21195023
21195025
21195026
21195028
21195029
21195030
21195031
21195032
21195033
21195034
21195035
21196003
21196004
21196005
21196007
21196009
21196010
21196011
21196012
21196013
21196014
21197003
21197005
21197006
21197007
21197008
21197009
21197010
21197011
21197012
21197013
21198001
21198002
21198003
21198004
21198005
21198006
21198007
21198008
21198009
21198010
21198011
21198012
21198013
21198014
21198015
21198016
21198019
21198020
21198022
21198023
21198024
21198026
21198029
21198031
21199002
21199003
21199004
21199005
21199006
21199010
21199011
21199012
21199013
21199014
21199015
21199017
21199020
21199021
21199023
21199024
21199025
21199026
21199028
21199029
21199030
21200001
21200002
21200003
21200005
21200006
21200007
21200008
21200011
21200012
21200014
21200017
21200018
21200020
21203017
21203018
21204001
21204002
21204003
21204004
21204006
21204007
21204008
21204009
21205008
21205010
21205011
21205012
21205013
21205014
21205015
21205016
21205020
21205025
21205027
21205030
21205031
21206003
21206004
21206005
21206007
21206016
21206017
21206018
21206019
21206020
21206021
21206022
21206024
21206027
21206028
21206030
21207002
21207003
21207004
21207005
21207007
21207008
21208027
21208028
21208034
21208037
21208038
21208040
21208041
21208042
21208043
21209002
21209003
21209004
21209005
21209006
21209007
21209009
21209010
21209011
21209012
21209013
21209014
21209019
21209020
21209022
21209023
21209025
21209027
21209030
21209031
21209032
21210001
21210002
21210003
21210004
21210005
21210010
21210012
21210013
21210014
21210015
21210016
21210046
21210047
21210049
21210050
21210052
21211001
21211002
21211003
21211004
21211008
21211011
21211012
21211014
21211015
21211016
21211017
21211018
21211019
21211021
21212002
21212008
21212012
21212014
21212019
21212021
21212023
21212026
21212031
21212032
21212033
21212035
21213001
21213002
21213003
21213005
21213006
21213007
21213008
21213009
21213010
21213011
21213016
21213018
21213020
21217003
21217004
21217005
21217006
21217007
21217008
21217009
21217010
21217011
21217015
21217020
21218001
21218004
21218005
21218006
21218007
21218013
21218016
21218022
21218025
21219010
21219011
21219014
21219015
21219016
21219020
21219023
21219024
21219026
21219028
21219029
21219030
21219032
21219033
21220002
21220003
21220015
21220017
21220020
21220026
21220031
21220033
21220035
21220036
21220038
21220039
21220040
21220041
21220042
21221001
21221003
21221004
21221006
21221007
21221009
21221010
21221011
21221012
21221015
21221018
21221024
21221026
21221027
21221028
21221030
21221037
21222001
21222002
21222004
21222006
21222008
21222015
21222017
21222022
21222026
21222029
21222030
21222031
21222032
21222033
21223002
21223007
21223014
21223015
21223016
21223030
21223033
21223034
21223035
21223041
21223042
21223043
21224001
21224002
21224003
21224004
21224005
21224007
21224009
21224010
21224013
21224014
21224015
21224016
21224020
21224048
21224049
21225001
21225002
21225005
21225006
21225007
21225043
21225044
21225045
21225048
21225049
21226003
21226006
21226007
21226008
21226011
21226012
21226013
21227004
21227005
21227007
21227009
21227012
21227013
21227017
21227018
21227019
21227020
21227021
21227023
21227024
21227025
21227026
21227027
21227029
21227030
21227035
21227036
21227038
21228001
21228002
21228003
21228004
21228005
21228007
21228008
21228009
21228010
21228011
21228012
21228013
21228014
21228015
21228021
21228022
21228025
21228026
21228027
21228028
21228029
21228030
21228031
21229001
21229003
21229004
21229007
21229008
21229010
21229011
21229012
21229016
21229017
21229018
21229019
21229020
21229027
21229041
21229042
21229043
21229044
21229045
21229046
21229048
21229049
21230001
21230002
21230008
21230011
21230012
21230029
21231002
21231003
21231005
21231006
21231009
21231010
21231013
21231014
21231015
21245003
21245006
21245007
21245009
21245010
end of program
