read in 0th file: /star/u/wangzhen/run20/Dielectron/miniTree/output/576A9456E74CDD1B19A67E20E10AF883_726.root
read in 1th file: /star/u/wangzhen/run20/Dielectron/miniTree/output/576A9456E74CDD1B19A67E20E10AF883_727.root
read in 2th file: /star/u/wangzhen/run20/Dielectron/miniTree/output/576A9456E74CDD1B19A67E20E10AF883_728.root
read in 3th file: /star/u/wangzhen/run20/Dielectron/miniTree/output/576A9456E74CDD1B19A67E20E10AF883_729.root
read in 4th file: /star/u/wangzhen/run20/Dielectron/miniTree/output/576A9456E74CDD1B19A67E20E10AF883_72.root
read in 5th file: /star/u/wangzhen/run20/Dielectron/miniTree/output/576A9456E74CDD1B19A67E20E10AF883_730.root
read in 6th file: /star/u/wangzhen/run20/Dielectron/miniTree/output/576A9456E74CDD1B19A67E20E10AF883_731.root
read in 7th file: /star/u/wangzhen/run20/Dielectron/miniTree/output/576A9456E74CDD1B19A67E20E10AF883_732.root
read in 8th file: /star/u/wangzhen/run20/Dielectron/miniTree/output/576A9456E74CDD1B19A67E20E10AF883_733.root
read in 9th file: /star/u/wangzhen/run20/Dielectron/miniTree/output/576A9456E74CDD1B19A67E20E10AF883_734.root
read in 10th file: /star/u/wangzhen/run20/Dielectron/miniTree/output/576A9456E74CDD1B19A67E20E10AF883_735.root
read in 11th file: /star/u/wangzhen/run20/Dielectron/miniTree/output/576A9456E74CDD1B19A67E20E10AF883_736.root
read in 12th file: /star/u/wangzhen/run20/Dielectron/miniTree/output/576A9456E74CDD1B19A67E20E10AF883_737.root
read in 13th file: /star/u/wangzhen/run20/Dielectron/miniTree/output/576A9456E74CDD1B19A67E20E10AF883_738.root
read in 14th file: /star/u/wangzhen/run20/Dielectron/miniTree/output/576A9456E74CDD1B19A67E20E10AF883_739.root
read in 15th file: /star/u/wangzhen/run20/Dielectron/miniTree/output/576A9456E74CDD1B19A67E20E10AF883_73.root
read in 16th file: /star/u/wangzhen/run20/Dielectron/miniTree/output/576A9456E74CDD1B19A67E20E10AF883_740.root
read in 17th file: /star/u/wangzhen/run20/Dielectron/miniTree/output/576A9456E74CDD1B19A67E20E10AF883_741.root
read in 18th file: /star/u/wangzhen/run20/Dielectron/miniTree/output/576A9456E74CDD1B19A67E20E10AF883_742.root
read in 19th file: /star/u/wangzhen/run20/Dielectron/miniTree/output/576A9456E74CDD1B19A67E20E10AF883_743.root
read in 20th file: /star/u/wangzhen/run20/Dielectron/miniTree/output/576A9456E74CDD1B19A67E20E10AF883_744.root
read in 21th file: /star/u/wangzhen/run20/Dielectron/miniTree/output/576A9456E74CDD1B19A67E20E10AF883_745.root
read in 22th file: /star/u/wangzhen/run20/Dielectron/miniTree/output/576A9456E74CDD1B19A67E20E10AF883_746.root
read in 23th file: /star/u/wangzhen/run20/Dielectron/miniTree/output/576A9456E74CDD1B19A67E20E10AF883_747.root
read in 24th file: /star/u/wangzhen/run20/Dielectron/miniTree/output/576A9456E74CDD1B19A67E20E10AF883_748.root
read in 25th file: /star/u/wangzhen/run20/Dielectron/miniTree/output/576A9456E74CDD1B19A67E20E10AF883_749.root
read in 26th file: /star/u/wangzhen/run20/Dielectron/miniTree/output/576A9456E74CDD1B19A67E20E10AF883_74.root
read in 27th file: /star/u/wangzhen/run20/Dielectron/miniTree/output/576A9456E74CDD1B19A67E20E10AF883_750.root
read in 28th file: /star/u/wangzhen/run20/Dielectron/miniTree/output/576A9456E74CDD1B19A67E20E10AF883_751.root
read in 29th file: /star/u/wangzhen/run20/Dielectron/miniTree/output/576A9456E74CDD1B19A67E20E10AF883_752.root
read in 30th file: /star/u/wangzhen/run20/Dielectron/miniTree/output/576A9456E74CDD1B19A67E20E10AF883_753.root
read in 31th file: /star/u/wangzhen/run20/Dielectron/miniTree/output/576A9456E74CDD1B19A67E20E10AF883_754.root
read in 32th file: /star/u/wangzhen/run20/Dielectron/miniTree/output/576A9456E74CDD1B19A67E20E10AF883_755.root
read in 33th file: /star/u/wangzhen/run20/Dielectron/miniTree/output/576A9456E74CDD1B19A67E20E10AF883_756.root
read in 34th file: /star/u/wangzhen/run20/Dielectron/miniTree/output/576A9456E74CDD1B19A67E20E10AF883_757.root
read in 35th file: /star/u/wangzhen/run20/Dielectron/miniTree/output/576A9456E74CDD1B19A67E20E10AF883_758.root
read in 36th file: /star/u/wangzhen/run20/Dielectron/miniTree/output/576A9456E74CDD1B19A67E20E10AF883_759.root
read in 37th file: /star/u/wangzhen/run20/Dielectron/miniTree/output/576A9456E74CDD1B19A67E20E10AF883_75.root
read in 38th file: /star/u/wangzhen/run20/Dielectron/miniTree/output/576A9456E74CDD1B19A67E20E10AF883_760.root
read in 39th file: /star/u/wangzhen/run20/Dielectron/miniTree/output/576A9456E74CDD1B19A67E20E10AF883_761.root
10618030 events
begin 0th entry....
begin 1061803th entry....
begin 2123606th entry....
begin 3185409th entry....
begin 4247212th entry....
begin 5309015th entry....
begin 6370818th entry....
begin 7432621th entry....
begin 8494424th entry....
begin 9556227th entry....
size of vector runNumber: 613
21169039
21170002
21170003
21170010
21170013
21170016
21170017
21170019
21170027
21171001
21171002
21171003
21171004
21171005
21171008
21171010
21171013
21171016
21171017
21171018
21171024
21171025
21171027
21171028
21171030
21171031
21171032
21171033
21171034
21171035
21171036
21171037
21171038
21171040
21171041
21172002
21172006
21172008
21172009
21172011
21172012
21172013
21172014
21172032
21172033
21172034
21172035
21172036
21172037
21173003
21173004
21173006
21173008
21173009
21173012
21173014
21173015
21173016
21173017
21173018
21173019
21173020
21173022
21173024
21173025
21173026
21173027
21173028
21173029
21173030
21173031
21173032
21174001
21174002
21174003
21174004
21174005
21174006
21174008
21174009
21174011
21174049
21174050
21174051
21174052
21175003
21175004
21175006
21175007
21175008
21175023
21175025
21175026
21175030
21175031
21175032
21175033
21175034
21176001
21176002
21176003
21176004
21176005
21176006
21176008
21176010
21176011
21176012
21176013
21176014
21176016
21176020
21176021
21176023
21176024
21176025
21176026
21176027
21176028
21176029
21177001
21177002
21177003
21177004
21177005
21177006
21177007
21177008
21177009
21177010
21177011
21177012
21177016
21177017
21177018
21177019
21177020
21177021
21177022
21177024
21177026
21177027
21177028
21177030
21177031
21177032
21178007
21178008
21178009
21178010
21178012
21178013
21178028
21178029
21178030
21178031
21179001
21179002
21179004
21179005
21179006
21179007
21179008
21179010
21179011
21179012
21179014
21179018
21179019
21179021
21179022
21179023
21179024
21179026
21179033
21179036
21179037
21179038
21179039
21179040
21180001
21180003
21180004
21180005
21180006
21180007
21180008
21180010
21180012
21180014
21180025
21180026
21180027
21180028
21180029
21180030
21180031
21180033
21181001
21181002
21181004
21181005
21181006
21181008
21181009
21181011
21181012
21181013
21181015
21181016
21181017
21181018
21181019
21181020
21181021
21181022
21181024
21181025
21181027
21181028
21181029
21181030
21181031
21181032
21181033
21181034
21181035
21182001
21182002
21182003
21182006
21182009
21182011
21182021
21182041
21182043
21182045
21182046
21182048
21182050
21182052
21183001
21183003
21183004
21183007
21183014
21183015
21183017
21183018
21183019
21183021
21183023
21183025
21184011
21184012
21184013
21184015
21184028
21184029
21184030
21184032
21184033
21184034
21185002
21185003
21185005
21223039
21223041
21223042
21223043
21224001
21224002
21224003
21224004
21224010
21224013
21224014
21224015
21224016
21224017
21224020
21224025
21224046
21224047
21224049
21224050
21225001
21225004
21225035
21225041
21225044
21225047
21225048
21225049
21225050
21226003
21226007
21226012
21226013
21226014
21227005
21227009
21227012
21227013
21227018
21227020
21227021
21227022
21227023
21227024
21227026
21227030
21227036
21228001
21228002
21228003
21228004
21228005
21228006
21228007
21228009
21228010
21228011
21228012
21228013
21228014
21228015
21228017
21228019
21228021
21228023
21228025
21228027
21228030
21228031
21229002
21229003
21229004
21229005
21229007
21229008
21229009
21229010
21229011
21229012
21229013
21229015
21229016
21229017
21229018
21229019
21229020
21229021
21229027
21229042
21229043
21229044
21229049
21230001
21230002
21230007
21230009
21230011
21230012
21230013
21230029
21231004
21231005
21231006
21231009
21231010
21231011
21231013
21231014
21231015
21231016
21231020
21231023
21231024
21231025
21231026
21231027
21231030
21231031
21231033
21231034
21232012
21232013
21232014
21232015
21233002
21233003
21233005
21233006
21233008
21233009
21233012
21233013
21233014
21233021
21233022
21233023
21233024
21233025
21233026
21233028
21233030
21233031
21233032
21233033
21233034
21233035
21233039
21234001
21234002
21234003
21234004
21234006
21234007
21234009
21234010
21234011
21234015
21234016
21234017
21234018
21234019
21234023
21234026
21234029
21234030
21234031
21235003
21235005
21235006
21235008
21235016
21235017
21235021
21235023
21235024
21235027
21235028
21235030
21235033
21235034
21235035
21235036
21235037
21235038
21235041
21235042
21236002
21236003
21236006
21236007
21236008
21236010
21236011
21236012
21236014
21236017
21236018
21236020
21236021
21236023
21236025
21236026
21236027
21236028
21236030
21236031
21236032
21236033
21237001
21237004
21237006
21237007
21237008
21237009
21237010
21237012
21237014
21237021
21237022
21237023
21237032
21237033
21237034
21237038
21238004
21238006
21238009
21238010
21238013
21238014
21238015
21238017
21238021
21238024
21238025
21238027
21238028
21238030
21238031
21238033
21238037
21238045
21239001
21239002
21239003
21239004
21239010
21239013
21239014
21239016
21239017
21239022
21239023
21239026
21239028
21239029
21239031
21240001
21240002
21240003
21240004
21240005
21240009
21240010
21241005
21241006
21241009
21241010
21241011
21241012
21241013
21241014
21241015
21241018
21241022
21241025
21241026
21241027
21241028
21241029
21241030
21241031
21241032
21242001
21242007
21242009
21242011
21242012
21242016
21242017
21242018
21242019
21242020
21242021
21242022
21242023
21242024
21242025
21242026
21242027
21242028
21242029
21242030
21242031
21242032
21243001
21243002
21243003
21243006
21243007
21243008
21243009
21243012
21243013
21243014
21243015
21243033
21243038
21243042
21243043
21243044
21243045
21243046
21243047
21243048
21243049
21243050
21244001
21244002
21244003
21244007
21244008
21244009
21244010
21244012
21244013
21244014
21244022
21244027
21244028
21244030
21244033
21244034
21245001
21245005
21245006
21245008
end of program
