read in 0th file: /star/u/wangzhen/run20/Dielectron/miniTree/output/576A9456E74CDD1B19A67E20E10AF883_579.root
read in 1th file: /star/u/wangzhen/run20/Dielectron/miniTree/output/576A9456E74CDD1B19A67E20E10AF883_57.root
read in 2th file: /star/u/wangzhen/run20/Dielectron/miniTree/output/576A9456E74CDD1B19A67E20E10AF883_580.root
read in 3th file: /star/u/wangzhen/run20/Dielectron/miniTree/output/576A9456E74CDD1B19A67E20E10AF883_581.root
read in 4th file: /star/u/wangzhen/run20/Dielectron/miniTree/output/576A9456E74CDD1B19A67E20E10AF883_582.root
read in 5th file: /star/u/wangzhen/run20/Dielectron/miniTree/output/576A9456E74CDD1B19A67E20E10AF883_583.root
read in 6th file: /star/u/wangzhen/run20/Dielectron/miniTree/output/576A9456E74CDD1B19A67E20E10AF883_584.root
read in 7th file: /star/u/wangzhen/run20/Dielectron/miniTree/output/576A9456E74CDD1B19A67E20E10AF883_585.root
read in 8th file: /star/u/wangzhen/run20/Dielectron/miniTree/output/576A9456E74CDD1B19A67E20E10AF883_586.root
read in 9th file: /star/u/wangzhen/run20/Dielectron/miniTree/output/576A9456E74CDD1B19A67E20E10AF883_587.root
read in 10th file: /star/u/wangzhen/run20/Dielectron/miniTree/output/576A9456E74CDD1B19A67E20E10AF883_588.root
read in 11th file: /star/u/wangzhen/run20/Dielectron/miniTree/output/576A9456E74CDD1B19A67E20E10AF883_589.root
read in 12th file: /star/u/wangzhen/run20/Dielectron/miniTree/output/576A9456E74CDD1B19A67E20E10AF883_58.root
read in 13th file: /star/u/wangzhen/run20/Dielectron/miniTree/output/576A9456E74CDD1B19A67E20E10AF883_590.root
read in 14th file: /star/u/wangzhen/run20/Dielectron/miniTree/output/576A9456E74CDD1B19A67E20E10AF883_591.root
read in 15th file: /star/u/wangzhen/run20/Dielectron/miniTree/output/576A9456E74CDD1B19A67E20E10AF883_592.root
read in 16th file: /star/u/wangzhen/run20/Dielectron/miniTree/output/576A9456E74CDD1B19A67E20E10AF883_593.root
read in 17th file: /star/u/wangzhen/run20/Dielectron/miniTree/output/576A9456E74CDD1B19A67E20E10AF883_594.root
read in 18th file: /star/u/wangzhen/run20/Dielectron/miniTree/output/576A9456E74CDD1B19A67E20E10AF883_595.root
read in 19th file: /star/u/wangzhen/run20/Dielectron/miniTree/output/576A9456E74CDD1B19A67E20E10AF883_596.root
read in 20th file: /star/u/wangzhen/run20/Dielectron/miniTree/output/576A9456E74CDD1B19A67E20E10AF883_597.root
read in 21th file: /star/u/wangzhen/run20/Dielectron/miniTree/output/576A9456E74CDD1B19A67E20E10AF883_598.root
read in 22th file: /star/u/wangzhen/run20/Dielectron/miniTree/output/576A9456E74CDD1B19A67E20E10AF883_599.root
read in 23th file: /star/u/wangzhen/run20/Dielectron/miniTree/output/576A9456E74CDD1B19A67E20E10AF883_59.root
read in 24th file: /star/u/wangzhen/run20/Dielectron/miniTree/output/576A9456E74CDD1B19A67E20E10AF883_5.root
read in 25th file: /star/u/wangzhen/run20/Dielectron/miniTree/output/576A9456E74CDD1B19A67E20E10AF883_600.root
read in 26th file: /star/u/wangzhen/run20/Dielectron/miniTree/output/576A9456E74CDD1B19A67E20E10AF883_601.root
read in 27th file: /star/u/wangzhen/run20/Dielectron/miniTree/output/576A9456E74CDD1B19A67E20E10AF883_602.root
read in 28th file: /star/u/wangzhen/run20/Dielectron/miniTree/output/576A9456E74CDD1B19A67E20E10AF883_603.root
read in 29th file: /star/u/wangzhen/run20/Dielectron/miniTree/output/576A9456E74CDD1B19A67E20E10AF883_604.root
read in 30th file: /star/u/wangzhen/run20/Dielectron/miniTree/output/576A9456E74CDD1B19A67E20E10AF883_605.root
read in 31th file: /star/u/wangzhen/run20/Dielectron/miniTree/output/576A9456E74CDD1B19A67E20E10AF883_606.root
read in 32th file: /star/u/wangzhen/run20/Dielectron/miniTree/output/576A9456E74CDD1B19A67E20E10AF883_607.root
read in 33th file: /star/u/wangzhen/run20/Dielectron/miniTree/output/576A9456E74CDD1B19A67E20E10AF883_608.root
read in 34th file: /star/u/wangzhen/run20/Dielectron/miniTree/output/576A9456E74CDD1B19A67E20E10AF883_609.root
read in 35th file: /star/u/wangzhen/run20/Dielectron/miniTree/output/576A9456E74CDD1B19A67E20E10AF883_60.root
read in 36th file: /star/u/wangzhen/run20/Dielectron/miniTree/output/576A9456E74CDD1B19A67E20E10AF883_610.root
read in 37th file: /star/u/wangzhen/run20/Dielectron/miniTree/output/576A9456E74CDD1B19A67E20E10AF883_611.root
read in 38th file: /star/u/wangzhen/run20/Dielectron/miniTree/output/576A9456E74CDD1B19A67E20E10AF883_612.root
read in 39th file: /star/u/wangzhen/run20/Dielectron/miniTree/output/576A9456E74CDD1B19A67E20E10AF883_613.root
9743380 events
begin 0th entry....
begin 974338th entry....
begin 1948676th entry....
begin 2923014th entry....
begin 3897352th entry....
begin 4871690th entry....
begin 5846028th entry....
begin 6820366th entry....
begin 7794704th entry....
begin 8769042th entry....
size of vector runNumber: 802
21170001
21170003
21170006
21170007
21170008
21170011
21170013
21170019
21170031
21171016
21171017
21171030
21171031
21171032
21171033
21171034
21171035
21171036
21171037
21171038
21171040
21171041
21172001
21172002
21172008
21172009
21172011
21172012
21172013
21172014
21172032
21172033
21173001
21173003
21173004
21173008
21173014
21173015
21173016
21173017
21173019
21173020
21173022
21173024
21173025
21173026
21173027
21173028
21173030
21173032
21174002
21174003
21174004
21174006
21174009
21174049
21174050
21175023
21175025
21175033
21175034
21176003
21176006
21176008
21176011
21176015
21176016
21176021
21176023
21176026
21176028
21176029
21177001
21177002
21177003
21177004
21177005
21177006
21177007
21177008
21177012
21177017
21177018
21177019
21177020
21177021
21177022
21177024
21177026
21177028
21177030
21177031
21177032
21178003
21178007
21178008
21178009
21178010
21178012
21178013
21178028
21178029
21178030
21178031
21179001
21179002
21179004
21179005
21179006
21179007
21179008
21179010
21179014
21179018
21179019
21179021
21179023
21179026
21179033
21179037
21179039
21179040
21180003
21180004
21180005
21180006
21180007
21180010
21180012
21180025
21180028
21180030
21180031
21180033
21181001
21181004
21181005
21181006
21181008
21181009
21181011
21181012
21181013
21181015
21181016
21181017
21181018
21181019
21181020
21181021
21181022
21181023
21181024
21181027
21181028
21181029
21181030
21181031
21181032
21181033
21181034
21181035
21182001
21182002
21182003
21182005
21182006
21182007
21182009
21182011
21182021
21182037
21182041
21182043
21182045
21182046
21182047
21182048
21182049
21182050
21182052
21183001
21183003
21183004
21183005
21183007
21183014
21183015
21183017
21183018
21183019
21183020
21183021
21183024
21183025
21184010
21184011
21184013
21184014
21184025
21184027
21184028
21184029
21184030
21184032
21184033
21184034
21185001
21185002
21185003
21185004
21185005
21185006
21185007
21185008
21185009
21185010
21185011
21185012
21185019
21185020
21185037
21185038
21186009
21186011
21186012
21186013
21186014
21186015
21186016
21186017
21186018
21186019
21186020
21186021
21186022
21186023
21186024
21186026
21186027
21186028
21187001
21187002
21187003
21187004
21187005
21187006
21187009
21187010
21187015
21187016
21187017
21187020
21187021
21187022
21187024
21187025
21187026
21187027
21187029
21187030
21187032
21188003
21188004
21188005
21188006
21188007
21188009
21188010
21188011
21188012
21188013
21188014
21188015
21188016
21188017
21188028
21188029
21188031
21188032
21189001
21189002
21189003
21189004
21189005
21189011
21189012
21189039
21189041
21190002
21190003
21190004
21190005
21190006
21190007
21190009
21190010
21190053
21190055
21190056
21191001
21191002
21191003
21191004
21191007
21191008
21191009
21191039
21192001
21192002
21192006
21192007
21192008
21192009
21192010
21192012
21192013
21192014
21192015
21192017
21192018
21192020
21192022
21192024
21192025
21192026
21193001
21193006
21193007
21193009
21193010
21193011
21193015
21193018
21193019
21193020
21193021
21193022
21193024
21193025
21193026
21193027
21193028
21193029
21193031
21193032
21193033
21194002
21194024
21194026
21194027
21194028
21194029
21194030
21194031
21194032
21194033
21194034
21194035
21195001
21195002
21195003
21195005
21195007
21195008
21195009
21195010
21195015
21195017
21195018
21195019
21195020
21195023
21195025
21195028
21195029
21195030
21195031
21195032
21195033
21195034
21195035
21196003
21196004
21196005
21196007
21196008
21196010
21196011
21196012
21196013
21196014
21197003
21197005
21197006
21197007
21197008
21197009
21197010
21197013
21198001
21198002
21198003
21198004
21198005
21198006
21198007
21198009
21198011
21198012
21198014
21198016
21198019
21198020
21198021
21198022
21198023
21198025
21198026
21198027
21198030
21198031
21199001
21199002
21199003
21199005
21199006
21199009
21199010
21199011
21199012
21199013
21199014
21199015
21199017
21199018
21199019
21199021
21199023
21199025
21199026
21199027
21199028
21199029
21199030
21200001
21200003
21200004
21200005
21200006
21200007
21200008
21200009
21200011
21200013
21200017
21224046
21224047
21224048
21224050
21225001
21225002
21225003
21225004
21225005
21225007
21225035
21225041
21225043
21225046
21225047
21225048
21225049
21226003
21226008
21226011
21226012
21226013
21226014
21227005
21227006
21227007
21227012
21227013
21227017
21227018
21227019
21227020
21227021
21227023
21227024
21227025
21227026
21227027
21227029
21227030
21227035
21227038
21228001
21228002
21228003
21228004
21228006
21228007
21228008
21228009
21228010
21228011
21228013
21228014
21228015
21228017
21228019
21228021
21228022
21228023
21228025
21228026
21228027
21228029
21228030
21229001
21229002
21229005
21229007
21229009
21229010
21229011
21229012
21229013
21229015
21229017
21229018
21229019
21229020
21229021
21229027
21229028
21229041
21229042
21229043
21229044
21229045
21229049
21230002
21230007
21230008
21230009
21230011
21230012
21230013
21230029
21231002
21231003
21231004
21231005
21231006
21231009
21231011
21231013
21231015
21231024
21231026
21231027
21231028
21231030
21231031
21231032
21231033
21231034
21232001
21232004
21232008
21232013
21232014
21232015
21233002
21233005
21233008
21233009
21233010
21233012
21233013
21233014
21233021
21233022
21233023
21233025
21233026
21233028
21233030
21233031
21233033
21233034
21233035
21233036
21233037
21234002
21234003
21234006
21234007
21234009
21234010
21234011
21234015
21234017
21234018
21234019
21234020
21234022
21234023
21234028
21234029
21234030
21234031
21234032
21235001
21235005
21235006
21235008
21235009
21235011
21235013
21235015
21235020
21235022
21235023
21235024
21235025
21235026
21235027
21235028
21235029
21235034
21235036
21235037
21235039
21235040
21235041
21235042
21236002
21236003
21236005
21236006
21236007
21236008
21236011
21236013
21236017
21236020
21236021
21236022
21236026
21236027
21236029
21236030
21236033
21236034
21236035
21237001
21237005
21237006
21237007
21237008
21237009
21237010
21237011
21237012
21237021
21237022
21237023
21237032
21237038
21238005
21238006
21238007
21238008
21238009
21238013
21238014
21238017
21238019
21238020
21238021
21238024
21238025
21238026
21238027
21238028
21238029
21238031
21238032
21238033
21238037
21238043
21238045
21238046
21239001
21239002
21239003
21239004
21239010
21239011
21239015
21239016
21239017
21239022
21239024
21239025
21239026
21239027
21239028
21239029
21239030
21240001
21240002
21240005
21240006
21240009
21240010
21241007
21241008
21241009
21241010
21241011
21241012
21241014
21241015
21241016
21241017
21241018
21241021
21241022
21241025
21241026
21241027
21241029
21241030
21241032
21242001
21242007
21242008
21242009
21242011
21242012
21242014
21242015
21242016
21242017
21242018
21242019
21242023
21242024
21242028
21242029
21242031
21242032
21242033
21243002
21243003
21243004
21243006
21243007
21243008
21243009
21243012
21243013
21243014
21243015
21243016
21243033
21243034
21243038
21243045
21243046
21243047
21243048
21243049
21243050
21244001
21244002
21244003
21244004
21244006
21244007
21244008
21244010
21244011
21244022
21244025
21244026
21244027
21244029
21244030
21244033
21244034
21244036
21245005
21245006
21245007
21245008
21245010
end of program
