read in 0th file: /star/u/wangzhen/run20/Dielectron/miniTree/output/576A9456E74CDD1B19A67E20E10AF883_653.root
read in 1th file: /star/u/wangzhen/run20/Dielectron/miniTree/output/576A9456E74CDD1B19A67E20E10AF883_654.root
read in 2th file: /star/u/wangzhen/run20/Dielectron/miniTree/output/576A9456E74CDD1B19A67E20E10AF883_655.root
read in 3th file: /star/u/wangzhen/run20/Dielectron/miniTree/output/576A9456E74CDD1B19A67E20E10AF883_656.root
read in 4th file: /star/u/wangzhen/run20/Dielectron/miniTree/output/576A9456E74CDD1B19A67E20E10AF883_657.root
read in 5th file: /star/u/wangzhen/run20/Dielectron/miniTree/output/576A9456E74CDD1B19A67E20E10AF883_658.root
read in 6th file: /star/u/wangzhen/run20/Dielectron/miniTree/output/576A9456E74CDD1B19A67E20E10AF883_659.root
read in 7th file: /star/u/wangzhen/run20/Dielectron/miniTree/output/576A9456E74CDD1B19A67E20E10AF883_65.root
read in 8th file: /star/u/wangzhen/run20/Dielectron/miniTree/output/576A9456E74CDD1B19A67E20E10AF883_660.root
read in 9th file: /star/u/wangzhen/run20/Dielectron/miniTree/output/576A9456E74CDD1B19A67E20E10AF883_661.root
read in 10th file: /star/u/wangzhen/run20/Dielectron/miniTree/output/576A9456E74CDD1B19A67E20E10AF883_662.root
read in 11th file: /star/u/wangzhen/run20/Dielectron/miniTree/output/576A9456E74CDD1B19A67E20E10AF883_663.root
read in 12th file: /star/u/wangzhen/run20/Dielectron/miniTree/output/576A9456E74CDD1B19A67E20E10AF883_664.root
read in 13th file: /star/u/wangzhen/run20/Dielectron/miniTree/output/576A9456E74CDD1B19A67E20E10AF883_665.root
read in 14th file: /star/u/wangzhen/run20/Dielectron/miniTree/output/576A9456E74CDD1B19A67E20E10AF883_666.root
read in 15th file: /star/u/wangzhen/run20/Dielectron/miniTree/output/576A9456E74CDD1B19A67E20E10AF883_667.root
read in 16th file: /star/u/wangzhen/run20/Dielectron/miniTree/output/576A9456E74CDD1B19A67E20E10AF883_668.root
read in 17th file: /star/u/wangzhen/run20/Dielectron/miniTree/output/576A9456E74CDD1B19A67E20E10AF883_669.root
read in 18th file: /star/u/wangzhen/run20/Dielectron/miniTree/output/576A9456E74CDD1B19A67E20E10AF883_66.root
read in 19th file: /star/u/wangzhen/run20/Dielectron/miniTree/output/576A9456E74CDD1B19A67E20E10AF883_670.root
read in 20th file: /star/u/wangzhen/run20/Dielectron/miniTree/output/576A9456E74CDD1B19A67E20E10AF883_671.root
read in 21th file: /star/u/wangzhen/run20/Dielectron/miniTree/output/576A9456E74CDD1B19A67E20E10AF883_672.root
read in 22th file: /star/u/wangzhen/run20/Dielectron/miniTree/output/576A9456E74CDD1B19A67E20E10AF883_673.root
read in 23th file: /star/u/wangzhen/run20/Dielectron/miniTree/output/576A9456E74CDD1B19A67E20E10AF883_674.root
read in 24th file: /star/u/wangzhen/run20/Dielectron/miniTree/output/576A9456E74CDD1B19A67E20E10AF883_675.root
read in 25th file: /star/u/wangzhen/run20/Dielectron/miniTree/output/576A9456E74CDD1B19A67E20E10AF883_676.root
read in 26th file: /star/u/wangzhen/run20/Dielectron/miniTree/output/576A9456E74CDD1B19A67E20E10AF883_677.root
read in 27th file: /star/u/wangzhen/run20/Dielectron/miniTree/output/576A9456E74CDD1B19A67E20E10AF883_678.root
read in 28th file: /star/u/wangzhen/run20/Dielectron/miniTree/output/576A9456E74CDD1B19A67E20E10AF883_679.root
read in 29th file: /star/u/wangzhen/run20/Dielectron/miniTree/output/576A9456E74CDD1B19A67E20E10AF883_67.root
read in 30th file: /star/u/wangzhen/run20/Dielectron/miniTree/output/576A9456E74CDD1B19A67E20E10AF883_680.root
read in 31th file: /star/u/wangzhen/run20/Dielectron/miniTree/output/576A9456E74CDD1B19A67E20E10AF883_681.root
read in 32th file: /star/u/wangzhen/run20/Dielectron/miniTree/output/576A9456E74CDD1B19A67E20E10AF883_682.root
read in 33th file: /star/u/wangzhen/run20/Dielectron/miniTree/output/576A9456E74CDD1B19A67E20E10AF883_683.root
read in 34th file: /star/u/wangzhen/run20/Dielectron/miniTree/output/576A9456E74CDD1B19A67E20E10AF883_684.root
read in 35th file: /star/u/wangzhen/run20/Dielectron/miniTree/output/576A9456E74CDD1B19A67E20E10AF883_685.root
read in 36th file: /star/u/wangzhen/run20/Dielectron/miniTree/output/576A9456E74CDD1B19A67E20E10AF883_686.root
read in 37th file: /star/u/wangzhen/run20/Dielectron/miniTree/output/576A9456E74CDD1B19A67E20E10AF883_687.root
read in 38th file: /star/u/wangzhen/run20/Dielectron/miniTree/output/576A9456E74CDD1B19A67E20E10AF883_688.root
read in 39th file: /star/u/wangzhen/run20/Dielectron/miniTree/output/576A9456E74CDD1B19A67E20E10AF883_689.root
9215301 events
begin 0th entry....
begin 921530th entry....
begin 1843060th entry....
begin 2764590th entry....
begin 3686120th entry....
begin 4607650th entry....
begin 5529180th entry....
begin 6450710th entry....
begin 7372240th entry....
begin 8293770th entry....
begin 9215300th entry....
size of vector runNumber: 783
21173016
21173017
21173018
21173019
21173020
21173022
21173024
21173025
21173026
21173027
21173028
21173029
21173030
21173031
21173032
21174001
21174003
21174004
21174006
21174008
21174009
21174011
21174049
21174050
21174051
21174052
21175003
21175004
21175006
21175007
21186025
21186026
21187002
21187003
21187004
21187005
21187008
21187009
21187010
21187015
21187016
21187017
21187019
21187020
21187022
21187024
21187026
21187027
21187029
21187031
21188002
21188003
21188004
21188005
21188006
21188007
21188008
21188009
21188010
21188012
21188013
21188014
21188017
21188028
21188030
21188031
21188032
21189001
21189002
21189003
21189012
21189039
21189040
21190001
21190003
21190005
21190006
21190008
21190010
21190053
21190054
21190055
21190056
21191001
21191002
21191003
21191004
21191007
21191008
21191039
21192002
21192006
21192007
21192008
21192010
21192011
21192012
21192013
21192014
21192017
21192018
21192019
21192020
21192022
21192024
21192025
21192026
21193001
21193006
21193007
21193008
21193009
21193010
21193011
21193013
21193014
21193015
21193018
21193019
21193020
21193021
21193022
21193024
21193025
21193026
21193027
21193031
21193032
21194001
21194002
21194024
21194026
21194027
21194028
21194029
21194030
21194031
21194034
21194035
21194036
21195001
21195002
21195003
21195004
21195005
21195007
21195008
21195009
21195010
21195015
21195017
21195018
21195020
21195023
21195025
21195026
21195027
21195028
21195029
21195030
21195031
21195032
21195033
21195034
21195035
21196003
21196004
21196005
21196007
21196008
21196009
21196010
21196011
21196013
21196014
21197003
21197005
21197007
21197008
21197009
21197010
21197011
21197012
21197013
21198001
21198002
21198004
21198005
21198006
21198009
21198010
21198011
21198013
21198014
21198016
21198019
21198020
21198021
21198022
21198023
21198025
21198026
21198030
21198031
21199001
21199003
21199004
21199006
21199009
21199012
21199013
21199014
21199015
21199017
21199018
21199019
21199020
21199023
21199024
21199025
21199027
21199028
21199029
21199030
21200002
21200003
21200004
21200005
21200008
21200009
21200010
21200011
21200012
21200013
21200014
21200017
21200018
21200020
21203017
21203018
21203019
21204001
21204005
21204006
21204007
21204008
21204009
21204010
21205003
21205007
21205012
21205013
21205014
21205015
21205020
21205025
21205027
21205028
21205029
21205030
21205031
21206002
21206003
21206005
21206007
21206016
21206018
21206019
21206020
21206021
21206022
21206025
21206026
21206027
21206028
21206029
21206030
21207002
21207003
21207004
21207005
21207008
21208027
21208035
21208036
21208038
21208039
21208042
21208043
21209001
21209002
21209003
21209004
21209005
21209006
21209008
21209009
21209010
21209011
21209012
21209013
21209014
21209019
21209020
21209022
21209023
21209025
21209026
21209028
21209029
21209030
21209031
21210001
21210002
21210003
21210005
21210009
21210010
21210011
21210014
21210015
21210016
21210046
21210047
21210049
21210052
21211001
21211002
21211004
21211005
21211007
21211008
21211009
21211010
21211011
21211012
21211014
21211015
21211016
21211017
21211018
21211019
21211020
21212001
21212008
21212009
21212010
21212014
21212019
21212021
21212022
21212023
21212031
21212033
21212034
21213001
21213002
21213003
21213004
21213006
21213010
21213011
21213014
21213017
21213018
21213020
21217001
21217003
21217004
21217005
21217007
21217008
21217010
21217015
21217017
21217018
21217019
21217020
21218001
21218002
21218006
21218007
21218015
21218016
21218022
21218024
21219002
21219007
21219009
21219010
21219011
21219012
21219013
21219015
21219018
21219019
21219020
21219023
21219025
21219026
21219027
21219031
21219032
21219033
21220003
21220005
21220007
21220010
21220015
21220016
21220017
21220021
21220023
21220032
21220033
21220035
21220036
21220037
21220038
21220039
21220041
21220043
21221001
21221003
21221005
21221006
21221008
21221010
21221011
21221012
21221014
21221016
21221017
21221018
21221022
21221023
21221024
21221025
21221026
21221027
21221028
21221029
21221035
21222002
21222004
21222005
21222006
21222015
21222016
21222018
21222020
21222021
21222025
21222026
21222027
21222030
21222032
21222033
21223003
21223013
21223014
21223015
21223016
21223030
21223031
21223033
21223036
21223038
21223039
21223042
21224001
21224002
21224003
21224005
21224007
21224009
21224010
21224015
21224016
21224017
21224020
21224022
21224047
21224048
21224049
21224050
21225001
21225002
21225004
21225005
21225007
21225035
21225041
21225047
21225049
21226003
21226006
21226007
21226008
21226010
21226011
21226013
21226014
21227004
21227005
21227006
21227008
21227009
21227012
21227013
21227017
21227020
21227021
21227022
21227024
21227025
21227029
21227034
21227035
21227036
21228001
21228002
21228003
21228004
21228005
21228007
21228008
21228009
21228010
21228012
21228013
21228014
21228017
21228019
21228021
21228022
21228023
21228025
21228026
21228027
21228028
21228030
21229001
21229002
21229003
21229004
21229005
21229007
21229009
21229011
21229012
21229013
21229015
21229016
21229017
21229019
21229020
21229021
21229027
21229028
21229041
21229043
21229044
21229045
21229048
21229049
21230001
21230002
21230007
21230011
21230012
21230013
21230029
21231003
21231004
21231005
21231006
21231010
21231013
21231014
21231015
21231016
21231017
21231020
21231022
21231023
21231024
21231026
21231027
21231028
21231031
21231032
21231033
21231034
21232001
21232007
21232008
21232012
21232013
21232014
21232015
21233003
21233005
21233006
21233008
21233009
21233010
21233012
21233013
21233021
21233023
21233024
21233025
21233027
21233028
21233029
21233030
21233031
21233032
21233033
21233034
21233035
21233036
21233037
21233038
21234001
21234002
21234003
21234006
21234007
21234009
21234010
21234011
21234015
21234016
21234017
21234018
21234019
21234020
21234022
21234023
21234028
21234029
21234030
21234032
21235001
21235005
21235006
21235007
21235014
21235017
21235020
21235021
21235022
21235024
21235025
21235026
21235027
21235028
21235029
21235035
21235036
21235037
21235038
21235039
21235040
21235041
21236002
21236003
21236004
21236005
21236006
21236007
21236008
21236011
21236012
21236013
21236014
21236018
21236019
21236020
21236021
21236022
21236023
21236024
21236026
21236028
21236029
21236030
21236031
21236032
21236033
21236034
21236035
21237001
21237004
21237005
21237006
21237008
21237021
21237022
21237023
21237032
21237035
21237036
21237038
21238007
21238009
21238013
21238015
21238017
21238019
21238021
21238026
21238028
21238030
21238031
21238032
21238033
21238037
21238043
21238045
21239001
21239003
21239004
21239012
21239015
21239016
21239017
21239018
21239019
21239022
21239023
21239024
21239025
21239027
21239028
21239029
21239030
21239031
21240002
21240003
21240005
21240006
21240009
21241005
21241007
21241008
21241009
21241010
21241011
21241012
21241013
21241014
21241016
21241017
21241018
21241021
21241022
21241026
21241027
21241028
21241029
21241031
21242008
21242009
21242015
21242016
21242018
21242019
21242020
21242021
21242022
21242024
21242025
21242026
21242033
21243002
21243003
21243004
21243005
21243006
21243007
end of program
