read in 0th file: /star/u/wangzhen/run20/Dielectron/miniTree/output/576A9456E74CDD1B19A67E20E10AF883_118.root
read in 1th file: /star/u/wangzhen/run20/Dielectron/miniTree/output/576A9456E74CDD1B19A67E20E10AF883_119.root
read in 2th file: /star/u/wangzhen/run20/Dielectron/miniTree/output/576A9456E74CDD1B19A67E20E10AF883_11.root
read in 3th file: /star/u/wangzhen/run20/Dielectron/miniTree/output/576A9456E74CDD1B19A67E20E10AF883_120.root
read in 4th file: /star/u/wangzhen/run20/Dielectron/miniTree/output/576A9456E74CDD1B19A67E20E10AF883_121.root
read in 5th file: /star/u/wangzhen/run20/Dielectron/miniTree/output/576A9456E74CDD1B19A67E20E10AF883_122.root
read in 6th file: /star/u/wangzhen/run20/Dielectron/miniTree/output/576A9456E74CDD1B19A67E20E10AF883_123.root
read in 7th file: /star/u/wangzhen/run20/Dielectron/miniTree/output/576A9456E74CDD1B19A67E20E10AF883_124.root
read in 8th file: /star/u/wangzhen/run20/Dielectron/miniTree/output/576A9456E74CDD1B19A67E20E10AF883_125.root
read in 9th file: /star/u/wangzhen/run20/Dielectron/miniTree/output/576A9456E74CDD1B19A67E20E10AF883_126.root
read in 10th file: /star/u/wangzhen/run20/Dielectron/miniTree/output/576A9456E74CDD1B19A67E20E10AF883_127.root
read in 11th file: /star/u/wangzhen/run20/Dielectron/miniTree/output/576A9456E74CDD1B19A67E20E10AF883_128.root
read in 12th file: /star/u/wangzhen/run20/Dielectron/miniTree/output/576A9456E74CDD1B19A67E20E10AF883_129.root
read in 13th file: /star/u/wangzhen/run20/Dielectron/miniTree/output/576A9456E74CDD1B19A67E20E10AF883_12.root
read in 14th file: /star/u/wangzhen/run20/Dielectron/miniTree/output/576A9456E74CDD1B19A67E20E10AF883_130.root
read in 15th file: /star/u/wangzhen/run20/Dielectron/miniTree/output/576A9456E74CDD1B19A67E20E10AF883_131.root
read in 16th file: /star/u/wangzhen/run20/Dielectron/miniTree/output/576A9456E74CDD1B19A67E20E10AF883_132.root
read in 17th file: /star/u/wangzhen/run20/Dielectron/miniTree/output/576A9456E74CDD1B19A67E20E10AF883_133.root
read in 18th file: /star/u/wangzhen/run20/Dielectron/miniTree/output/576A9456E74CDD1B19A67E20E10AF883_134.root
read in 19th file: /star/u/wangzhen/run20/Dielectron/miniTree/output/576A9456E74CDD1B19A67E20E10AF883_135.root
read in 20th file: /star/u/wangzhen/run20/Dielectron/miniTree/output/576A9456E74CDD1B19A67E20E10AF883_136.root
read in 21th file: /star/u/wangzhen/run20/Dielectron/miniTree/output/576A9456E74CDD1B19A67E20E10AF883_137.root
read in 22th file: /star/u/wangzhen/run20/Dielectron/miniTree/output/576A9456E74CDD1B19A67E20E10AF883_138.root
read in 23th file: /star/u/wangzhen/run20/Dielectron/miniTree/output/576A9456E74CDD1B19A67E20E10AF883_139.root
read in 24th file: /star/u/wangzhen/run20/Dielectron/miniTree/output/576A9456E74CDD1B19A67E20E10AF883_13.root
read in 25th file: /star/u/wangzhen/run20/Dielectron/miniTree/output/576A9456E74CDD1B19A67E20E10AF883_140.root
read in 26th file: /star/u/wangzhen/run20/Dielectron/miniTree/output/576A9456E74CDD1B19A67E20E10AF883_142.root
read in 27th file: /star/u/wangzhen/run20/Dielectron/miniTree/output/576A9456E74CDD1B19A67E20E10AF883_143.root
read in 28th file: /star/u/wangzhen/run20/Dielectron/miniTree/output/576A9456E74CDD1B19A67E20E10AF883_144.root
read in 29th file: /star/u/wangzhen/run20/Dielectron/miniTree/output/576A9456E74CDD1B19A67E20E10AF883_145.root
read in 30th file: /star/u/wangzhen/run20/Dielectron/miniTree/output/576A9456E74CDD1B19A67E20E10AF883_146.root
read in 31th file: /star/u/wangzhen/run20/Dielectron/miniTree/output/576A9456E74CDD1B19A67E20E10AF883_147.root
read in 32th file: /star/u/wangzhen/run20/Dielectron/miniTree/output/576A9456E74CDD1B19A67E20E10AF883_148.root
read in 33th file: /star/u/wangzhen/run20/Dielectron/miniTree/output/576A9456E74CDD1B19A67E20E10AF883_14.root
read in 34th file: /star/u/wangzhen/run20/Dielectron/miniTree/output/576A9456E74CDD1B19A67E20E10AF883_150.root
read in 35th file: /star/u/wangzhen/run20/Dielectron/miniTree/output/576A9456E74CDD1B19A67E20E10AF883_152.root
read in 36th file: /star/u/wangzhen/run20/Dielectron/miniTree/output/576A9456E74CDD1B19A67E20E10AF883_154.root
read in 37th file: /star/u/wangzhen/run20/Dielectron/miniTree/output/576A9456E74CDD1B19A67E20E10AF883_158.root
read in 38th file: /star/u/wangzhen/run20/Dielectron/miniTree/output/576A9456E74CDD1B19A67E20E10AF883_159.root
read in 39th file: /star/u/wangzhen/run20/Dielectron/miniTree/output/576A9456E74CDD1B19A67E20E10AF883_15.root
9421891 events
begin 0th entry....
begin 942189th entry....
begin 1884378th entry....
begin 2826567th entry....
begin 3768756th entry....
begin 4710945th entry....
begin 5653134th entry....
begin 6595323th entry....
begin 7537512th entry....
begin 8479701th entry....
begin 9421890th entry....
size of vector runNumber: 807
21170022
21171008
21171010
21171013
21171017
21171018
21171024
21171025
21175025
21175026
21175030
21175031
21175032
21175033
21175034
21176001
21176002
21176003
21176004
21176005
21176006
21176008
21176009
21176010
21176011
21176012
21176013
21176014
21176015
21176016
21176020
21176021
21176023
21176025
21176026
21176027
21176028
21177001
21177002
21177004
21177005
21177007
21177008
21177009
21177010
21177016
21177017
21177019
21177020
21177021
21177022
21177024
21177026
21177027
21177028
21177030
21177032
21178003
21178008
21178010
21178013
21178031
21179002
21179007
21179008
21179011
21179024
21179026
21179033
21180001
21180004
21180005
21180006
21180007
21180010
21180012
21180014
21180025
21180026
21180029
21180030
21180031
21181001
21181002
21181004
21181005
21181008
21181009
21181011
21181012
21181013
21181015
21181016
21181017
21181018
21181019
21181020
21181021
21181022
21181025
21181034
21182043
21182048
21182050
21182052
21183020
21183022
21183024
21183025
21184010
21184013
21184028
21185005
21185010
21186009
21186018
21186019
21186021
21186024
21186025
21187009
21187016
21187022
21187023
21187025
21187026
21187027
21188007
21188008
21188010
21188012
21188013
21188014
21188015
21188016
21188027
21188028
21188029
21188030
21188032
21189001
21189002
21189003
21189004
21189006
21189011
21189012
21189040
21190001
21190002
21190005
21190007
21190053
21190054
21190055
21190056
21191001
21191002
21191003
21191007
21191039
21192001
21192006
21192007
21192008
21192009
21192011
21192013
21192015
21192017
21192018
21192022
21193009
21193033
21194027
21194028
21194029
21194030
21194035
21194036
21195001
21195002
21195003
21195004
21195005
21195007
21195008
21195009
21195010
21195017
21195020
21195023
21195025
21195026
21195027
21195028
21195029
21195030
21195031
21195032
21195033
21195035
21196003
21196004
21196005
21196007
21196008
21196009
21196010
21196012
21196013
21196014
21197003
21197006
21197008
21197010
21197011
21197012
21197013
21198001
21198002
21198003
21198004
21198005
21198006
21198008
21198009
21198010
21198011
21198012
21198013
21198014
21198015
21198016
21198019
21198020
21198021
21198022
21198023
21198024
21198026
21198027
21198029
21198030
21198031
21199001
21199002
21199006
21199009
21199010
21199012
21199013
21199014
21199017
21199018
21199019
21199020
21199021
21199024
21199025
21199026
21199027
21199028
21199029
21199030
21200001
21200002
21200003
21200004
21200005
21200006
21200007
21200008
21200009
21200010
21200011
21200012
21200013
21200014
21200017
21203017
21203018
21203019
21204001
21204002
21204003
21204005
21204007
21204010
21204012
21205003
21205007
21205008
21205010
21205011
21205012
21205013
21205014
21205015
21205016
21205020
21205028
21205029
21205030
21205032
21206001
21206002
21206004
21206005
21206016
21206018
21206019
21206020
21206021
21206022
21206023
21206027
21206028
21206030
21207002
21207003
21207005
21207008
21208027
21208028
21208034
21208035
21208038
21208039
21208040
21208041
21208042
21209002
21209003
21209004
21209005
21209006
21209009
21209010
21209011
21209012
21209013
21209014
21209015
21209020
21209025
21209026
21209028
21209029
21209031
21209032
21210001
21210002
21210003
21210004
21210009
21210010
21210012
21210013
21210015
21210016
21210047
21210048
21210049
21210050
21210052
21211002
21211003
21211004
21211005
21211007
21211008
21211010
21211011
21211012
21211013
21211014
21211015
21211020
21211021
21212008
21212009
21212010
21212011
21212012
21212015
21212019
21212022
21212023
21212024
21212025
21212026
21212033
21212034
21213002
21213005
21213007
21213008
21213009
21213016
21213017
21213020
21217001
21217003
21217004
21217005
21217006
21217007
21217008
21217009
21217011
21217015
21217017
21217018
21217019
21217020
21218001
21218002
21218004
21218005
21218006
21218017
21218020
21218023
21218025
21218026
21219002
21219009
21219010
21219011
21219013
21219014
21219016
21219019
21219020
21219023
21219024
21219026
21219027
21219028
21219029
21219031
21219032
21219033
21220002
21220006
21220010
21220015
21220017
21220020
21220025
21220026
21220031
21220033
21220034
21220035
21220037
21220038
21220039
21220040
21221001
21221002
21221003
21221004
21221005
21221009
21221010
21221011
21221012
21221013
21221014
21221017
21221022
21221023
21221024
21221025
21221026
21221027
21221028
21221030
21222001
21222002
21222003
21222005
21222006
21222008
21222017
21222018
21222019
21222026
21222028
21222029
21222030
21222031
21222032
21223002
21223003
21223005
21223006
21223014
21223016
21223033
21223036
21223039
21223040
21223043
21224001
21224002
21224004
21224005
21224007
21224008
21224012
21224013
21224015
21224046
21224049
21224050
21225001
21225002
21225005
21225006
21225007
21225043
21225044
21225048
21225050
21226003
21226006
21226007
21226008
21226011
21226012
21226014
21227004
21227009
21227013
21227017
21227018
21227019
21227020
21227021
21227023
21227024
21227025
21227026
21227027
21227029
21227030
21227034
21227035
21227038
21228001
21228002
21228003
21228004
21228005
21228006
21228008
21228010
21228011
21228013
21228015
21228017
21228019
21228021
21228022
21228025
21228026
21228027
21228028
21228029
21228031
21229002
21229003
21229004
21229005
21229007
21229008
21229009
21229010
21229011
21229013
21229015
21229016
21229017
21229018
21229019
21229020
21229027
21229028
21229042
21229045
21230002
21230007
21230008
21230009
21230011
21230012
21230013
21230029
21231002
21231003
21231004
21231005
21231006
21231009
21231010
21231011
21231013
21231014
21231015
21231016
21231017
21231020
21231021
21231023
21231024
21231026
21231027
21231028
21231031
21231032
21231033
21232001
21232007
21232008
21232013
21232014
21232015
21233002
21233003
21233005
21233030
21233032
21233033
21233034
21233035
21233036
21233038
21234001
21234002
21234003
21234004
21234005
21234007
21234009
21234011
21234016
21234017
21234019
21234020
21234021
21234022
21234023
21234025
21234026
21234029
21234031
21234032
21235003
21235005
21235007
21235008
21235011
21235017
21235020
21235023
21235024
21235025
21235026
21235027
21235029
21235034
21235037
21235038
21235039
21235040
21235041
21235042
21236003
21236004
21236006
21236010
21236011
21236012
21236013
21236014
21236017
21236018
21236019
21236020
21236021
21236023
21236024
21236025
21236026
21236028
21236030
21236031
21236032
21236033
21236034
21236035
21237004
21237005
21237006
21237008
21237009
21237010
21237011
21237021
21237022
21237023
21237033
21237034
21237036
21237038
21238004
21238005
21238006
21238008
21238009
21238010
21238013
21238015
21238017
21238020
21238021
21238025
21238028
21238031
21238032
21238033
21238037
21238046
21239001
21239002
21239003
21239004
21239010
21239011
21239012
21239013
21239014
21239016
21239018
21239019
21239022
21239024
21239026
21239027
21239029
21239030
21240001
21240002
21240003
21240004
21240005
21240006
21240009
21240010
21241006
21241007
21241008
21241009
21241010
21241012
21241013
21241014
21241016
21241017
21241018
21241021
21241024
21241025
21241026
21241027
21241029
21241031
21241032
21242001
21242007
21242009
21242011
21242012
21242014
21242016
21242017
21244008
21244009
21244011
21244012
21244014
21244022
21244025
21244026
21244027
21244028
21244030
21244031
21244032
21244034
21245001
21245005
21245007
21245008
end of program
