read in 0th file: /star/u/wangzhen/run20/Dielectron/miniTree/output/576A9456E74CDD1B19A67E20E10AF883_160.root
read in 1th file: /star/u/wangzhen/run20/Dielectron/miniTree/output/576A9456E74CDD1B19A67E20E10AF883_161.root
read in 2th file: /star/u/wangzhen/run20/Dielectron/miniTree/output/576A9456E74CDD1B19A67E20E10AF883_162.root
read in 3th file: /star/u/wangzhen/run20/Dielectron/miniTree/output/576A9456E74CDD1B19A67E20E10AF883_163.root
read in 4th file: /star/u/wangzhen/run20/Dielectron/miniTree/output/576A9456E74CDD1B19A67E20E10AF883_165.root
read in 5th file: /star/u/wangzhen/run20/Dielectron/miniTree/output/576A9456E74CDD1B19A67E20E10AF883_166.root
read in 6th file: /star/u/wangzhen/run20/Dielectron/miniTree/output/576A9456E74CDD1B19A67E20E10AF883_167.root
read in 7th file: /star/u/wangzhen/run20/Dielectron/miniTree/output/576A9456E74CDD1B19A67E20E10AF883_168.root
read in 8th file: /star/u/wangzhen/run20/Dielectron/miniTree/output/576A9456E74CDD1B19A67E20E10AF883_169.root
read in 9th file: /star/u/wangzhen/run20/Dielectron/miniTree/output/576A9456E74CDD1B19A67E20E10AF883_16.root
read in 10th file: /star/u/wangzhen/run20/Dielectron/miniTree/output/576A9456E74CDD1B19A67E20E10AF883_171.root
read in 11th file: /star/u/wangzhen/run20/Dielectron/miniTree/output/576A9456E74CDD1B19A67E20E10AF883_172.root
read in 12th file: /star/u/wangzhen/run20/Dielectron/miniTree/output/576A9456E74CDD1B19A67E20E10AF883_173.root
read in 13th file: /star/u/wangzhen/run20/Dielectron/miniTree/output/576A9456E74CDD1B19A67E20E10AF883_174.root
read in 14th file: /star/u/wangzhen/run20/Dielectron/miniTree/output/576A9456E74CDD1B19A67E20E10AF883_175.root
read in 15th file: /star/u/wangzhen/run20/Dielectron/miniTree/output/576A9456E74CDD1B19A67E20E10AF883_176.root
read in 16th file: /star/u/wangzhen/run20/Dielectron/miniTree/output/576A9456E74CDD1B19A67E20E10AF883_177.root
read in 17th file: /star/u/wangzhen/run20/Dielectron/miniTree/output/576A9456E74CDD1B19A67E20E10AF883_178.root
read in 18th file: /star/u/wangzhen/run20/Dielectron/miniTree/output/576A9456E74CDD1B19A67E20E10AF883_17.root
read in 19th file: /star/u/wangzhen/run20/Dielectron/miniTree/output/576A9456E74CDD1B19A67E20E10AF883_181.root
read in 20th file: /star/u/wangzhen/run20/Dielectron/miniTree/output/576A9456E74CDD1B19A67E20E10AF883_182.root
read in 21th file: /star/u/wangzhen/run20/Dielectron/miniTree/output/576A9456E74CDD1B19A67E20E10AF883_185.root
read in 22th file: /star/u/wangzhen/run20/Dielectron/miniTree/output/576A9456E74CDD1B19A67E20E10AF883_186.root
read in 23th file: /star/u/wangzhen/run20/Dielectron/miniTree/output/576A9456E74CDD1B19A67E20E10AF883_187.root
read in 24th file: /star/u/wangzhen/run20/Dielectron/miniTree/output/576A9456E74CDD1B19A67E20E10AF883_188.root
read in 25th file: /star/u/wangzhen/run20/Dielectron/miniTree/output/576A9456E74CDD1B19A67E20E10AF883_189.root
read in 26th file: /star/u/wangzhen/run20/Dielectron/miniTree/output/576A9456E74CDD1B19A67E20E10AF883_190.root
read in 27th file: /star/u/wangzhen/run20/Dielectron/miniTree/output/576A9456E74CDD1B19A67E20E10AF883_192.root
read in 28th file: /star/u/wangzhen/run20/Dielectron/miniTree/output/576A9456E74CDD1B19A67E20E10AF883_193.root
read in 29th file: /star/u/wangzhen/run20/Dielectron/miniTree/output/576A9456E74CDD1B19A67E20E10AF883_194.root
read in 30th file: /star/u/wangzhen/run20/Dielectron/miniTree/output/576A9456E74CDD1B19A67E20E10AF883_195.root
read in 31th file: /star/u/wangzhen/run20/Dielectron/miniTree/output/576A9456E74CDD1B19A67E20E10AF883_196.root
read in 32th file: /star/u/wangzhen/run20/Dielectron/miniTree/output/576A9456E74CDD1B19A67E20E10AF883_197.root
read in 33th file: /star/u/wangzhen/run20/Dielectron/miniTree/output/576A9456E74CDD1B19A67E20E10AF883_198.root
read in 34th file: /star/u/wangzhen/run20/Dielectron/miniTree/output/576A9456E74CDD1B19A67E20E10AF883_199.root
read in 35th file: /star/u/wangzhen/run20/Dielectron/miniTree/output/576A9456E74CDD1B19A67E20E10AF883_19.root
read in 36th file: /star/u/wangzhen/run20/Dielectron/miniTree/output/576A9456E74CDD1B19A67E20E10AF883_1.root
read in 37th file: /star/u/wangzhen/run20/Dielectron/miniTree/output/576A9456E74CDD1B19A67E20E10AF883_202.root
read in 38th file: /star/u/wangzhen/run20/Dielectron/miniTree/output/576A9456E74CDD1B19A67E20E10AF883_204.root
read in 39th file: /star/u/wangzhen/run20/Dielectron/miniTree/output/576A9456E74CDD1B19A67E20E10AF883_205.root
9434101 events
begin 0th entry....
begin 943410th entry....
begin 1886820th entry....
begin 2830230th entry....
begin 3773640th entry....
begin 4717050th entry....
begin 5660460th entry....
begin 6603870th entry....
begin 7547280th entry....
begin 8490690th entry....
begin 9434100th entry....
size of vector runNumber: 672
21169035
21169037
21169038
21169039
21170006
21170008
21170011
21170016
21170018
21170027
21170029
21170030
21170033
21171026
21171027
21171028
21171030
21171031
21171032
21171034
21171035
21171036
21171037
21171038
21171040
21172002
21172008
21172009
21172011
21172012
21172013
21172014
21172032
21172033
21172034
21172037
21173001
21173003
21173004
21173012
21173015
21173017
21173018
21173019
21173020
21173022
21173024
21173025
21173026
21173027
21173028
21173029
21173030
21173031
21173032
21174001
21174002
21174003
21174005
21174008
21174009
21174011
21174049
21174050
21175007
21175008
21175009
21175030
21175032
21176004
21176005
21176006
21176016
21176025
21179001
21179002
21179005
21179006
21179007
21179008
21179010
21179011
21179012
21179014
21179018
21179019
21179022
21179023
21179024
21179026
21179036
21179037
21179038
21179039
21179040
21180001
21180003
21180004
21180005
21180006
21180008
21180010
21180012
21180014
21180025
21180026
21180028
21180029
21180033
21181001
21181002
21181006
21181008
21181009
21181012
21181015
21181017
21181018
21181019
21181020
21181021
21181022
21181023
21181027
21181028
21181029
21181031
21181032
21181033
21181034
21181035
21182050
21182052
21183003
21183004
21183005
21183015
21183019
21183023
21183024
21184010
21184011
21184013
21184015
21184027
21184032
21184034
21185001
21185002
21185004
21185005
21185006
21185007
21185009
21185010
21185011
21185012
21186011
21186012
21186014
21186015
21186016
21186019
21186020
21186023
21186024
21186025
21186027
21186028
21187001
21187002
21187003
21187004
21187006
21187008
21187009
21187010
21187015
21187016
21187017
21187019
21187020
21187021
21187022
21187023
21187024
21187026
21187027
21187029
21187031
21187032
21188001
21188002
21188003
21188004
21188005
21188006
21188008
21188009
21188010
21188013
21188028
21188029
21188030
21188031
21188032
21189001
21189006
21189011
21189012
21189040
21189041
21190001
21190004
21190005
21190007
21190008
21190053
21190054
21190055
21190056
21191001
21191002
21191004
21191008
21191009
21191039
21192001
21192006
21192007
21192008
21192009
21192010
21192011
21192012
21192013
21192014
21192015
21192017
21192018
21192019
21192020
21192022
21192024
21192025
21192026
21193001
21193006
21193007
21193009
21193010
21193011
21193013
21193014
21193015
21193018
21193019
21193020
21193021
21193022
21193024
21193025
21193026
21193027
21193028
21193029
21193031
21193032
21193033
21194002
21194024
21194026
21194027
21194029
21194030
21194031
21194034
21194035
21194036
21195001
21195002
21195003
21195004
21195005
21195007
21195008
21195009
21195015
21195017
21195018
21195019
21195020
21195023
21195025
21195026
21195027
21195028
21195030
21195031
21195032
21195033
21195034
21195035
21196003
21196004
21196005
21196007
21196008
21196010
21196011
21196012
21196013
21196014
21197003
21197005
21197006
21197007
21197008
21197009
21197010
21197012
21197013
21198001
21198002
21198003
21198004
21198005
21198006
21198007
21198008
21198009
21198010
21198011
21198012
21198013
21198014
21198015
21198016
21198019
21198020
21199019
21199020
21199021
21199023
21199024
21199025
21199026
21199027
21199028
21199029
21199030
21200001
21200002
21200003
21200004
21200005
21200006
21200007
21200008
21200009
21200010
21200011
21200012
21200013
21200017
21200018
21200019
21200020
21203017
21203018
21203019
21204001
21204003
21204004
21204005
21204006
21204007
21204008
21204009
21204010
21204012
21204013
21205002
21205003
21205006
21205007
21205010
21205011
21205013
21205014
21205016
21205020
21205023
21205025
21205027
21205028
21205029
21205030
21205031
21206002
21206004
21206005
21206016
21206017
21206019
21206020
21206021
21206022
21206023
21206027
21206028
21206029
21206030
21207004
21208035
21208036
21208040
21208041
21208043
21209001
21209002
21209007
21209008
21209009
21209013
21209014
21209015
21209020
21209022
21209023
21209027
21209028
21209029
21209030
21209031
21209032
21210001
21210002
21210004
21210005
21210009
21210011
21210014
21210015
21210016
21210047
21210048
21210049
21210050
21210052
21211001
21211003
21211004
21211007
21211008
21211009
21211011
21211012
21211013
21211014
21211015
21211016
21211017
21211018
21211019
21211020
21211021
21212011
21212012
21212014
21212015
21212021
21212022
21212023
21212024
21212025
21212026
21212031
21212032
21212034
21212035
21213001
21213002
21213004
21213008
21213009
21213012
21213013
21213017
21213018
21213019
21213020
21217001
21217002
21217004
21217005
21217007
21217008
21217009
21217010
21217011
21217015
21217016
21217017
21217018
21217019
21218001
21218003
21218005
21218006
21218007
21218013
21218014
21218015
21218020
21218025
21218026
21219001
21219011
21219012
21219013
21219016
21219017
21219018
21219020
21219023
21219025
21219026
21219027
21219029
21219030
21219032
21220002
21220004
21220005
21220010
21220016
21220019
21220020
21220023
21220026
21220031
21220032
21220033
21220034
21220035
21220036
21220038
21220039
21221003
21221006
21221009
21221010
21221011
21221013
21221014
21221024
21221025
21221027
21221029
21221031
21222001
21222003
21222004
21222006
21222019
21222020
21222021
21222022
21222026
21223003
21223007
21223013
21223014
21223033
21223034
21223037
21223038
21223039
21223042
21224001
21224003
21224004
21224005
21224007
21224012
21224016
21224017
21224020
21224021
21225002
21225003
21225041
21225042
21225043
21225049
21225050
21226003
21226006
21226007
21226010
21226011
21226012
21226013
21226014
21227004
21227005
21227006
21227007
21227012
21227017
21227020
21227021
21227022
21227024
21227025
21227027
21227030
21227035
21228001
21228002
21228004
21228009
21228011
21228012
21228014
21228015
21228019
21228021
21228022
21228029
21229008
21229011
21229012
21229015
21229016
21229017
21229018
21229021
21230008
21230011
21230012
21231002
21231009
21231015
21231022
21231023
21231028
21231032
21231033
21231034
21232001
21232007
21232012
21232015
21233009
21233013
21233014
21233022
21233025
21233026
21233030
21233038
21234005
21235013
21236030
21236031
21236035
21237012
21238027
21238030
21238031
end of program
