read in 0th file: /star/u/wangzhen/run20/Dielectron/miniTree/output/576A9456E74CDD1B19A67E20E10AF883_504.root
read in 1th file: /star/u/wangzhen/run20/Dielectron/miniTree/output/576A9456E74CDD1B19A67E20E10AF883_505.root
read in 2th file: /star/u/wangzhen/run20/Dielectron/miniTree/output/576A9456E74CDD1B19A67E20E10AF883_506.root
read in 3th file: /star/u/wangzhen/run20/Dielectron/miniTree/output/576A9456E74CDD1B19A67E20E10AF883_507.root
read in 4th file: /star/u/wangzhen/run20/Dielectron/miniTree/output/576A9456E74CDD1B19A67E20E10AF883_508.root
read in 5th file: /star/u/wangzhen/run20/Dielectron/miniTree/output/576A9456E74CDD1B19A67E20E10AF883_509.root
read in 6th file: /star/u/wangzhen/run20/Dielectron/miniTree/output/576A9456E74CDD1B19A67E20E10AF883_50.root
read in 7th file: /star/u/wangzhen/run20/Dielectron/miniTree/output/576A9456E74CDD1B19A67E20E10AF883_510.root
read in 8th file: /star/u/wangzhen/run20/Dielectron/miniTree/output/576A9456E74CDD1B19A67E20E10AF883_511.root
read in 9th file: /star/u/wangzhen/run20/Dielectron/miniTree/output/576A9456E74CDD1B19A67E20E10AF883_512.root
read in 10th file: /star/u/wangzhen/run20/Dielectron/miniTree/output/576A9456E74CDD1B19A67E20E10AF883_513.root
read in 11th file: /star/u/wangzhen/run20/Dielectron/miniTree/output/576A9456E74CDD1B19A67E20E10AF883_514.root
read in 12th file: /star/u/wangzhen/run20/Dielectron/miniTree/output/576A9456E74CDD1B19A67E20E10AF883_515.root
read in 13th file: /star/u/wangzhen/run20/Dielectron/miniTree/output/576A9456E74CDD1B19A67E20E10AF883_516.root
read in 14th file: /star/u/wangzhen/run20/Dielectron/miniTree/output/576A9456E74CDD1B19A67E20E10AF883_517.root
read in 15th file: /star/u/wangzhen/run20/Dielectron/miniTree/output/576A9456E74CDD1B19A67E20E10AF883_518.root
read in 16th file: /star/u/wangzhen/run20/Dielectron/miniTree/output/576A9456E74CDD1B19A67E20E10AF883_519.root
read in 17th file: /star/u/wangzhen/run20/Dielectron/miniTree/output/576A9456E74CDD1B19A67E20E10AF883_51.root
read in 18th file: /star/u/wangzhen/run20/Dielectron/miniTree/output/576A9456E74CDD1B19A67E20E10AF883_520.root
read in 19th file: /star/u/wangzhen/run20/Dielectron/miniTree/output/576A9456E74CDD1B19A67E20E10AF883_521.root
read in 20th file: /star/u/wangzhen/run20/Dielectron/miniTree/output/576A9456E74CDD1B19A67E20E10AF883_522.root
read in 21th file: /star/u/wangzhen/run20/Dielectron/miniTree/output/576A9456E74CDD1B19A67E20E10AF883_523.root
read in 22th file: /star/u/wangzhen/run20/Dielectron/miniTree/output/576A9456E74CDD1B19A67E20E10AF883_524.root
read in 23th file: /star/u/wangzhen/run20/Dielectron/miniTree/output/576A9456E74CDD1B19A67E20E10AF883_525.root
read in 24th file: /star/u/wangzhen/run20/Dielectron/miniTree/output/576A9456E74CDD1B19A67E20E10AF883_526.root
read in 25th file: /star/u/wangzhen/run20/Dielectron/miniTree/output/576A9456E74CDD1B19A67E20E10AF883_527.root
read in 26th file: /star/u/wangzhen/run20/Dielectron/miniTree/output/576A9456E74CDD1B19A67E20E10AF883_528.root
read in 27th file: /star/u/wangzhen/run20/Dielectron/miniTree/output/576A9456E74CDD1B19A67E20E10AF883_529.root
read in 28th file: /star/u/wangzhen/run20/Dielectron/miniTree/output/576A9456E74CDD1B19A67E20E10AF883_52.root
read in 29th file: /star/u/wangzhen/run20/Dielectron/miniTree/output/576A9456E74CDD1B19A67E20E10AF883_530.root
read in 30th file: /star/u/wangzhen/run20/Dielectron/miniTree/output/576A9456E74CDD1B19A67E20E10AF883_531.root
read in 31th file: /star/u/wangzhen/run20/Dielectron/miniTree/output/576A9456E74CDD1B19A67E20E10AF883_532.root
read in 32th file: /star/u/wangzhen/run20/Dielectron/miniTree/output/576A9456E74CDD1B19A67E20E10AF883_533.root
read in 33th file: /star/u/wangzhen/run20/Dielectron/miniTree/output/576A9456E74CDD1B19A67E20E10AF883_534.root
read in 34th file: /star/u/wangzhen/run20/Dielectron/miniTree/output/576A9456E74CDD1B19A67E20E10AF883_535.root
read in 35th file: /star/u/wangzhen/run20/Dielectron/miniTree/output/576A9456E74CDD1B19A67E20E10AF883_536.root
read in 36th file: /star/u/wangzhen/run20/Dielectron/miniTree/output/576A9456E74CDD1B19A67E20E10AF883_537.root
read in 37th file: /star/u/wangzhen/run20/Dielectron/miniTree/output/576A9456E74CDD1B19A67E20E10AF883_538.root
read in 38th file: /star/u/wangzhen/run20/Dielectron/miniTree/output/576A9456E74CDD1B19A67E20E10AF883_539.root
read in 39th file: /star/u/wangzhen/run20/Dielectron/miniTree/output/576A9456E74CDD1B19A67E20E10AF883_540.root
9258287 events
begin 0th entry....
begin 925828th entry....
begin 1851656th entry....
begin 2777484th entry....
begin 3703312th entry....
begin 4629140th entry....
begin 5554968th entry....
begin 6480796th entry....
begin 7406624th entry....
begin 8332452th entry....
begin 9258280th entry....
size of vector runNumber: 737
21173016
21173017
21173018
21173019
21173020
21173022
21173024
21173025
21173026
21173027
21173028
21173029
21173031
21173032
21174001
21174002
21174003
21174004
21174006
21174008
21174009
21174011
21174049
21174050
21174051
21174052
21175003
21175004
21175006
21175008
21175023
21175025
21175026
21191009
21191039
21192001
21192002
21192006
21192007
21192008
21192009
21192010
21192011
21192012
21192013
21192014
21192015
21192017
21192018
21192019
21192020
21192024
21192025
21192026
21193001
21193007
21193010
21193011
21193013
21193014
21193015
21193018
21193019
21193020
21193021
21193022
21193025
21193026
21193027
21193028
21193029
21193031
21193032
21193033
21194001
21194002
21194024
21194026
21194028
21194029
21194030
21194031
21194034
21194035
21195001
21195002
21195003
21195004
21195005
21195007
21195008
21195009
21195010
21195015
21195016
21195017
21195018
21195019
21195020
21195025
21195027
21195028
21195029
21195031
21195033
21195034
21195035
21196005
21196007
21196008
21196010
21196011
21196012
21196013
21196014
21197003
21197005
21197007
21197008
21197010
21197011
21197012
21197013
21198001
21198002
21198003
21198004
21198005
21198006
21198007
21198008
21198009
21198010
21198011
21198012
21198014
21198015
21198016
21198019
21198020
21198021
21198022
21198023
21198025
21198026
21198027
21198029
21198030
21198031
21199004
21199005
21199006
21199010
21199012
21199013
21199014
21199015
21199018
21199019
21199020
21199021
21199024
21199026
21199027
21199028
21199029
21199030
21200002
21200003
21200004
21200005
21200006
21200007
21200011
21200012
21200014
21200018
21200019
21200020
21203017
21203018
21203019
21204001
21204002
21204003
21204004
21204005
21204008
21204012
21204013
21205006
21205007
21205008
21205013
21205014
21205015
21205020
21205025
21205029
21205030
21205031
21205032
21206001
21206002
21206016
21206018
21206019
21206020
21206021
21206022
21206023
21206028
21206029
21206030
21207002
21207003
21207004
21207005
21207007
21207008
21208028
21208034
21208036
21208037
21208038
21208039
21208040
21208041
21208042
21208043
21209001
21209002
21209003
21209004
21209005
21209006
21209007
21209008
21209009
21209010
21209011
21209012
21209013
21209014
21209015
21209019
21209020
21209022
21209023
21209025
21209026
21209029
21209030
21209031
21209032
21210001
21210002
21210003
21210009
21210010
21210011
21210012
21210013
21210014
21210015
21210046
21210047
21210048
21210049
21210050
21211004
21211005
21211006
21211007
21211008
21211009
21211011
21211012
21211013
21211014
21211016
21211018
21211020
21211021
21212001
21212002
21212009
21212010
21212011
21212012
21212014
21212015
21212019
21212021
21212022
21212023
21212024
21212025
21212026
21212031
21212034
21212035
21213001
21213002
21213003
21213004
21213005
21213006
21213007
21213008
21213009
21213010
21213012
21213013
21213019
21217001
21217003
21217005
21217006
21217007
21217008
21217009
21217010
21217011
21217018
21217019
21217020
21218002
21218004
21218005
21218007
21218014
21218016
21218023
21218024
21218025
21219009
21219010
21219011
21219012
21219014
21219016
21219019
21219020
21219023
21219024
21219027
21219028
21219029
21219030
21219031
21219032
21219033
21220002
21220003
21220004
21220005
21220006
21220007
21220010
21220015
21220017
21220019
21220022
21220023
21220025
21220026
21220031
21220033
21220034
21220038
21220040
21220041
21220043
21221001
21221002
21221005
21221006
21221007
21221008
21221013
21221014
21221015
21221016
21221017
21221023
21221025
21221026
21221027
21221029
21221031
21222002
21222003
21222004
21222006
21222008
21222015
21222017
21222018
21222019
21222020
21222021
21222022
21222025
21222026
21222027
21222029
21222032
21222033
21223002
21223003
21223005
21223006
21223013
21223014
21223015
21223016
21223033
21223035
21223036
21223037
21223038
21223039
21223040
21223042
21223043
21224001
21224002
21224005
21224007
21224010
21224014
21224015
21224016
21224017
21224021
21224046
21224047
21224049
21224050
21225001
21225003
21225004
21225035
21225043
21225044
21225046
21225047
21225048
21225049
21225050
21226003
21226006
21226008
21226010
21226011
21226012
21226013
21227004
21227007
21227008
21227009
21227012
21227017
21227018
21227019
21227020
21227023
21227024
21227025
21227026
21227027
21227030
21227035
21228001
21228003
21228004
21228005
21228006
21228007
21228008
21228009
21228010
21228011
21228012
21228014
21228017
21228021
21228025
21228026
21228029
21228031
21229001
21229002
21229005
21229007
21229008
21229009
21229010
21229013
21229015
21229016
21229017
21229018
21229019
21229020
21229021
21229027
21229028
21229041
21229042
21229043
21229045
21229048
21229049
21230001
21230007
21230008
21230009
21230029
21231002
21231003
21231005
21231006
21231009
21231010
21231011
21231013
21231014
21231015
21231016
21231017
21231020
21231021
21231022
21231023
21231024
21231025
21231026
21231027
21231028
21231031
21231032
21231033
21231034
21232001
21232004
21232007
21232008
21232013
21232014
21232015
21233002
21233006
21233008
21233009
21233010
21233012
21233013
21233014
21233021
21233022
21233023
21233024
21233025
21233026
21233027
21233028
21233029
21233030
21233033
21233034
21233035
21233036
21233037
21234001
21234002
21234003
21234004
21234005
21234007
21234009
21234010
21234011
21234015
21234016
21234017
21234018
21234019
21234020
21234021
21234022
21234025
21234026
21234028
21234029
21234030
21234031
21234032
21235001
21235003
21235005
21235007
21235008
21235009
21235011
21235014
21235017
21235020
21235021
21235022
21235023
21235024
21235027
21235028
21235029
21235030
21235034
21235036
21235037
21235038
21235039
21235040
21235041
21235042
21236002
21236003
21236005
21236006
21236007
21236010
21236011
21236017
21236018
21236019
21236020
21236022
21236023
21236024
21236025
21236026
21236027
21236028
21236029
21236030
21236031
21236033
21236034
21237001
21237006
21237007
21237009
21237010
21237011
21237012
21237021
21237023
21237034
21237036
21237038
21238004
21238005
21238006
21238008
21238009
21238010
21238015
21238017
21238019
21238020
21238021
21238024
21238026
21238028
21238029
21238030
21238031
21238043
21238046
21239001
21239002
21239003
21239012
21239013
21239014
21239015
21239016
21239017
21239018
21239022
21239023
21239024
21239025
21239026
21239027
21239028
21239029
21239030
21240001
21240002
21240003
21240005
21240006
21240009
21240010
21241005
21241006
21241007
21241008
21241009
21241011
21241013
21241015
21241016
21241017
21241018
21241021
21241025
21241027
21241028
21241030
21241031
21241032
21242007
21242012
21242014
21242017
21242018
21242019
21242020
21242021
21242022
21242023
21242024
21242025
21242026
21242027
end of program
