read in 0th file: /star/u/wangzhen/run20/Dielectron/miniTree/output/AAB016E8C83574C77C4DC76FE14D5B88_117.root
read in 1th file: /star/u/wangzhen/run20/Dielectron/miniTree/output/AAB016E8C83574C77C4DC76FE14D5B88_118.root
read in 2th file: /star/u/wangzhen/run20/Dielectron/miniTree/output/AAB016E8C83574C77C4DC76FE14D5B88_119.root
read in 3th file: /star/u/wangzhen/run20/Dielectron/miniTree/output/AAB016E8C83574C77C4DC76FE14D5B88_11.root
read in 4th file: /star/u/wangzhen/run20/Dielectron/miniTree/output/AAB016E8C83574C77C4DC76FE14D5B88_120.root
read in 5th file: /star/u/wangzhen/run20/Dielectron/miniTree/output/AAB016E8C83574C77C4DC76FE14D5B88_121.root
read in 6th file: /star/u/wangzhen/run20/Dielectron/miniTree/output/AAB016E8C83574C77C4DC76FE14D5B88_122.root
read in 7th file: /star/u/wangzhen/run20/Dielectron/miniTree/output/AAB016E8C83574C77C4DC76FE14D5B88_123.root
read in 8th file: /star/u/wangzhen/run20/Dielectron/miniTree/output/AAB016E8C83574C77C4DC76FE14D5B88_124.root
read in 9th file: /star/u/wangzhen/run20/Dielectron/miniTree/output/AAB016E8C83574C77C4DC76FE14D5B88_125.root
read in 10th file: /star/u/wangzhen/run20/Dielectron/miniTree/output/AAB016E8C83574C77C4DC76FE14D5B88_126.root
read in 11th file: /star/u/wangzhen/run20/Dielectron/miniTree/output/AAB016E8C83574C77C4DC76FE14D5B88_127.root
read in 12th file: /star/u/wangzhen/run20/Dielectron/miniTree/output/AAB016E8C83574C77C4DC76FE14D5B88_128.root
read in 13th file: /star/u/wangzhen/run20/Dielectron/miniTree/output/AAB016E8C83574C77C4DC76FE14D5B88_129.root
read in 14th file: /star/u/wangzhen/run20/Dielectron/miniTree/output/AAB016E8C83574C77C4DC76FE14D5B88_12.root
read in 15th file: /star/u/wangzhen/run20/Dielectron/miniTree/output/AAB016E8C83574C77C4DC76FE14D5B88_130.root
read in 16th file: /star/u/wangzhen/run20/Dielectron/miniTree/output/AAB016E8C83574C77C4DC76FE14D5B88_131.root
read in 17th file: /star/u/wangzhen/run20/Dielectron/miniTree/output/AAB016E8C83574C77C4DC76FE14D5B88_132.root
read in 18th file: /star/u/wangzhen/run20/Dielectron/miniTree/output/AAB016E8C83574C77C4DC76FE14D5B88_133.root
read in 19th file: /star/u/wangzhen/run20/Dielectron/miniTree/output/AAB016E8C83574C77C4DC76FE14D5B88_134.root
read in 20th file: /star/u/wangzhen/run20/Dielectron/miniTree/output/AAB016E8C83574C77C4DC76FE14D5B88_135.root
read in 21th file: /star/u/wangzhen/run20/Dielectron/miniTree/output/AAB016E8C83574C77C4DC76FE14D5B88_136.root
read in 22th file: /star/u/wangzhen/run20/Dielectron/miniTree/output/AAB016E8C83574C77C4DC76FE14D5B88_137.root
read in 23th file: /star/u/wangzhen/run20/Dielectron/miniTree/output/AAB016E8C83574C77C4DC76FE14D5B88_138.root
read in 24th file: /star/u/wangzhen/run20/Dielectron/miniTree/output/AAB016E8C83574C77C4DC76FE14D5B88_139.root
read in 25th file: /star/u/wangzhen/run20/Dielectron/miniTree/output/AAB016E8C83574C77C4DC76FE14D5B88_13.root
read in 26th file: /star/u/wangzhen/run20/Dielectron/miniTree/output/AAB016E8C83574C77C4DC76FE14D5B88_140.root
read in 27th file: /star/u/wangzhen/run20/Dielectron/miniTree/output/AAB016E8C83574C77C4DC76FE14D5B88_141.root
read in 28th file: /star/u/wangzhen/run20/Dielectron/miniTree/output/AAB016E8C83574C77C4DC76FE14D5B88_142.root
read in 29th file: /star/u/wangzhen/run20/Dielectron/miniTree/output/AAB016E8C83574C77C4DC76FE14D5B88_143.root
read in 30th file: /star/u/wangzhen/run20/Dielectron/miniTree/output/AAB016E8C83574C77C4DC76FE14D5B88_144.root
read in 31th file: /star/u/wangzhen/run20/Dielectron/miniTree/output/AAB016E8C83574C77C4DC76FE14D5B88_145.root
read in 32th file: /star/u/wangzhen/run20/Dielectron/miniTree/output/AAB016E8C83574C77C4DC76FE14D5B88_146.root
read in 33th file: /star/u/wangzhen/run20/Dielectron/miniTree/output/AAB016E8C83574C77C4DC76FE14D5B88_14.root
read in 34th file: /star/u/wangzhen/run20/Dielectron/miniTree/output/AAB016E8C83574C77C4DC76FE14D5B88_15.root
read in 35th file: /star/u/wangzhen/run20/Dielectron/miniTree/output/AAB016E8C83574C77C4DC76FE14D5B88_16.root
read in 36th file: /star/u/wangzhen/run20/Dielectron/miniTree/output/AAB016E8C83574C77C4DC76FE14D5B88_17.root
read in 37th file: /star/u/wangzhen/run20/Dielectron/miniTree/output/AAB016E8C83574C77C4DC76FE14D5B88_18.root
read in 38th file: /star/u/wangzhen/run20/Dielectron/miniTree/output/AAB016E8C83574C77C4DC76FE14D5B88_19.root
read in 39th file: /star/u/wangzhen/run20/Dielectron/miniTree/output/AAB016E8C83574C77C4DC76FE14D5B88_1.root
9396235 events
begin 0th entry....
begin 939623th entry....
begin 1879246th entry....
begin 2818869th entry....
begin 3758492th entry....
begin 4698115th entry....
begin 5637738th entry....
begin 6577361th entry....
begin 7516984th entry....
begin 8456607th entry....
begin 9396230th entry....
size of vector runNumber: 161
21030030
21030033
21034022
21034023
21034024
21034025
21034026
21034027
21034028
21034029
21034030
21036018
21036022
21036025
21036026
21036027
21036028
21036031
21036032
21036033
21037001
21037003
21037004
21037006
21037007
21037009
21037010
21037011
21037012
21037013
21037014
21037015
21037016
21037017
21037018
21037019
21037025
21037030
21037031
21037047
21037051
21037052
21037053
21037054
21037055
21037056
21037058
21037059
21037063
21038001
21038002
21038004
21038005
21038006
21038007
21038009
21038010
21038011
21038013
21038020
21038021
21038022
21038023
21038028
21038031
21038033
21038034
21038035
21038036
21038037
21038038
21038039
21038041
21038042
21038043
21038047
21038048
21038049
21038050
21039001
21039002
21039003
21039004
21039005
21039006
21039007
21039008
21039009
21039010
21039011
21039012
21039013
21039014
21039016
21039018
21039020
21039021
21039023
21039024
21039025
21039026
21039027
21039028
21039029
21039032
21039035
21039040
21039041
21039042
21039043
21039044
21039045
21039046
21039047
21039049
21039050
21040001
21040002
21040003
21040005
21040006
21040007
21040008
21040009
21040010
21040012
21040013
21040014
21040015
21040016
21040017
21040020
21040021
21040022
21040024
21040025
21040027
21040028
21040029
21040031
21040033
21040034
21040035
21040038
21040039
21040040
21040041
21040042
21040043
21041001
21041002
21041003
21041004
21041005
21041006
21041007
21041008
21041010
21041011
21041012
21041013
end of program
