read in 0th file: /star/u/wangzhen/run20/Dielectron/miniTree/output/576A9456E74CDD1B19A67E20E10AF883_281.root
read in 1th file: /star/u/wangzhen/run20/Dielectron/miniTree/output/576A9456E74CDD1B19A67E20E10AF883_282.root
read in 2th file: /star/u/wangzhen/run20/Dielectron/miniTree/output/576A9456E74CDD1B19A67E20E10AF883_283.root
read in 3th file: /star/u/wangzhen/run20/Dielectron/miniTree/output/576A9456E74CDD1B19A67E20E10AF883_284.root
read in 4th file: /star/u/wangzhen/run20/Dielectron/miniTree/output/576A9456E74CDD1B19A67E20E10AF883_285.root
read in 5th file: /star/u/wangzhen/run20/Dielectron/miniTree/output/576A9456E74CDD1B19A67E20E10AF883_286.root
read in 6th file: /star/u/wangzhen/run20/Dielectron/miniTree/output/576A9456E74CDD1B19A67E20E10AF883_287.root
read in 7th file: /star/u/wangzhen/run20/Dielectron/miniTree/output/576A9456E74CDD1B19A67E20E10AF883_288.root
read in 8th file: /star/u/wangzhen/run20/Dielectron/miniTree/output/576A9456E74CDD1B19A67E20E10AF883_289.root
read in 9th file: /star/u/wangzhen/run20/Dielectron/miniTree/output/576A9456E74CDD1B19A67E20E10AF883_28.root
read in 10th file: /star/u/wangzhen/run20/Dielectron/miniTree/output/576A9456E74CDD1B19A67E20E10AF883_290.root
read in 11th file: /star/u/wangzhen/run20/Dielectron/miniTree/output/576A9456E74CDD1B19A67E20E10AF883_291.root
read in 12th file: /star/u/wangzhen/run20/Dielectron/miniTree/output/576A9456E74CDD1B19A67E20E10AF883_292.root
read in 13th file: /star/u/wangzhen/run20/Dielectron/miniTree/output/576A9456E74CDD1B19A67E20E10AF883_293.root
read in 14th file: /star/u/wangzhen/run20/Dielectron/miniTree/output/576A9456E74CDD1B19A67E20E10AF883_294.root
read in 15th file: /star/u/wangzhen/run20/Dielectron/miniTree/output/576A9456E74CDD1B19A67E20E10AF883_295.root
read in 16th file: /star/u/wangzhen/run20/Dielectron/miniTree/output/576A9456E74CDD1B19A67E20E10AF883_296.root
read in 17th file: /star/u/wangzhen/run20/Dielectron/miniTree/output/576A9456E74CDD1B19A67E20E10AF883_297.root
read in 18th file: /star/u/wangzhen/run20/Dielectron/miniTree/output/576A9456E74CDD1B19A67E20E10AF883_298.root
read in 19th file: /star/u/wangzhen/run20/Dielectron/miniTree/output/576A9456E74CDD1B19A67E20E10AF883_299.root
read in 20th file: /star/u/wangzhen/run20/Dielectron/miniTree/output/576A9456E74CDD1B19A67E20E10AF883_29.root
read in 21th file: /star/u/wangzhen/run20/Dielectron/miniTree/output/576A9456E74CDD1B19A67E20E10AF883_2.root
read in 22th file: /star/u/wangzhen/run20/Dielectron/miniTree/output/576A9456E74CDD1B19A67E20E10AF883_300.root
read in 23th file: /star/u/wangzhen/run20/Dielectron/miniTree/output/576A9456E74CDD1B19A67E20E10AF883_301.root
read in 24th file: /star/u/wangzhen/run20/Dielectron/miniTree/output/576A9456E74CDD1B19A67E20E10AF883_302.root
read in 25th file: /star/u/wangzhen/run20/Dielectron/miniTree/output/576A9456E74CDD1B19A67E20E10AF883_303.root
read in 26th file: /star/u/wangzhen/run20/Dielectron/miniTree/output/576A9456E74CDD1B19A67E20E10AF883_304.root
read in 27th file: /star/u/wangzhen/run20/Dielectron/miniTree/output/576A9456E74CDD1B19A67E20E10AF883_305.root
read in 28th file: /star/u/wangzhen/run20/Dielectron/miniTree/output/576A9456E74CDD1B19A67E20E10AF883_306.root
read in 29th file: /star/u/wangzhen/run20/Dielectron/miniTree/output/576A9456E74CDD1B19A67E20E10AF883_307.root
read in 30th file: /star/u/wangzhen/run20/Dielectron/miniTree/output/576A9456E74CDD1B19A67E20E10AF883_308.root
read in 31th file: /star/u/wangzhen/run20/Dielectron/miniTree/output/576A9456E74CDD1B19A67E20E10AF883_309.root
read in 32th file: /star/u/wangzhen/run20/Dielectron/miniTree/output/576A9456E74CDD1B19A67E20E10AF883_310.root
read in 33th file: /star/u/wangzhen/run20/Dielectron/miniTree/output/576A9456E74CDD1B19A67E20E10AF883_311.root
read in 34th file: /star/u/wangzhen/run20/Dielectron/miniTree/output/576A9456E74CDD1B19A67E20E10AF883_312.root
read in 35th file: /star/u/wangzhen/run20/Dielectron/miniTree/output/576A9456E74CDD1B19A67E20E10AF883_313.root
read in 36th file: /star/u/wangzhen/run20/Dielectron/miniTree/output/576A9456E74CDD1B19A67E20E10AF883_314.root
read in 37th file: /star/u/wangzhen/run20/Dielectron/miniTree/output/576A9456E74CDD1B19A67E20E10AF883_315.root
read in 38th file: /star/u/wangzhen/run20/Dielectron/miniTree/output/576A9456E74CDD1B19A67E20E10AF883_316.root
read in 39th file: /star/u/wangzhen/run20/Dielectron/miniTree/output/576A9456E74CDD1B19A67E20E10AF883_317.root
9024675 events
begin 0th entry....
begin 902467th entry....
begin 1804934th entry....
begin 2707401th entry....
begin 3609868th entry....
begin 4512335th entry....
begin 5414802th entry....
begin 6317269th entry....
begin 7219736th entry....
begin 8122203th entry....
begin 9024670th entry....
size of vector runNumber: 715
21169035
21169037
21169038
21169039
21170001
21170002
21170003
21170006
21170007
21170008
21170009
21170010
21170011
21170012
21170013
21170014
21170016
21170017
21170018
21170019
21170020
21170022
21170023
21170024
21170026
21170027
21170029
21170030
21170031
21170033
21170035
21170036
21171001
21171002
21171003
21171004
21171005
21171007
21171008
21171010
21171013
21171016
21171017
21171018
21171024
21171025
21171026
21171027
21171028
21171030
21171031
21171032
21171033
21171034
21171035
21171036
21171037
21171038
21171039
21171040
21171041
21172001
21172002
21172008
21172012
21172013
21172014
21172034
21172035
21172036
21172037
21173001
21173003
21173006
21173008
21173009
21173012
21173014
21173015
21173016
21173017
21173019
21173022
21173024
21173025
21173026
21173027
21173028
21173029
21173030
21173031
21173032
21174001
21174005
21174006
21174009
21174011
21174049
21174050
21174051
21174052
21175003
21175007
21175008
21175032
21175034
21176002
21176003
21176005
21176006
21176008
21176009
21176010
21176011
21176013
21176014
21176016
21176020
21176021
21176023
21176025
21176026
21177001
21177002
21177003
21177004
21177005
21177006
21177007
21177008
21177009
21177010
21177012
21177016
21177017
21177019
21177021
21177022
21177024
21177026
21177028
21177030
21178007
21178008
21178028
21178029
21178031
21179001
21179004
21179005
21179008
21179011
21179018
21179020
21179021
21179023
21179026
21179036
21179037
21179038
21179040
21180001
21180003
21180004
21180005
21180006
21180007
21180008
21180010
21180012
21180026
21180027
21180028
21180029
21180030
21180031
21180033
21181001
21181008
21181009
21181011
21181012
21181013
21181015
21181016
21181017
21181018
21181019
21181020
21181021
21181028
21181030
21181032
21181033
21181035
21182001
21182002
21182003
21182005
21182006
21182007
21182011
21182021
21182045
21182046
21182047
21182048
21182049
21182050
21182052
21183001
21183003
21183013
21183014
21183015
21183017
21183019
21183020
21183023
21183024
21184011
21184012
21184013
21184014
21184015
21184025
21184028
21184029
21184032
21184033
21184034
21185001
21185004
21185005
21185007
21185008
21185009
21185011
21185013
21185019
21185020
21185037
21186009
21186010
21186012
21186013
21186014
21186015
21186017
21186018
21186019
21186020
21186021
21186022
21186023
21186024
21186025
21186026
21186027
21186028
21187001
21187002
21187003
21187004
21187005
21187006
21187009
21187016
21187017
21187019
21187020
21187021
21187023
21187025
21187026
21187029
21187030
21187031
21188001
21188002
21188003
21188005
21188006
21188007
21188008
21188009
21188010
21188013
21188014
21188015
21188016
21188029
21188030
21188032
21189001
21189002
21189003
21189005
21189006
21189011
21189039
21189040
21190002
21190003
21190004
21190005
21190007
21190009
21190010
21190053
21190054
21190055
21190056
21191002
21191003
21191004
21191008
21191009
21191039
21192001
21192002
21192006
21192007
21192008
21192009
21192010
21192011
21192012
21192013
21192014
21192017
21192018
21192019
21192020
21192022
21192024
21192025
21192026
21193001
21193006
21193007
21193009
21193010
21193011
21193013
21193014
21193015
21193019
21193020
21193021
21193022
21193024
21193026
21193027
21193029
21193031
21193032
21193033
21194001
21194024
21194026
21194027
21194028
21194029
21194030
21194031
21194033
21194034
21194035
21194036
21195001
21195002
21195003
21195004
21195005
21195007
21195008
21195009
21195010
21195018
21195019
21195020
21195023
21195027
21195028
21195029
21195030
21195033
21195034
21195035
21196003
21196005
21196007
21196008
21196009
21196010
21196011
21196012
21196013
21196014
21197003
21197007
21197008
21197010
21197011
21197012
21197013
21198001
21198003
21198004
21198005
21198006
21198007
21198008
21198009
21198010
21198011
21198012
21198013
21198014
21198016
21198019
21198020
21198021
21198023
21198024
21198026
21198027
21198029
21199002
21199003
21199004
21199005
21199009
21199010
21199011
21199014
21199015
21199019
21199021
21199023
21199024
21199025
21199026
21199027
21199028
21199029
21200001
21200003
21200004
21200005
21200006
21200007
21200010
21200011
21200012
21200013
21200018
21200020
21203017
21203018
21203019
21204002
21204004
21204005
21204008
21204009
21204012
21205007
21205008
21205011
21205013
21205014
21205015
21205020
21205023
21205025
21205029
21205030
21205031
21205032
21206001
21206002
21206003
21206007
21206016
21206017
21206019
21206020
21206021
21206022
21206026
21206028
21206029
21207002
21207003
21207004
21207005
21207008
21208027
21208028
21208034
21208035
21208036
21208038
21208040
21208041
21208042
21209001
21209004
21209005
21209006
21209007
21209009
21209011
21209013
21209019
21209022
21209023
21209025
21209026
21209028
21209029
21209030
21209031
21210001
21210002
21210003
21210010
21210012
21210015
21210016
21210046
21210047
21210048
21210049
21210050
21211002
21211003
21211006
21211007
21211008
21211010
21211013
21211015
21211016
21211017
21211019
21211020
21212002
21212009
21212012
21212019
21212021
21212023
21212026
21212032
21212034
21213001
21213002
21213004
21213006
21213007
21213010
21213014
21213018
21217001
21217002
21217003
21217004
21217006
21217007
21217008
21217009
21217010
21217011
21217016
21217017
21217018
21217020
21218006
21218013
21218014
21218016
21218017
21218020
21218021
21218023
21218024
21219001
21219009
21219013
21219014
21219017
21219023
21219026
21219027
21219030
21219031
21219032
21220002
21220005
21220007
21220010
21220015
21220018
21220025
21220026
21220033
21220036
21220039
21221001
21221002
21221008
21221011
21221014
21221015
21221017
21221025
21221027
21221028
21221029
21221030
21222018
21222021
21222023
21222030
21222032
21223002
21223031
21223035
21223037
21223043
21224005
21224007
21224009
21224010
21224012
21224015
21224017
21224022
21224046
21225003
21225041
21225042
21225043
21225044
21225045
21225046
21225047
21225048
21225050
21226003
21226012
21226013
21227004
21227005
21227006
21227007
21227013
21227018
21227021
21227025
21227026
21227027
21227029
21227035
21228003
21228004
21228005
21228007
21228009
21228010
21228017
21228029
21228030
21228031
21229001
21229002
21229003
21229005
21229007
21229011
21229013
21229028
21229041
21229044
21230002
21230009
21230011
21231002
21231003
21231004
21231022
21231023
21231025
21231026
21231031
21231034
21232007
21232013
21233021
21233025
21233031
21234005
21234020
21235013
21235029
21236025
21236026
21238009
21238010
21238014
21238020
21238028
end of program
