read in 0th file: /star/u/wangzhen/run20/Dielectron/miniTree/output/576A9456E74CDD1B19A67E20E10AF883_614.root
read in 1th file: /star/u/wangzhen/run20/Dielectron/miniTree/output/576A9456E74CDD1B19A67E20E10AF883_615.root
read in 2th file: /star/u/wangzhen/run20/Dielectron/miniTree/output/576A9456E74CDD1B19A67E20E10AF883_616.root
read in 3th file: /star/u/wangzhen/run20/Dielectron/miniTree/output/576A9456E74CDD1B19A67E20E10AF883_617.root
read in 4th file: /star/u/wangzhen/run20/Dielectron/miniTree/output/576A9456E74CDD1B19A67E20E10AF883_618.root
read in 5th file: /star/u/wangzhen/run20/Dielectron/miniTree/output/576A9456E74CDD1B19A67E20E10AF883_619.root
read in 6th file: /star/u/wangzhen/run20/Dielectron/miniTree/output/576A9456E74CDD1B19A67E20E10AF883_61.root
read in 7th file: /star/u/wangzhen/run20/Dielectron/miniTree/output/576A9456E74CDD1B19A67E20E10AF883_620.root
read in 8th file: /star/u/wangzhen/run20/Dielectron/miniTree/output/576A9456E74CDD1B19A67E20E10AF883_621.root
read in 9th file: /star/u/wangzhen/run20/Dielectron/miniTree/output/576A9456E74CDD1B19A67E20E10AF883_622.root
read in 10th file: /star/u/wangzhen/run20/Dielectron/miniTree/output/576A9456E74CDD1B19A67E20E10AF883_623.root
read in 11th file: /star/u/wangzhen/run20/Dielectron/miniTree/output/576A9456E74CDD1B19A67E20E10AF883_624.root
read in 12th file: /star/u/wangzhen/run20/Dielectron/miniTree/output/576A9456E74CDD1B19A67E20E10AF883_625.root
read in 13th file: /star/u/wangzhen/run20/Dielectron/miniTree/output/576A9456E74CDD1B19A67E20E10AF883_626.root
read in 14th file: /star/u/wangzhen/run20/Dielectron/miniTree/output/576A9456E74CDD1B19A67E20E10AF883_627.root
read in 15th file: /star/u/wangzhen/run20/Dielectron/miniTree/output/576A9456E74CDD1B19A67E20E10AF883_628.root
read in 16th file: /star/u/wangzhen/run20/Dielectron/miniTree/output/576A9456E74CDD1B19A67E20E10AF883_629.root
read in 17th file: /star/u/wangzhen/run20/Dielectron/miniTree/output/576A9456E74CDD1B19A67E20E10AF883_630.root
read in 18th file: /star/u/wangzhen/run20/Dielectron/miniTree/output/576A9456E74CDD1B19A67E20E10AF883_631.root
read in 19th file: /star/u/wangzhen/run20/Dielectron/miniTree/output/576A9456E74CDD1B19A67E20E10AF883_632.root
read in 20th file: /star/u/wangzhen/run20/Dielectron/miniTree/output/576A9456E74CDD1B19A67E20E10AF883_633.root
read in 21th file: /star/u/wangzhen/run20/Dielectron/miniTree/output/576A9456E74CDD1B19A67E20E10AF883_634.root
read in 22th file: /star/u/wangzhen/run20/Dielectron/miniTree/output/576A9456E74CDD1B19A67E20E10AF883_635.root
read in 23th file: /star/u/wangzhen/run20/Dielectron/miniTree/output/576A9456E74CDD1B19A67E20E10AF883_636.root
read in 24th file: /star/u/wangzhen/run20/Dielectron/miniTree/output/576A9456E74CDD1B19A67E20E10AF883_637.root
read in 25th file: /star/u/wangzhen/run20/Dielectron/miniTree/output/576A9456E74CDD1B19A67E20E10AF883_638.root
read in 26th file: /star/u/wangzhen/run20/Dielectron/miniTree/output/576A9456E74CDD1B19A67E20E10AF883_639.root
read in 27th file: /star/u/wangzhen/run20/Dielectron/miniTree/output/576A9456E74CDD1B19A67E20E10AF883_640.root
read in 28th file: /star/u/wangzhen/run20/Dielectron/miniTree/output/576A9456E74CDD1B19A67E20E10AF883_641.root
read in 29th file: /star/u/wangzhen/run20/Dielectron/miniTree/output/576A9456E74CDD1B19A67E20E10AF883_642.root
read in 30th file: /star/u/wangzhen/run20/Dielectron/miniTree/output/576A9456E74CDD1B19A67E20E10AF883_643.root
read in 31th file: /star/u/wangzhen/run20/Dielectron/miniTree/output/576A9456E74CDD1B19A67E20E10AF883_644.root
read in 32th file: /star/u/wangzhen/run20/Dielectron/miniTree/output/576A9456E74CDD1B19A67E20E10AF883_645.root
read in 33th file: /star/u/wangzhen/run20/Dielectron/miniTree/output/576A9456E74CDD1B19A67E20E10AF883_646.root
read in 34th file: /star/u/wangzhen/run20/Dielectron/miniTree/output/576A9456E74CDD1B19A67E20E10AF883_647.root
read in 35th file: /star/u/wangzhen/run20/Dielectron/miniTree/output/576A9456E74CDD1B19A67E20E10AF883_648.root
read in 36th file: /star/u/wangzhen/run20/Dielectron/miniTree/output/576A9456E74CDD1B19A67E20E10AF883_649.root
read in 37th file: /star/u/wangzhen/run20/Dielectron/miniTree/output/576A9456E74CDD1B19A67E20E10AF883_650.root
read in 38th file: /star/u/wangzhen/run20/Dielectron/miniTree/output/576A9456E74CDD1B19A67E20E10AF883_651.root
read in 39th file: /star/u/wangzhen/run20/Dielectron/miniTree/output/576A9456E74CDD1B19A67E20E10AF883_652.root
8688700 events
begin 0th entry....
begin 868870th entry....
begin 1737740th entry....
begin 2606610th entry....
begin 3475480th entry....
begin 4344350th entry....
begin 5213220th entry....
begin 6082090th entry....
begin 6950960th entry....
begin 7819830th entry....
size of vector runNumber: 815
21169039
21170008
21170014
21170016
21170018
21170020
21170022
21170023
21170026
21170036
21171003
21171004
21171005
21171008
21171010
21171013
21171016
21171017
21171018
21171024
21171025
21171026
21171027
21171028
21171030
21171031
21171032
21171038
21171040
21171041
21172011
21172012
21172013
21172032
21172033
21173014
21173015
21173017
21173018
21173022
21173024
21173025
21173030
21173031
21174003
21174004
21174005
21174006
21174008
21174009
21174011
21174049
21174050
21174052
21175003
21175007
21175008
21175009
21175025
21175031
21176001
21176003
21176009
21176010
21176011
21176012
21176020
21176021
21176023
21176026
21176029
21177001
21177003
21177004
21177006
21177007
21177008
21177009
21177010
21177012
21177016
21177017
21177018
21177019
21177021
21177022
21177024
21177027
21177030
21177031
21177032
21178003
21178007
21178008
21178009
21178010
21178013
21178028
21178029
21178031
21179001
21179004
21179005
21179006
21179007
21179010
21179011
21179014
21179018
21179019
21179021
21179022
21179024
21179033
21179036
21179037
21179038
21179039
21179040
21180003
21180004
21180005
21180006
21180007
21180008
21180014
21180025
21180026
21180027
21180028
21180031
21180033
21181001
21181002
21181008
21181009
21181011
21181012
21181013
21181015
21181018
21181019
21181020
21181021
21181022
21181023
21181024
21181027
21181028
21181029
21181030
21181031
21181032
21181033
21182003
21182005
21182007
21182011
21182021
21182037
21182041
21182043
21182045
21183001
21183003
21183004
21183013
21183014
21183015
21183017
21183018
21183020
21183023
21184010
21184011
21184013
21184015
21184025
21184027
21184028
21184029
21184034
21185001
21185005
21185008
21185009
21185010
21185011
21185012
21185013
21185019
21185020
21185021
21185037
21186012
21186013
21186014
21186015
21186017
21186018
21186020
21186021
21186022
21186023
21186024
21200017
21200019
21203018
21203019
21204001
21204003
21204004
21204005
21204006
21204007
21204008
21204009
21204010
21204012
21205002
21205003
21205006
21205007
21205008
21205010
21205011
21205012
21205013
21205014
21205016
21205020
21205023
21205025
21205027
21205028
21205030
21205032
21206002
21206003
21206004
21206005
21206016
21206017
21206018
21206019
21206021
21206022
21206023
21206025
21206027
21206028
21206029
21206030
21207002
21207003
21207004
21207005
21207007
21207008
21208027
21208028
21208034
21208037
21208038
21208039
21208041
21208042
21208043
21209001
21209002
21209003
21209004
21209005
21209006
21209007
21209008
21209009
21209010
21209011
21209012
21209013
21209014
21209015
21209019
21209020
21209023
21209027
21209029
21209030
21209031
21209032
21210003
21210004
21210005
21210009
21210010
21210012
21210013
21210014
21210015
21210016
21210046
21210048
21210049
21210050
21210052
21211001
21211002
21211004
21211005
21211007
21211008
21211009
21211010
21211011
21211012
21211014
21211015
21211016
21211018
21211019
21211020
21211021
21212001
21212002
21212009
21212010
21212012
21212015
21212021
21212022
21212023
21212031
21212032
21212033
21212034
21212035
21213001
21213002
21213003
21213004
21213006
21213007
21213008
21213010
21213011
21213013
21213014
21213016
21213017
21213019
21213020
21217001
21217002
21217003
21217004
21217005
21217007
21217008
21217009
21217011
21217017
21217019
21217020
21218001
21218002
21218003
21218006
21218007
21218013
21218015
21218017
21218020
21218021
21218022
21218024
21218025
21219001
21219008
21219011
21219012
21219016
21219018
21219023
21219026
21219029
21219030
21219032
21219033
21220002
21220004
21220007
21220016
21220019
21220023
21220026
21220032
21220033
21220034
21220035
21220037
21220039
21220040
21220041
21221002
21221003
21221004
21221005
21221007
21221008
21221009
21221012
21221013
21221014
21221015
21221018
21221024
21221025
21221026
21221027
21221028
21221029
21221030
21222001
21222002
21222003
21222005
21222006
21222008
21222017
21222018
21222019
21222022
21222023
21222025
21222026
21222029
21222031
21222032
21223003
21223007
21223012
21223014
21223015
21223033
21223034
21223036
21223037
21223038
21223039
21223042
21224001
21224002
21224003
21224004
21224005
21224006
21224007
21224008
21224009
21224012
21224013
21224015
21224020
21224021
21224022
21224024
21224025
21224046
21224049
21224050
21225001
21225004
21225005
21225006
21225007
21225041
21225043
21225044
21225045
21225046
21225047
21225048
21225049
21225050
21226006
21226007
21226008
21226010
21226011
21226012
21226013
21226014
21227004
21227005
21227006
21227007
21227009
21227012
21227013
21227018
21227024
21227025
21227027
21227030
21227035
21227036
21228001
21228003
21228004
21228005
21228006
21228007
21228009
21228010
21228011
21228014
21228015
21228017
21228021
21228022
21228027
21228028
21228030
21229001
21229002
21229003
21229005
21229007
21229011
21229012
21229013
21229015
21229016
21229017
21229018
21229019
21229021
21229027
21229028
21229041
21229042
21229048
21230001
21230002
21230007
21230008
21230009
21230011
21230012
21230013
21230029
21231003
21231004
21231005
21231006
21231009
21231010
21231011
21231013
21231014
21231015
21231016
21231017
21231020
21231021
21231022
21231023
21231024
21231025
21231026
21231027
21231030
21231031
21231032
21231033
21231034
21232004
21232007
21232008
21232012
21232013
21232014
21232015
21233003
21233006
21233008
21233009
21233010
21233012
21233013
21233014
21233021
21233022
21233023
21233024
21233025
21233026
21233027
21233028
21233029
21233031
21233032
21233033
21233035
21233036
21233037
21233038
21233039
21234001
21234003
21234004
21234006
21234007
21234009
21234011
21234015
21234016
21234017
21234018
21234019
21234020
21234021
21234022
21234025
21234026
21234028
21234029
21234030
21234031
21234032
21235001
21235003
21235005
21235006
21235008
21235009
21235014
21235015
21235021
21235022
21235025
21235026
21235027
21235028
21235029
21235033
21235034
21235036
21235037
21235038
21235039
21235040
21235042
21236002
21236004
21236006
21236007
21236008
21236012
21236013
21236017
21236018
21236019
21236021
21236022
21236023
21236024
21236025
21236027
21236028
21236033
21236034
21236035
21237006
21237007
21237009
21237010
21237012
21237021
21237022
21237032
21237034
21237035
21237036
21237037
21237038
21238006
21238009
21238010
21238013
21238014
21238017
21238019
21238020
21238027
21238030
21238032
21238033
21238037
21238046
21239001
21239002
21239003
21239004
21239010
21239011
21239012
21239013
21239014
21239015
21239016
21239018
21239022
21239023
21239024
21239025
21239026
21239028
21239030
21239031
21240001
21240002
21240004
21240005
21240010
21241005
21241008
21241010
21241011
21241012
21241013
21241014
21241015
21241016
21241017
21241018
21241021
21241022
21241026
21241027
21241028
21241029
21241030
21241031
21242001
21242007
21242008
21242012
21242014
21242015
21242016
21242018
21242019
21242020
21242021
21242022
21242023
21242024
21242025
21242026
21242029
21242030
21242031
21242032
21243001
21243002
21243003
21243004
21243005
21243006
21243007
21243008
21243009
21243010
21243012
21243013
21243014
21243015
21243033
21243034
21243038
21243042
21243043
21243044
21243045
21243046
21243047
21243048
21243049
21243050
21244001
21244002
21244003
21244004
21244006
21244007
21244009
21244014
21244022
21244023
21244025
21244028
21244029
21244030
21244031
21244033
21244036
21245001
21245005
21245006
21245007
21245008
21245009
21245010
end of program
