read in 0th file: /star/u/wangzhen/run20/Dielectron/miniTree/output/576A9456E74CDD1B19A67E20E10AF883_835.root
read in 1th file: /star/u/wangzhen/run20/Dielectron/miniTree/output/576A9456E74CDD1B19A67E20E10AF883_836.root
read in 2th file: /star/u/wangzhen/run20/Dielectron/miniTree/output/576A9456E74CDD1B19A67E20E10AF883_837.root
read in 3th file: /star/u/wangzhen/run20/Dielectron/miniTree/output/576A9456E74CDD1B19A67E20E10AF883_838.root
read in 4th file: /star/u/wangzhen/run20/Dielectron/miniTree/output/576A9456E74CDD1B19A67E20E10AF883_839.root
read in 5th file: /star/u/wangzhen/run20/Dielectron/miniTree/output/576A9456E74CDD1B19A67E20E10AF883_83.root
read in 6th file: /star/u/wangzhen/run20/Dielectron/miniTree/output/576A9456E74CDD1B19A67E20E10AF883_840.root
read in 7th file: /star/u/wangzhen/run20/Dielectron/miniTree/output/576A9456E74CDD1B19A67E20E10AF883_841.root
read in 8th file: /star/u/wangzhen/run20/Dielectron/miniTree/output/576A9456E74CDD1B19A67E20E10AF883_842.root
read in 9th file: /star/u/wangzhen/run20/Dielectron/miniTree/output/576A9456E74CDD1B19A67E20E10AF883_843.root
read in 10th file: /star/u/wangzhen/run20/Dielectron/miniTree/output/576A9456E74CDD1B19A67E20E10AF883_844.root
read in 11th file: /star/u/wangzhen/run20/Dielectron/miniTree/output/576A9456E74CDD1B19A67E20E10AF883_845.root
read in 12th file: /star/u/wangzhen/run20/Dielectron/miniTree/output/576A9456E74CDD1B19A67E20E10AF883_846.root
read in 13th file: /star/u/wangzhen/run20/Dielectron/miniTree/output/576A9456E74CDD1B19A67E20E10AF883_847.root
read in 14th file: /star/u/wangzhen/run20/Dielectron/miniTree/output/576A9456E74CDD1B19A67E20E10AF883_848.root
read in 15th file: /star/u/wangzhen/run20/Dielectron/miniTree/output/576A9456E74CDD1B19A67E20E10AF883_849.root
read in 16th file: /star/u/wangzhen/run20/Dielectron/miniTree/output/576A9456E74CDD1B19A67E20E10AF883_84.root
read in 17th file: /star/u/wangzhen/run20/Dielectron/miniTree/output/576A9456E74CDD1B19A67E20E10AF883_850.root
read in 18th file: /star/u/wangzhen/run20/Dielectron/miniTree/output/576A9456E74CDD1B19A67E20E10AF883_851.root
read in 19th file: /star/u/wangzhen/run20/Dielectron/miniTree/output/576A9456E74CDD1B19A67E20E10AF883_852.root
read in 20th file: /star/u/wangzhen/run20/Dielectron/miniTree/output/576A9456E74CDD1B19A67E20E10AF883_853.root
read in 21th file: /star/u/wangzhen/run20/Dielectron/miniTree/output/576A9456E74CDD1B19A67E20E10AF883_854.root
read in 22th file: /star/u/wangzhen/run20/Dielectron/miniTree/output/576A9456E74CDD1B19A67E20E10AF883_855.root
read in 23th file: /star/u/wangzhen/run20/Dielectron/miniTree/output/576A9456E74CDD1B19A67E20E10AF883_856.root
read in 24th file: /star/u/wangzhen/run20/Dielectron/miniTree/output/576A9456E74CDD1B19A67E20E10AF883_857.root
read in 25th file: /star/u/wangzhen/run20/Dielectron/miniTree/output/576A9456E74CDD1B19A67E20E10AF883_858.root
read in 26th file: /star/u/wangzhen/run20/Dielectron/miniTree/output/576A9456E74CDD1B19A67E20E10AF883_859.root
read in 27th file: /star/u/wangzhen/run20/Dielectron/miniTree/output/576A9456E74CDD1B19A67E20E10AF883_85.root
read in 28th file: /star/u/wangzhen/run20/Dielectron/miniTree/output/576A9456E74CDD1B19A67E20E10AF883_860.root
read in 29th file: /star/u/wangzhen/run20/Dielectron/miniTree/output/576A9456E74CDD1B19A67E20E10AF883_861.root
read in 30th file: /star/u/wangzhen/run20/Dielectron/miniTree/output/576A9456E74CDD1B19A67E20E10AF883_862.root
read in 31th file: /star/u/wangzhen/run20/Dielectron/miniTree/output/576A9456E74CDD1B19A67E20E10AF883_863.root
read in 32th file: /star/u/wangzhen/run20/Dielectron/miniTree/output/576A9456E74CDD1B19A67E20E10AF883_864.root
read in 33th file: /star/u/wangzhen/run20/Dielectron/miniTree/output/576A9456E74CDD1B19A67E20E10AF883_865.root
read in 34th file: /star/u/wangzhen/run20/Dielectron/miniTree/output/576A9456E74CDD1B19A67E20E10AF883_866.root
read in 35th file: /star/u/wangzhen/run20/Dielectron/miniTree/output/576A9456E74CDD1B19A67E20E10AF883_867.root
read in 36th file: /star/u/wangzhen/run20/Dielectron/miniTree/output/576A9456E74CDD1B19A67E20E10AF883_868.root
read in 37th file: /star/u/wangzhen/run20/Dielectron/miniTree/output/576A9456E74CDD1B19A67E20E10AF883_869.root
read in 38th file: /star/u/wangzhen/run20/Dielectron/miniTree/output/576A9456E74CDD1B19A67E20E10AF883_86.root
read in 39th file: /star/u/wangzhen/run20/Dielectron/miniTree/output/576A9456E74CDD1B19A67E20E10AF883_870.root
8902890 events
begin 0th entry....
begin 890289th entry....
begin 1780578th entry....
begin 2670867th entry....
begin 3561156th entry....
begin 4451445th entry....
begin 5341734th entry....
begin 6232023th entry....
begin 7122312th entry....
begin 8012601th entry....
size of vector runNumber: 623
21169038
21170013
21170022
21170023
21170024
21171024
21171025
21171026
21171031
21171037
21171038
21171041
21172001
21172002
21172006
21172008
21172009
21172014
21172035
21173003
21173004
21173009
21173012
21173015
21173016
21173019
21173022
21173024
21173026
21173027
21173028
21174002
21174005
21174008
21174009
21174049
21174050
21175003
21175007
21175032
21175033
21175034
21176006
21176010
21176014
21176021
21176023
21176026
21176027
21177003
21177004
21177005
21177006
21177007
21177008
21177011
21177012
21177017
21177018
21177019
21177020
21177021
21177022
21177024
21177028
21177032
21178003
21178007
21178008
21178009
21178010
21178012
21178013
21178028
21178030
21178031
21179004
21179007
21179010
21179014
21179018
21179021
21179022
21179023
21179024
21179033
21179037
21179038
21179039
21179040
21180003
21180004
21180005
21180006
21180007
21180008
21180010
21180012
21180014
21180025
21180026
21180028
21180029
21180030
21180031
21181002
21181005
21181006
21181008
21181009
21181011
21181012
21181013
21181015
21181017
21181018
21181019
21181020
21181021
21181022
21181027
21181028
21181029
21181030
21181031
21181032
21181035
21182001
21182002
21182003
21182005
21182006
21182009
21182021
21182041
21182045
21182047
21182048
21182049
21182050
21182052
21183001
21183003
21183004
21183007
21183013
21183014
21183017
21183018
21183020
21183022
21183023
21184011
21184012
21184014
21184025
21184026
21184027
21184028
21184029
21184030
21184032
21184034
21185002
21185004
21185005
21185006
21185008
21185009
21185010
21185011
21185012
21185013
21185019
21185020
21185021
21185038
21186009
21186010
21186013
21186015
21186019
21186020
21186021
21186022
21186023
21186024
21186026
21186027
21187001
21187002
21187004
21187006
21187008
21187009
21187010
21187015
21187016
21187017
21187020
21187022
21187024
21187025
21187029
21187030
21187031
21188001
21188003
21188005
21188008
21188009
21188010
21188011
21188012
21188013
21188014
21188015
21188016
21188017
21188029
21188030
21188031
21189001
21189002
21189003
21189004
21189005
21189006
21189011
21189012
21189039
21189040
21189041
21190002
21190006
21190008
21190053
21190054
21190055
21190056
21191001
21191002
21191004
21191008
21191039
21192001
21192002
21192007
21192008
21192009
21192010
21192011
21192012
21192013
21192014
21192015
21192017
21192018
21192020
21192022
21192024
21192025
21192026
21193001
21193006
21193007
21193008
21193010
21193011
21193013
21193014
21193018
21193019
21193020
21193021
21193022
21193024
21193025
21193027
21193032
21194002
21194024
21194026
21194027
21194028
21194029
21194030
21194031
21194032
21194033
21194034
21194035
21194036
21195001
21195002
21195003
21195004
21195005
21195007
21195008
21195009
21195010
21195015
21195017
21195018
21195019
21195020
21195023
21195025
21195026
21195027
21195028
21195030
21195031
21195032
21195033
21195034
21195035
21196003
21196004
21196005
21196007
21196008
21196009
21196010
21196011
21196012
21196013
21196014
21197003
21197006
21197007
21197008
21197009
21197010
21197011
21197012
21197013
21198001
21198002
21198003
21198004
21198005
21198006
21198007
21198008
21198009
21198010
21198011
21198012
21198013
21198014
21198015
21198016
21198019
21198020
21198021
21198022
21198023
21198024
21198025
21198026
21198027
21198029
21198030
21198031
21199001
21199002
21199003
21199005
21199006
21199009
21199010
21199011
21199012
21199013
21199015
21199019
21199020
21199021
21199023
21199024
21199025
21199026
21199027
21199028
21199029
21200001
21200003
21200004
21200006
21200007
21200008
21200009
21200010
21200011
21200012
21200013
21200014
21200017
21200018
21200019
21200020
21203017
21203018
21203019
21204001
21204002
21204003
21204004
21204005
21204006
21204007
21204008
21204012
21205003
21205007
21205008
21205013
21205014
21205015
21205016
21205020
21205025
21205028
21205030
21205031
21205032
21206002
21206003
21206005
21206016
21206017
21206018
21206019
21206020
21206021
21206022
21206023
21206025
21206026
21206027
21206028
21206029
21206030
21207002
21207004
21207005
21207007
21207008
21208028
21208034
21208035
21208036
21208037
21208038
21208039
21208040
21208041
21208042
21208043
21237023
21237034
21237035
21237036
21237037
21237038
21238004
21238005
21238006
21238007
21238008
21238010
21238013
21238014
21238015
21238017
21238019
21238020
21238021
21238024
21238025
21238026
21238027
21238028
21238029
21238030
21238031
21238032
21238033
21238037
21238043
21238045
21239001
21239002
21239003
21239004
21239011
21239012
21239013
21239014
21239015
21239016
21239017
21239018
21239019
21239022
21239023
21239024
21239025
21239026
21239027
21239028
21239029
21239030
21239031
21240002
21240003
21240004
21240005
21240006
21240009
21240010
21241005
21241006
21241007
21241008
21241009
21241010
21241011
21241012
21241013
21241014
21241015
21241016
21241017
21241018
21241021
21241022
21241025
21241026
21241027
21241028
21241029
21241030
21241031
21241032
21242001
21242007
21242008
21242011
21242012
21242014
21242016
21242017
21242018
21242019
21242020
21242022
21242023
21242025
21242026
21242027
21242029
21242030
21242031
21242032
21242033
21243001
21243002
21243003
21243004
21243005
21243006
21243007
21243008
21243009
21243010
21243012
21243013
21243014
21243015
21243016
21243034
21243038
21243042
21243043
21243044
21243045
21243046
21243047
21243048
21243049
21243050
21244001
21244003
21244004
21244006
21244007
21244008
21244009
21244010
21244011
21244012
21244013
21244014
21244023
21244025
21244026
21244028
21244029
21244030
21244031
21244032
21244033
21244034
21244036
21245001
21245005
21245006
21245007
21245009
21245010
end of program
